   1              		.syntax unified
   2              		.cpu cortex-m4
   3              		.eabi_attribute 27, 3
   4              		.fpu fpv4-sp-d16
   5              		.eabi_attribute 20, 1
   6              		.eabi_attribute 21, 1
   7              		.eabi_attribute 23, 3
   8              		.eabi_attribute 24, 1
   9              		.eabi_attribute 25, 1
  10              		.eabi_attribute 26, 1
  11              		.eabi_attribute 30, 6
  12              		.eabi_attribute 18, 4
  13              		.thumb
  14              		.file	"stm32f4xx_gpio.c"
  22              	.Ltext0:
  23              		.cfi_sections	.debug_frame
  24              		.section	.text.GPIO_DeInit,"ax",%progbits
  25              		.align	2
  26              		.global	GPIO_DeInit
  27              		.thumb
  28              		.thumb_func
  30              	GPIO_DeInit:
  31              	.LFB110:
  32              		.file 1 "libs/STM32F4xx_StdPeriph_Driver/src/stm32f4xx_gpio.c"
   1:libs/STM32F4xx_StdPeriph_Driver/src/stm32f4xx_gpio.c **** /**
   2:libs/STM32F4xx_StdPeriph_Driver/src/stm32f4xx_gpio.c ****   ******************************************************************************
   3:libs/STM32F4xx_StdPeriph_Driver/src/stm32f4xx_gpio.c ****   * @file    stm32f4xx_gpio.c
   4:libs/STM32F4xx_StdPeriph_Driver/src/stm32f4xx_gpio.c ****   * @author  MCD Application Team
   5:libs/STM32F4xx_StdPeriph_Driver/src/stm32f4xx_gpio.c ****   * @version V1.0.0RC1
   6:libs/STM32F4xx_StdPeriph_Driver/src/stm32f4xx_gpio.c ****   * @date    25-August-2011
   7:libs/STM32F4xx_StdPeriph_Driver/src/stm32f4xx_gpio.c ****   * @brief   This file provides firmware functions to manage the following 
   8:libs/STM32F4xx_StdPeriph_Driver/src/stm32f4xx_gpio.c ****   *          functionalities of the GPIO peripheral:           
   9:libs/STM32F4xx_StdPeriph_Driver/src/stm32f4xx_gpio.c ****   *           - Initialization and Configuration
  10:libs/STM32F4xx_StdPeriph_Driver/src/stm32f4xx_gpio.c ****   *           - GPIO Read and Write
  11:libs/STM32F4xx_StdPeriph_Driver/src/stm32f4xx_gpio.c ****   *           - GPIO Alternate functions configuration
  12:libs/STM32F4xx_StdPeriph_Driver/src/stm32f4xx_gpio.c ****   * 
  13:libs/STM32F4xx_StdPeriph_Driver/src/stm32f4xx_gpio.c ****   *  @verbatim
  14:libs/STM32F4xx_StdPeriph_Driver/src/stm32f4xx_gpio.c ****   *
  15:libs/STM32F4xx_StdPeriph_Driver/src/stm32f4xx_gpio.c ****   *          ===================================================================
  16:libs/STM32F4xx_StdPeriph_Driver/src/stm32f4xx_gpio.c ****   *                                 How to use this driver
  17:libs/STM32F4xx_StdPeriph_Driver/src/stm32f4xx_gpio.c ****   *          ===================================================================       
  18:libs/STM32F4xx_StdPeriph_Driver/src/stm32f4xx_gpio.c ****   *           1. Enable the GPIO AHB clock using the following function
  19:libs/STM32F4xx_StdPeriph_Driver/src/stm32f4xx_gpio.c ****   *                RCC_AHB1PeriphClockCmd(RCC_AHB1Periph_GPIOx, ENABLE);
  20:libs/STM32F4xx_StdPeriph_Driver/src/stm32f4xx_gpio.c ****   *             
  21:libs/STM32F4xx_StdPeriph_Driver/src/stm32f4xx_gpio.c ****   *           2. Configure the GPIO pin(s) using GPIO_Init()
  22:libs/STM32F4xx_StdPeriph_Driver/src/stm32f4xx_gpio.c ****   *              Four possible configuration are available for each pin:
  23:libs/STM32F4xx_StdPeriph_Driver/src/stm32f4xx_gpio.c ****   *                - Input: Floating, Pull-up, Pull-down.
  24:libs/STM32F4xx_StdPeriph_Driver/src/stm32f4xx_gpio.c ****   *                - Output: Push-Pull (Pull-up, Pull-down or no Pull)
  25:libs/STM32F4xx_StdPeriph_Driver/src/stm32f4xx_gpio.c ****   *                          Open Drain (Pull-up, Pull-down or no Pull).
  26:libs/STM32F4xx_StdPeriph_Driver/src/stm32f4xx_gpio.c ****   *                  In output mode, the speed is configurable: 2 MHz, 25 MHz,
  27:libs/STM32F4xx_StdPeriph_Driver/src/stm32f4xx_gpio.c ****   *                  50 MHz or 100 MHz.
  28:libs/STM32F4xx_StdPeriph_Driver/src/stm32f4xx_gpio.c ****   *                - Alternate Function: Push-Pull (Pull-up, Pull-down or no Pull)
  29:libs/STM32F4xx_StdPeriph_Driver/src/stm32f4xx_gpio.c ****   *                                      Open Drain (Pull-up, Pull-down or no Pull).
  30:libs/STM32F4xx_StdPeriph_Driver/src/stm32f4xx_gpio.c ****   *                - Analog: required mode when a pin is to be used as ADC channel
  31:libs/STM32F4xx_StdPeriph_Driver/src/stm32f4xx_gpio.c ****   *                          or DAC output.
  32:libs/STM32F4xx_StdPeriph_Driver/src/stm32f4xx_gpio.c ****   * 
  33:libs/STM32F4xx_StdPeriph_Driver/src/stm32f4xx_gpio.c ****   *          3- Peripherals alternate function:
  34:libs/STM32F4xx_StdPeriph_Driver/src/stm32f4xx_gpio.c ****   *              - For ADC and DAC, configure the desired pin in analog mode using 
  35:libs/STM32F4xx_StdPeriph_Driver/src/stm32f4xx_gpio.c ****   *                  GPIO_InitStruct->GPIO_Mode = GPIO_Mode_AN;
  36:libs/STM32F4xx_StdPeriph_Driver/src/stm32f4xx_gpio.c ****   *              - For other peripherals (TIM, USART...):
  37:libs/STM32F4xx_StdPeriph_Driver/src/stm32f4xx_gpio.c ****   *                 - Connect the pin to the desired peripherals' Alternate 
  38:libs/STM32F4xx_StdPeriph_Driver/src/stm32f4xx_gpio.c ****   *                   Function (AF) using GPIO_PinAFConfig() function
  39:libs/STM32F4xx_StdPeriph_Driver/src/stm32f4xx_gpio.c ****   *                 - Configure the desired pin in alternate function mode using
  40:libs/STM32F4xx_StdPeriph_Driver/src/stm32f4xx_gpio.c ****   *                   GPIO_InitStruct->GPIO_Mode = GPIO_Mode_AF
  41:libs/STM32F4xx_StdPeriph_Driver/src/stm32f4xx_gpio.c ****   *                 - Select the type, pull-up/pull-down and output speed via 
  42:libs/STM32F4xx_StdPeriph_Driver/src/stm32f4xx_gpio.c ****   *                   GPIO_PuPd, GPIO_OType and GPIO_Speed members
  43:libs/STM32F4xx_StdPeriph_Driver/src/stm32f4xx_gpio.c ****   *                 - Call GPIO_Init() function
  44:libs/STM32F4xx_StdPeriph_Driver/src/stm32f4xx_gpio.c ****   *        
  45:libs/STM32F4xx_StdPeriph_Driver/src/stm32f4xx_gpio.c ****   *          4. To get the level of a pin configured in input mode use GPIO_ReadInputDataBit()
  46:libs/STM32F4xx_StdPeriph_Driver/src/stm32f4xx_gpio.c ****   *          
  47:libs/STM32F4xx_StdPeriph_Driver/src/stm32f4xx_gpio.c ****   *          5. To set/reset the level of a pin configured in output mode use
  48:libs/STM32F4xx_StdPeriph_Driver/src/stm32f4xx_gpio.c ****   *             GPIO_SetBits()/GPIO_ResetBits()
  49:libs/STM32F4xx_StdPeriph_Driver/src/stm32f4xx_gpio.c ****   *               
  50:libs/STM32F4xx_StdPeriph_Driver/src/stm32f4xx_gpio.c ****   *          6. During and just after reset, the alternate functions are not 
  51:libs/STM32F4xx_StdPeriph_Driver/src/stm32f4xx_gpio.c ****   *             active and the GPIO pins are configured in input floating mode
  52:libs/STM32F4xx_StdPeriph_Driver/src/stm32f4xx_gpio.c ****   *             (except JTAG pins).
  53:libs/STM32F4xx_StdPeriph_Driver/src/stm32f4xx_gpio.c ****   *
  54:libs/STM32F4xx_StdPeriph_Driver/src/stm32f4xx_gpio.c ****   *          7. The LSE oscillator pins OSC32_IN and OSC32_OUT can be used as 
  55:libs/STM32F4xx_StdPeriph_Driver/src/stm32f4xx_gpio.c ****   *             general-purpose (PC14 and PC15, respectively) when the LSE
  56:libs/STM32F4xx_StdPeriph_Driver/src/stm32f4xx_gpio.c ****   *             oscillator is off. The LSE has priority over the GPIO function.
  57:libs/STM32F4xx_StdPeriph_Driver/src/stm32f4xx_gpio.c ****   *
  58:libs/STM32F4xx_StdPeriph_Driver/src/stm32f4xx_gpio.c ****   *          8. The HSE oscillator pins OSC_IN/OSC_OUT can be used as 
  59:libs/STM32F4xx_StdPeriph_Driver/src/stm32f4xx_gpio.c ****   *             general-purpose PH0 and PH1, respectively, when the HSE 
  60:libs/STM32F4xx_StdPeriph_Driver/src/stm32f4xx_gpio.c ****   *             oscillator is off. The HSE has priority over the GPIO function.
  61:libs/STM32F4xx_StdPeriph_Driver/src/stm32f4xx_gpio.c ****   *             
  62:libs/STM32F4xx_StdPeriph_Driver/src/stm32f4xx_gpio.c ****   *  @endverbatim        
  63:libs/STM32F4xx_StdPeriph_Driver/src/stm32f4xx_gpio.c ****   *
  64:libs/STM32F4xx_StdPeriph_Driver/src/stm32f4xx_gpio.c ****   ******************************************************************************
  65:libs/STM32F4xx_StdPeriph_Driver/src/stm32f4xx_gpio.c ****   * @attention
  66:libs/STM32F4xx_StdPeriph_Driver/src/stm32f4xx_gpio.c ****   *
  67:libs/STM32F4xx_StdPeriph_Driver/src/stm32f4xx_gpio.c ****   * THE PRESENT FIRMWARE WHICH IS FOR GUIDANCE ONLY AIMS AT PROVIDING CUSTOMERS
  68:libs/STM32F4xx_StdPeriph_Driver/src/stm32f4xx_gpio.c ****   * WITH CODING INFORMATION REGARDING THEIR PRODUCTS IN ORDER FOR THEM TO SAVE
  69:libs/STM32F4xx_StdPeriph_Driver/src/stm32f4xx_gpio.c ****   * TIME. AS A RESULT, STMICROELECTRONICS SHALL NOT BE HELD LIABLE FOR ANY
  70:libs/STM32F4xx_StdPeriph_Driver/src/stm32f4xx_gpio.c ****   * DIRECT, INDIRECT OR CONSEQUENTIAL DAMAGES WITH RESPECT TO ANY CLAIMS ARISING
  71:libs/STM32F4xx_StdPeriph_Driver/src/stm32f4xx_gpio.c ****   * FROM THE CONTENT OF SUCH FIRMWARE AND/OR THE USE MADE BY CUSTOMERS OF THE
  72:libs/STM32F4xx_StdPeriph_Driver/src/stm32f4xx_gpio.c ****   * CODING INFORMATION CONTAINED HEREIN IN CONNECTION WITH THEIR PRODUCTS.
  73:libs/STM32F4xx_StdPeriph_Driver/src/stm32f4xx_gpio.c ****   *
  74:libs/STM32F4xx_StdPeriph_Driver/src/stm32f4xx_gpio.c ****   * <h2><center>&copy; COPYRIGHT 2011 STMicroelectronics</center></h2>
  75:libs/STM32F4xx_StdPeriph_Driver/src/stm32f4xx_gpio.c ****   ******************************************************************************
  76:libs/STM32F4xx_StdPeriph_Driver/src/stm32f4xx_gpio.c ****   */
  77:libs/STM32F4xx_StdPeriph_Driver/src/stm32f4xx_gpio.c **** 
  78:libs/STM32F4xx_StdPeriph_Driver/src/stm32f4xx_gpio.c **** /* Includes ------------------------------------------------------------------*/
  79:libs/STM32F4xx_StdPeriph_Driver/src/stm32f4xx_gpio.c **** #include "stm32f4xx_gpio.h"
  80:libs/STM32F4xx_StdPeriph_Driver/src/stm32f4xx_gpio.c **** #include "stm32f4xx_rcc.h"
  81:libs/STM32F4xx_StdPeriph_Driver/src/stm32f4xx_gpio.c **** 
  82:libs/STM32F4xx_StdPeriph_Driver/src/stm32f4xx_gpio.c **** /** @addtogroup STM32F4xx_StdPeriph_Driver
  83:libs/STM32F4xx_StdPeriph_Driver/src/stm32f4xx_gpio.c ****   * @{
  84:libs/STM32F4xx_StdPeriph_Driver/src/stm32f4xx_gpio.c ****   */
  85:libs/STM32F4xx_StdPeriph_Driver/src/stm32f4xx_gpio.c **** 
  86:libs/STM32F4xx_StdPeriph_Driver/src/stm32f4xx_gpio.c **** /** @defgroup GPIO 
  87:libs/STM32F4xx_StdPeriph_Driver/src/stm32f4xx_gpio.c ****   * @brief GPIO driver modules
  88:libs/STM32F4xx_StdPeriph_Driver/src/stm32f4xx_gpio.c ****   * @{
  89:libs/STM32F4xx_StdPeriph_Driver/src/stm32f4xx_gpio.c ****   */ 
  90:libs/STM32F4xx_StdPeriph_Driver/src/stm32f4xx_gpio.c **** 
  91:libs/STM32F4xx_StdPeriph_Driver/src/stm32f4xx_gpio.c **** /* Private typedef -----------------------------------------------------------*/
  92:libs/STM32F4xx_StdPeriph_Driver/src/stm32f4xx_gpio.c **** /* Private define ------------------------------------------------------------*/
  93:libs/STM32F4xx_StdPeriph_Driver/src/stm32f4xx_gpio.c **** /* Private macro -------------------------------------------------------------*/
  94:libs/STM32F4xx_StdPeriph_Driver/src/stm32f4xx_gpio.c **** /* Private variables ---------------------------------------------------------*/
  95:libs/STM32F4xx_StdPeriph_Driver/src/stm32f4xx_gpio.c **** /* Private function prototypes -----------------------------------------------*/
  96:libs/STM32F4xx_StdPeriph_Driver/src/stm32f4xx_gpio.c **** /* Private functions ---------------------------------------------------------*/
  97:libs/STM32F4xx_StdPeriph_Driver/src/stm32f4xx_gpio.c **** 
  98:libs/STM32F4xx_StdPeriph_Driver/src/stm32f4xx_gpio.c **** /** @defgroup GPIO_Private_Functions
  99:libs/STM32F4xx_StdPeriph_Driver/src/stm32f4xx_gpio.c ****   * @{
 100:libs/STM32F4xx_StdPeriph_Driver/src/stm32f4xx_gpio.c ****   */ 
 101:libs/STM32F4xx_StdPeriph_Driver/src/stm32f4xx_gpio.c **** 
 102:libs/STM32F4xx_StdPeriph_Driver/src/stm32f4xx_gpio.c **** /** @defgroup GPIO_Group1 Initialization and Configuration
 103:libs/STM32F4xx_StdPeriph_Driver/src/stm32f4xx_gpio.c ****  *  @brief   Initialization and Configuration
 104:libs/STM32F4xx_StdPeriph_Driver/src/stm32f4xx_gpio.c ****  *
 105:libs/STM32F4xx_StdPeriph_Driver/src/stm32f4xx_gpio.c **** @verbatim   
 106:libs/STM32F4xx_StdPeriph_Driver/src/stm32f4xx_gpio.c ****  ===============================================================================
 107:libs/STM32F4xx_StdPeriph_Driver/src/stm32f4xx_gpio.c ****                         Initialization and Configuration
 108:libs/STM32F4xx_StdPeriph_Driver/src/stm32f4xx_gpio.c ****  ===============================================================================  
 109:libs/STM32F4xx_StdPeriph_Driver/src/stm32f4xx_gpio.c **** 
 110:libs/STM32F4xx_StdPeriph_Driver/src/stm32f4xx_gpio.c **** @endverbatim
 111:libs/STM32F4xx_StdPeriph_Driver/src/stm32f4xx_gpio.c ****   * @{
 112:libs/STM32F4xx_StdPeriph_Driver/src/stm32f4xx_gpio.c ****   */
 113:libs/STM32F4xx_StdPeriph_Driver/src/stm32f4xx_gpio.c **** 
 114:libs/STM32F4xx_StdPeriph_Driver/src/stm32f4xx_gpio.c **** /**
 115:libs/STM32F4xx_StdPeriph_Driver/src/stm32f4xx_gpio.c ****   * @brief  Deinitializes the GPIOx peripheral registers to their default reset values.
 116:libs/STM32F4xx_StdPeriph_Driver/src/stm32f4xx_gpio.c ****   * @note   By default, The GPIO pins are configured in input floating mode (except JTAG pins).
 117:libs/STM32F4xx_StdPeriph_Driver/src/stm32f4xx_gpio.c ****   * @param  GPIOx: where x can be (A..I) to select the GPIO peripheral.
 118:libs/STM32F4xx_StdPeriph_Driver/src/stm32f4xx_gpio.c ****   * @retval None
 119:libs/STM32F4xx_StdPeriph_Driver/src/stm32f4xx_gpio.c ****   */
 120:libs/STM32F4xx_StdPeriph_Driver/src/stm32f4xx_gpio.c **** void GPIO_DeInit(GPIO_TypeDef* GPIOx)
 121:libs/STM32F4xx_StdPeriph_Driver/src/stm32f4xx_gpio.c **** {
  33              		.loc 1 121 0
  34              		.cfi_startproc
  35              		@ args = 0, pretend = 0, frame = 8
  36              		@ frame_needed = 1, uses_anonymous_args = 0
  37 0000 80B5     		push	{r7, lr}
  38              	.LCFI0:
  39              		.cfi_def_cfa_offset 8
  40 0002 82B0     		sub	sp, sp, #8
  41              	.LCFI1:
  42              		.cfi_def_cfa_offset 16
  43 0004 00AF     		add	r7, sp, #0
  44              		.cfi_offset 14, -4
  45              		.cfi_offset 7, -8
  46              	.LCFI2:
  47              		.cfi_def_cfa_register 7
  48 0006 7860     		str	r0, [r7, #4]
 122:libs/STM32F4xx_StdPeriph_Driver/src/stm32f4xx_gpio.c ****   /* Check the parameters */
 123:libs/STM32F4xx_StdPeriph_Driver/src/stm32f4xx_gpio.c ****   assert_param(IS_GPIO_ALL_PERIPH(GPIOx));
 124:libs/STM32F4xx_StdPeriph_Driver/src/stm32f4xx_gpio.c **** 
 125:libs/STM32F4xx_StdPeriph_Driver/src/stm32f4xx_gpio.c ****   if (GPIOx == GPIOA)
  49              		.loc 1 125 0
  50 0008 7A68     		ldr	r2, [r7, #4]
  51 000a 4D4B     		ldr	r3, .L11
  52 000c 9A42     		cmp	r2, r3
  53 000e 0CD1     		bne	.L2
 126:libs/STM32F4xx_StdPeriph_Driver/src/stm32f4xx_gpio.c ****   {
 127:libs/STM32F4xx_StdPeriph_Driver/src/stm32f4xx_gpio.c ****     RCC_AHB1PeriphResetCmd(RCC_AHB1Periph_GPIOA, ENABLE);
  54              		.loc 1 127 0
  55 0010 4FF00100 		mov	r0, #1
  56 0014 4FF00101 		mov	r1, #1
  57 0018 FFF7FEFF 		bl	RCC_AHB1PeriphResetCmd
 128:libs/STM32F4xx_StdPeriph_Driver/src/stm32f4xx_gpio.c ****     RCC_AHB1PeriphResetCmd(RCC_AHB1Periph_GPIOA, DISABLE);
  58              		.loc 1 128 0
  59 001c 4FF00100 		mov	r0, #1
  60 0020 4FF00001 		mov	r1, #0
  61 0024 FFF7FEFF 		bl	RCC_AHB1PeriphResetCmd
  62 0028 86E0     		b	.L1
  63              	.L2:
 129:libs/STM32F4xx_StdPeriph_Driver/src/stm32f4xx_gpio.c ****   }
 130:libs/STM32F4xx_StdPeriph_Driver/src/stm32f4xx_gpio.c ****   else if (GPIOx == GPIOB)
  64              		.loc 1 130 0
  65 002a 7A68     		ldr	r2, [r7, #4]
  66 002c 454B     		ldr	r3, .L11+4
  67 002e 9A42     		cmp	r2, r3
  68 0030 0CD1     		bne	.L4
 131:libs/STM32F4xx_StdPeriph_Driver/src/stm32f4xx_gpio.c ****   {
 132:libs/STM32F4xx_StdPeriph_Driver/src/stm32f4xx_gpio.c ****     RCC_AHB1PeriphResetCmd(RCC_AHB1Periph_GPIOB, ENABLE);
  69              		.loc 1 132 0
  70 0032 4FF00200 		mov	r0, #2
  71 0036 4FF00101 		mov	r1, #1
  72 003a FFF7FEFF 		bl	RCC_AHB1PeriphResetCmd
 133:libs/STM32F4xx_StdPeriph_Driver/src/stm32f4xx_gpio.c ****     RCC_AHB1PeriphResetCmd(RCC_AHB1Periph_GPIOB, DISABLE);
  73              		.loc 1 133 0
  74 003e 4FF00200 		mov	r0, #2
  75 0042 4FF00001 		mov	r1, #0
  76 0046 FFF7FEFF 		bl	RCC_AHB1PeriphResetCmd
  77 004a 75E0     		b	.L1
  78              	.L4:
 134:libs/STM32F4xx_StdPeriph_Driver/src/stm32f4xx_gpio.c ****   }
 135:libs/STM32F4xx_StdPeriph_Driver/src/stm32f4xx_gpio.c ****   else if (GPIOx == GPIOC)
  79              		.loc 1 135 0
  80 004c 7A68     		ldr	r2, [r7, #4]
  81 004e 3E4B     		ldr	r3, .L11+8
  82 0050 9A42     		cmp	r2, r3
  83 0052 0CD1     		bne	.L5
 136:libs/STM32F4xx_StdPeriph_Driver/src/stm32f4xx_gpio.c ****   {
 137:libs/STM32F4xx_StdPeriph_Driver/src/stm32f4xx_gpio.c ****     RCC_AHB1PeriphResetCmd(RCC_AHB1Periph_GPIOC, ENABLE);
  84              		.loc 1 137 0
  85 0054 4FF00400 		mov	r0, #4
  86 0058 4FF00101 		mov	r1, #1
  87 005c FFF7FEFF 		bl	RCC_AHB1PeriphResetCmd
 138:libs/STM32F4xx_StdPeriph_Driver/src/stm32f4xx_gpio.c ****     RCC_AHB1PeriphResetCmd(RCC_AHB1Periph_GPIOC, DISABLE);
  88              		.loc 1 138 0
  89 0060 4FF00400 		mov	r0, #4
  90 0064 4FF00001 		mov	r1, #0
  91 0068 FFF7FEFF 		bl	RCC_AHB1PeriphResetCmd
  92 006c 64E0     		b	.L1
  93              	.L5:
 139:libs/STM32F4xx_StdPeriph_Driver/src/stm32f4xx_gpio.c ****   }
 140:libs/STM32F4xx_StdPeriph_Driver/src/stm32f4xx_gpio.c ****   else if (GPIOx == GPIOD)
  94              		.loc 1 140 0
  95 006e 7A68     		ldr	r2, [r7, #4]
  96 0070 364B     		ldr	r3, .L11+12
  97 0072 9A42     		cmp	r2, r3
  98 0074 0CD1     		bne	.L6
 141:libs/STM32F4xx_StdPeriph_Driver/src/stm32f4xx_gpio.c ****   {
 142:libs/STM32F4xx_StdPeriph_Driver/src/stm32f4xx_gpio.c ****     RCC_AHB1PeriphResetCmd(RCC_AHB1Periph_GPIOD, ENABLE);
  99              		.loc 1 142 0
 100 0076 4FF00800 		mov	r0, #8
 101 007a 4FF00101 		mov	r1, #1
 102 007e FFF7FEFF 		bl	RCC_AHB1PeriphResetCmd
 143:libs/STM32F4xx_StdPeriph_Driver/src/stm32f4xx_gpio.c ****     RCC_AHB1PeriphResetCmd(RCC_AHB1Periph_GPIOD, DISABLE);
 103              		.loc 1 143 0
 104 0082 4FF00800 		mov	r0, #8
 105 0086 4FF00001 		mov	r1, #0
 106 008a FFF7FEFF 		bl	RCC_AHB1PeriphResetCmd
 107 008e 53E0     		b	.L1
 108              	.L6:
 144:libs/STM32F4xx_StdPeriph_Driver/src/stm32f4xx_gpio.c ****   }
 145:libs/STM32F4xx_StdPeriph_Driver/src/stm32f4xx_gpio.c ****   else if (GPIOx == GPIOE)
 109              		.loc 1 145 0
 110 0090 7A68     		ldr	r2, [r7, #4]
 111 0092 2F4B     		ldr	r3, .L11+16
 112 0094 9A42     		cmp	r2, r3
 113 0096 0CD1     		bne	.L7
 146:libs/STM32F4xx_StdPeriph_Driver/src/stm32f4xx_gpio.c ****   {
 147:libs/STM32F4xx_StdPeriph_Driver/src/stm32f4xx_gpio.c ****     RCC_AHB1PeriphResetCmd(RCC_AHB1Periph_GPIOE, ENABLE);
 114              		.loc 1 147 0
 115 0098 4FF01000 		mov	r0, #16
 116 009c 4FF00101 		mov	r1, #1
 117 00a0 FFF7FEFF 		bl	RCC_AHB1PeriphResetCmd
 148:libs/STM32F4xx_StdPeriph_Driver/src/stm32f4xx_gpio.c ****     RCC_AHB1PeriphResetCmd(RCC_AHB1Periph_GPIOE, DISABLE);
 118              		.loc 1 148 0
 119 00a4 4FF01000 		mov	r0, #16
 120 00a8 4FF00001 		mov	r1, #0
 121 00ac FFF7FEFF 		bl	RCC_AHB1PeriphResetCmd
 122 00b0 42E0     		b	.L1
 123              	.L7:
 149:libs/STM32F4xx_StdPeriph_Driver/src/stm32f4xx_gpio.c ****   }
 150:libs/STM32F4xx_StdPeriph_Driver/src/stm32f4xx_gpio.c ****   else if (GPIOx == GPIOF)
 124              		.loc 1 150 0
 125 00b2 7A68     		ldr	r2, [r7, #4]
 126 00b4 274B     		ldr	r3, .L11+20
 127 00b6 9A42     		cmp	r2, r3
 128 00b8 0CD1     		bne	.L8
 151:libs/STM32F4xx_StdPeriph_Driver/src/stm32f4xx_gpio.c ****   {
 152:libs/STM32F4xx_StdPeriph_Driver/src/stm32f4xx_gpio.c ****     RCC_AHB1PeriphResetCmd(RCC_AHB1Periph_GPIOF, ENABLE);
 129              		.loc 1 152 0
 130 00ba 4FF02000 		mov	r0, #32
 131 00be 4FF00101 		mov	r1, #1
 132 00c2 FFF7FEFF 		bl	RCC_AHB1PeriphResetCmd
 153:libs/STM32F4xx_StdPeriph_Driver/src/stm32f4xx_gpio.c ****     RCC_AHB1PeriphResetCmd(RCC_AHB1Periph_GPIOF, DISABLE);
 133              		.loc 1 153 0
 134 00c6 4FF02000 		mov	r0, #32
 135 00ca 4FF00001 		mov	r1, #0
 136 00ce FFF7FEFF 		bl	RCC_AHB1PeriphResetCmd
 137 00d2 31E0     		b	.L1
 138              	.L8:
 154:libs/STM32F4xx_StdPeriph_Driver/src/stm32f4xx_gpio.c ****   }
 155:libs/STM32F4xx_StdPeriph_Driver/src/stm32f4xx_gpio.c ****   else if (GPIOx == GPIOG)
 139              		.loc 1 155 0
 140 00d4 7A68     		ldr	r2, [r7, #4]
 141 00d6 204B     		ldr	r3, .L11+24
 142 00d8 9A42     		cmp	r2, r3
 143 00da 0CD1     		bne	.L9
 156:libs/STM32F4xx_StdPeriph_Driver/src/stm32f4xx_gpio.c ****   {
 157:libs/STM32F4xx_StdPeriph_Driver/src/stm32f4xx_gpio.c ****     RCC_AHB1PeriphResetCmd(RCC_AHB1Periph_GPIOG, ENABLE);
 144              		.loc 1 157 0
 145 00dc 4FF04000 		mov	r0, #64
 146 00e0 4FF00101 		mov	r1, #1
 147 00e4 FFF7FEFF 		bl	RCC_AHB1PeriphResetCmd
 158:libs/STM32F4xx_StdPeriph_Driver/src/stm32f4xx_gpio.c ****     RCC_AHB1PeriphResetCmd(RCC_AHB1Periph_GPIOG, DISABLE);
 148              		.loc 1 158 0
 149 00e8 4FF04000 		mov	r0, #64
 150 00ec 4FF00001 		mov	r1, #0
 151 00f0 FFF7FEFF 		bl	RCC_AHB1PeriphResetCmd
 152 00f4 20E0     		b	.L1
 153              	.L9:
 159:libs/STM32F4xx_StdPeriph_Driver/src/stm32f4xx_gpio.c ****   }
 160:libs/STM32F4xx_StdPeriph_Driver/src/stm32f4xx_gpio.c ****   else if (GPIOx == GPIOH)
 154              		.loc 1 160 0
 155 00f6 7A68     		ldr	r2, [r7, #4]
 156 00f8 184B     		ldr	r3, .L11+28
 157 00fa 9A42     		cmp	r2, r3
 158 00fc 0CD1     		bne	.L10
 161:libs/STM32F4xx_StdPeriph_Driver/src/stm32f4xx_gpio.c ****   {
 162:libs/STM32F4xx_StdPeriph_Driver/src/stm32f4xx_gpio.c ****     RCC_AHB1PeriphResetCmd(RCC_AHB1Periph_GPIOH, ENABLE);
 159              		.loc 1 162 0
 160 00fe 4FF08000 		mov	r0, #128
 161 0102 4FF00101 		mov	r1, #1
 162 0106 FFF7FEFF 		bl	RCC_AHB1PeriphResetCmd
 163:libs/STM32F4xx_StdPeriph_Driver/src/stm32f4xx_gpio.c ****     RCC_AHB1PeriphResetCmd(RCC_AHB1Periph_GPIOH, DISABLE);
 163              		.loc 1 163 0
 164 010a 4FF08000 		mov	r0, #128
 165 010e 4FF00001 		mov	r1, #0
 166 0112 FFF7FEFF 		bl	RCC_AHB1PeriphResetCmd
 167 0116 0FE0     		b	.L1
 168              	.L10:
 164:libs/STM32F4xx_StdPeriph_Driver/src/stm32f4xx_gpio.c ****   }
 165:libs/STM32F4xx_StdPeriph_Driver/src/stm32f4xx_gpio.c ****   else
 166:libs/STM32F4xx_StdPeriph_Driver/src/stm32f4xx_gpio.c ****   {
 167:libs/STM32F4xx_StdPeriph_Driver/src/stm32f4xx_gpio.c ****     if (GPIOx == GPIOI)
 169              		.loc 1 167 0
 170 0118 7A68     		ldr	r2, [r7, #4]
 171 011a 114B     		ldr	r3, .L11+32
 172 011c 9A42     		cmp	r2, r3
 173 011e 0BD1     		bne	.L1
 168:libs/STM32F4xx_StdPeriph_Driver/src/stm32f4xx_gpio.c ****     {
 169:libs/STM32F4xx_StdPeriph_Driver/src/stm32f4xx_gpio.c ****       RCC_AHB1PeriphResetCmd(RCC_AHB1Periph_GPIOI, ENABLE);
 174              		.loc 1 169 0
 175 0120 4FF48070 		mov	r0, #256
 176 0124 4FF00101 		mov	r1, #1
 177 0128 FFF7FEFF 		bl	RCC_AHB1PeriphResetCmd
 170:libs/STM32F4xx_StdPeriph_Driver/src/stm32f4xx_gpio.c ****       RCC_AHB1PeriphResetCmd(RCC_AHB1Periph_GPIOI, DISABLE);
 178              		.loc 1 170 0
 179 012c 4FF48070 		mov	r0, #256
 180 0130 4FF00001 		mov	r1, #0
 181 0134 FFF7FEFF 		bl	RCC_AHB1PeriphResetCmd
 182              	.L1:
 171:libs/STM32F4xx_StdPeriph_Driver/src/stm32f4xx_gpio.c ****     }
 172:libs/STM32F4xx_StdPeriph_Driver/src/stm32f4xx_gpio.c ****   }
 173:libs/STM32F4xx_StdPeriph_Driver/src/stm32f4xx_gpio.c **** }
 183              		.loc 1 173 0
 184 0138 07F10807 		add	r7, r7, #8
 185 013c BD46     		mov	sp, r7
 186 013e 80BD     		pop	{r7, pc}
 187              	.L12:
 188              		.align	2
 189              	.L11:
 190 0140 00000240 		.word	1073872896
 191 0144 00040240 		.word	1073873920
 192 0148 00080240 		.word	1073874944
 193 014c 000C0240 		.word	1073875968
 194 0150 00100240 		.word	1073876992
 195 0154 00140240 		.word	1073878016
 196 0158 00180240 		.word	1073879040
 197 015c 001C0240 		.word	1073880064
 198 0160 00200240 		.word	1073881088
 199              		.cfi_endproc
 200              	.LFE110:
 202              		.section	.text.GPIO_Init,"ax",%progbits
 203              		.align	2
 204              		.global	GPIO_Init
 205              		.thumb
 206              		.thumb_func
 208              	GPIO_Init:
 209              	.LFB111:
 174:libs/STM32F4xx_StdPeriph_Driver/src/stm32f4xx_gpio.c **** 
 175:libs/STM32F4xx_StdPeriph_Driver/src/stm32f4xx_gpio.c **** /**
 176:libs/STM32F4xx_StdPeriph_Driver/src/stm32f4xx_gpio.c ****   * @brief  Initializes the GPIOx peripheral according to the specified parameters in the GPIO_Init
 177:libs/STM32F4xx_StdPeriph_Driver/src/stm32f4xx_gpio.c ****   * @param  GPIOx: where x can be (A..I) to select the GPIO peripheral.
 178:libs/STM32F4xx_StdPeriph_Driver/src/stm32f4xx_gpio.c ****   * @param  GPIO_InitStruct: pointer to a GPIO_InitTypeDef structure that contains
 179:libs/STM32F4xx_StdPeriph_Driver/src/stm32f4xx_gpio.c ****   *         the configuration information for the specified GPIO peripheral.
 180:libs/STM32F4xx_StdPeriph_Driver/src/stm32f4xx_gpio.c ****   * @retval None
 181:libs/STM32F4xx_StdPeriph_Driver/src/stm32f4xx_gpio.c ****   */
 182:libs/STM32F4xx_StdPeriph_Driver/src/stm32f4xx_gpio.c **** void GPIO_Init(GPIO_TypeDef* GPIOx, GPIO_InitTypeDef* GPIO_InitStruct)
 183:libs/STM32F4xx_StdPeriph_Driver/src/stm32f4xx_gpio.c **** {
 210              		.loc 1 183 0
 211              		.cfi_startproc
 212              		@ args = 0, pretend = 0, frame = 24
 213              		@ frame_needed = 1, uses_anonymous_args = 0
 214              		@ link register save eliminated.
 215 0000 80B4     		push	{r7}
 216              	.LCFI3:
 217              		.cfi_def_cfa_offset 4
 218 0002 87B0     		sub	sp, sp, #28
 219              	.LCFI4:
 220              		.cfi_def_cfa_offset 32
 221 0004 00AF     		add	r7, sp, #0
 222              		.cfi_offset 7, -4
 223              	.LCFI5:
 224              		.cfi_def_cfa_register 7
 225 0006 7860     		str	r0, [r7, #4]
 226 0008 3960     		str	r1, [r7, #0]
 184:libs/STM32F4xx_StdPeriph_Driver/src/stm32f4xx_gpio.c ****   uint32_t pinpos = 0x00, pos = 0x00 , currentpin = 0x00;
 227              		.loc 1 184 0
 228 000a 4FF00003 		mov	r3, #0
 229 000e 7B61     		str	r3, [r7, #20]
 230 0010 4FF00003 		mov	r3, #0
 231 0014 3B61     		str	r3, [r7, #16]
 232 0016 4FF00003 		mov	r3, #0
 233 001a FB60     		str	r3, [r7, #12]
 185:libs/STM32F4xx_StdPeriph_Driver/src/stm32f4xx_gpio.c **** 
 186:libs/STM32F4xx_StdPeriph_Driver/src/stm32f4xx_gpio.c ****   /* Check the parameters */
 187:libs/STM32F4xx_StdPeriph_Driver/src/stm32f4xx_gpio.c ****   assert_param(IS_GPIO_ALL_PERIPH(GPIOx));
 188:libs/STM32F4xx_StdPeriph_Driver/src/stm32f4xx_gpio.c ****   assert_param(IS_GPIO_PIN(GPIO_InitStruct->GPIO_Pin));
 189:libs/STM32F4xx_StdPeriph_Driver/src/stm32f4xx_gpio.c ****   assert_param(IS_GPIO_MODE(GPIO_InitStruct->GPIO_Mode));
 190:libs/STM32F4xx_StdPeriph_Driver/src/stm32f4xx_gpio.c ****   assert_param(IS_GPIO_PUPD(GPIO_InitStruct->GPIO_PuPd));
 191:libs/STM32F4xx_StdPeriph_Driver/src/stm32f4xx_gpio.c **** 
 192:libs/STM32F4xx_StdPeriph_Driver/src/stm32f4xx_gpio.c ****   /* -------------------------Configure the port pins---------------- */
 193:libs/STM32F4xx_StdPeriph_Driver/src/stm32f4xx_gpio.c ****   /*-- GPIO Mode Configuration --*/
 194:libs/STM32F4xx_StdPeriph_Driver/src/stm32f4xx_gpio.c ****   for (pinpos = 0x00; pinpos < 0x10; pinpos++)
 234              		.loc 1 194 0
 235 001c 4FF00003 		mov	r3, #0
 236 0020 7B61     		str	r3, [r7, #20]
 237 0022 87E0     		b	.L14
 238              	.L18:
 195:libs/STM32F4xx_StdPeriph_Driver/src/stm32f4xx_gpio.c ****   {
 196:libs/STM32F4xx_StdPeriph_Driver/src/stm32f4xx_gpio.c ****     pos = ((uint32_t)0x01) << pinpos;
 239              		.loc 1 196 0
 240 0024 7B69     		ldr	r3, [r7, #20]
 241 0026 4FF00102 		mov	r2, #1
 242 002a 02FA03F3 		lsl	r3, r2, r3
 243 002e 3B61     		str	r3, [r7, #16]
 197:libs/STM32F4xx_StdPeriph_Driver/src/stm32f4xx_gpio.c ****     /* Get the port pins position */
 198:libs/STM32F4xx_StdPeriph_Driver/src/stm32f4xx_gpio.c ****     currentpin = (GPIO_InitStruct->GPIO_Pin) & pos;
 244              		.loc 1 198 0
 245 0030 3B68     		ldr	r3, [r7, #0]
 246 0032 1A68     		ldr	r2, [r3, #0]
 247 0034 3B69     		ldr	r3, [r7, #16]
 248 0036 02EA0303 		and	r3, r2, r3
 249 003a FB60     		str	r3, [r7, #12]
 199:libs/STM32F4xx_StdPeriph_Driver/src/stm32f4xx_gpio.c **** 
 200:libs/STM32F4xx_StdPeriph_Driver/src/stm32f4xx_gpio.c ****     if (currentpin == pos)
 250              		.loc 1 200 0
 251 003c FA68     		ldr	r2, [r7, #12]
 252 003e 3B69     		ldr	r3, [r7, #16]
 253 0040 9A42     		cmp	r2, r3
 254 0042 73D1     		bne	.L15
 201:libs/STM32F4xx_StdPeriph_Driver/src/stm32f4xx_gpio.c ****     {
 202:libs/STM32F4xx_StdPeriph_Driver/src/stm32f4xx_gpio.c ****       GPIOx->MODER  &= ~(GPIO_MODER_MODER0 << (pinpos * 2));
 255              		.loc 1 202 0
 256 0044 7B68     		ldr	r3, [r7, #4]
 257 0046 1A68     		ldr	r2, [r3, #0]
 258 0048 7B69     		ldr	r3, [r7, #20]
 259 004a 4FEA4303 		lsl	r3, r3, #1
 260 004e 4FF00301 		mov	r1, #3
 261 0052 01FA03F3 		lsl	r3, r1, r3
 262 0056 6FEA0303 		mvn	r3, r3
 263 005a 1A40     		ands	r2, r2, r3
 264 005c 7B68     		ldr	r3, [r7, #4]
 265 005e 1A60     		str	r2, [r3, #0]
 203:libs/STM32F4xx_StdPeriph_Driver/src/stm32f4xx_gpio.c ****       GPIOx->MODER |= (((uint32_t)GPIO_InitStruct->GPIO_Mode) << (pinpos * 2));
 266              		.loc 1 203 0
 267 0060 7B68     		ldr	r3, [r7, #4]
 268 0062 1A68     		ldr	r2, [r3, #0]
 269 0064 3B68     		ldr	r3, [r7, #0]
 270 0066 1B79     		ldrb	r3, [r3, #4]	@ zero_extendqisi2
 271 0068 1946     		mov	r1, r3
 272 006a 7B69     		ldr	r3, [r7, #20]
 273 006c 4FEA4303 		lsl	r3, r3, #1
 274 0070 01FA03F3 		lsl	r3, r1, r3
 275 0074 1A43     		orrs	r2, r2, r3
 276 0076 7B68     		ldr	r3, [r7, #4]
 277 0078 1A60     		str	r2, [r3, #0]
 204:libs/STM32F4xx_StdPeriph_Driver/src/stm32f4xx_gpio.c **** 
 205:libs/STM32F4xx_StdPeriph_Driver/src/stm32f4xx_gpio.c ****       if ((GPIO_InitStruct->GPIO_Mode == GPIO_Mode_OUT) || (GPIO_InitStruct->GPIO_Mode == GPIO_Mode
 278              		.loc 1 205 0
 279 007a 3B68     		ldr	r3, [r7, #0]
 280 007c 1B79     		ldrb	r3, [r3, #4]	@ zero_extendqisi2
 281 007e 012B     		cmp	r3, #1
 282 0080 03D0     		beq	.L16
 283              		.loc 1 205 0 is_stmt 0 discriminator 1
 284 0082 3B68     		ldr	r3, [r7, #0]
 285 0084 1B79     		ldrb	r3, [r3, #4]	@ zero_extendqisi2
 286 0086 022B     		cmp	r3, #2
 287 0088 34D1     		bne	.L17
 288              	.L16:
 206:libs/STM32F4xx_StdPeriph_Driver/src/stm32f4xx_gpio.c ****       {
 207:libs/STM32F4xx_StdPeriph_Driver/src/stm32f4xx_gpio.c ****         /* Check Speed mode parameters */
 208:libs/STM32F4xx_StdPeriph_Driver/src/stm32f4xx_gpio.c ****         assert_param(IS_GPIO_SPEED(GPIO_InitStruct->GPIO_Speed));
 209:libs/STM32F4xx_StdPeriph_Driver/src/stm32f4xx_gpio.c **** 
 210:libs/STM32F4xx_StdPeriph_Driver/src/stm32f4xx_gpio.c ****         /* Speed mode configuration */
 211:libs/STM32F4xx_StdPeriph_Driver/src/stm32f4xx_gpio.c ****         GPIOx->OSPEEDR &= ~(GPIO_OSPEEDER_OSPEEDR0 << (pinpos * 2));
 289              		.loc 1 211 0 is_stmt 1
 290 008a 7B68     		ldr	r3, [r7, #4]
 291 008c 9A68     		ldr	r2, [r3, #8]
 292 008e 7B69     		ldr	r3, [r7, #20]
 293 0090 4FEA4303 		lsl	r3, r3, #1
 294 0094 4FF00301 		mov	r1, #3
 295 0098 01FA03F3 		lsl	r3, r1, r3
 296 009c 6FEA0303 		mvn	r3, r3
 297 00a0 1A40     		ands	r2, r2, r3
 298 00a2 7B68     		ldr	r3, [r7, #4]
 299 00a4 9A60     		str	r2, [r3, #8]
 212:libs/STM32F4xx_StdPeriph_Driver/src/stm32f4xx_gpio.c ****         GPIOx->OSPEEDR |= ((uint32_t)(GPIO_InitStruct->GPIO_Speed) << (pinpos * 2));
 300              		.loc 1 212 0
 301 00a6 7B68     		ldr	r3, [r7, #4]
 302 00a8 9A68     		ldr	r2, [r3, #8]
 303 00aa 3B68     		ldr	r3, [r7, #0]
 304 00ac 5B79     		ldrb	r3, [r3, #5]	@ zero_extendqisi2
 305 00ae 1946     		mov	r1, r3
 306 00b0 7B69     		ldr	r3, [r7, #20]
 307 00b2 4FEA4303 		lsl	r3, r3, #1
 308 00b6 01FA03F3 		lsl	r3, r1, r3
 309 00ba 1A43     		orrs	r2, r2, r3
 310 00bc 7B68     		ldr	r3, [r7, #4]
 311 00be 9A60     		str	r2, [r3, #8]
 213:libs/STM32F4xx_StdPeriph_Driver/src/stm32f4xx_gpio.c **** 
 214:libs/STM32F4xx_StdPeriph_Driver/src/stm32f4xx_gpio.c ****         /* Check Output mode parameters */
 215:libs/STM32F4xx_StdPeriph_Driver/src/stm32f4xx_gpio.c ****         assert_param(IS_GPIO_OTYPE(GPIO_InitStruct->GPIO_OType));
 216:libs/STM32F4xx_StdPeriph_Driver/src/stm32f4xx_gpio.c **** 
 217:libs/STM32F4xx_StdPeriph_Driver/src/stm32f4xx_gpio.c ****         /* Output mode configuration*/
 218:libs/STM32F4xx_StdPeriph_Driver/src/stm32f4xx_gpio.c ****         GPIOx->OTYPER  &= ~((GPIO_OTYPER_OT_0) << ((uint16_t)pinpos)) ;
 312              		.loc 1 218 0
 313 00c0 7B68     		ldr	r3, [r7, #4]
 314 00c2 5A68     		ldr	r2, [r3, #4]
 315 00c4 7B69     		ldr	r3, [r7, #20]
 316 00c6 9BB2     		uxth	r3, r3
 317 00c8 4FF00101 		mov	r1, #1
 318 00cc 01FA03F3 		lsl	r3, r1, r3
 319 00d0 6FEA0303 		mvn	r3, r3
 320 00d4 1A40     		ands	r2, r2, r3
 321 00d6 7B68     		ldr	r3, [r7, #4]
 322 00d8 5A60     		str	r2, [r3, #4]
 219:libs/STM32F4xx_StdPeriph_Driver/src/stm32f4xx_gpio.c ****         GPIOx->OTYPER |= (uint16_t)(((uint16_t)GPIO_InitStruct->GPIO_OType) << ((uint16_t)pinpos));
 323              		.loc 1 219 0
 324 00da 7B68     		ldr	r3, [r7, #4]
 325 00dc 5A68     		ldr	r2, [r3, #4]
 326 00de 3B68     		ldr	r3, [r7, #0]
 327 00e0 9B79     		ldrb	r3, [r3, #6]	@ zero_extendqisi2
 328 00e2 1946     		mov	r1, r3
 329 00e4 7B69     		ldr	r3, [r7, #20]
 330 00e6 9BB2     		uxth	r3, r3
 331 00e8 01FA03F3 		lsl	r3, r1, r3
 332 00ec 9BB2     		uxth	r3, r3
 333 00ee 1A43     		orrs	r2, r2, r3
 334 00f0 7B68     		ldr	r3, [r7, #4]
 335 00f2 5A60     		str	r2, [r3, #4]
 336              	.L17:
 220:libs/STM32F4xx_StdPeriph_Driver/src/stm32f4xx_gpio.c ****       }
 221:libs/STM32F4xx_StdPeriph_Driver/src/stm32f4xx_gpio.c **** 
 222:libs/STM32F4xx_StdPeriph_Driver/src/stm32f4xx_gpio.c ****       /* Pull-up Pull down resistor configuration*/
 223:libs/STM32F4xx_StdPeriph_Driver/src/stm32f4xx_gpio.c ****       GPIOx->PUPDR &= ~(GPIO_PUPDR_PUPDR0 << ((uint16_t)pinpos * 2));
 337              		.loc 1 223 0
 338 00f4 7B68     		ldr	r3, [r7, #4]
 339 00f6 DA68     		ldr	r2, [r3, #12]
 340 00f8 7B69     		ldr	r3, [r7, #20]
 341 00fa 9BB2     		uxth	r3, r3
 342 00fc 4FEA4303 		lsl	r3, r3, #1
 343 0100 4FF00301 		mov	r1, #3
 344 0104 01FA03F3 		lsl	r3, r1, r3
 345 0108 6FEA0303 		mvn	r3, r3
 346 010c 1A40     		ands	r2, r2, r3
 347 010e 7B68     		ldr	r3, [r7, #4]
 348 0110 DA60     		str	r2, [r3, #12]
 224:libs/STM32F4xx_StdPeriph_Driver/src/stm32f4xx_gpio.c ****       GPIOx->PUPDR |= (((uint32_t)GPIO_InitStruct->GPIO_PuPd) << (pinpos * 2));
 349              		.loc 1 224 0
 350 0112 7B68     		ldr	r3, [r7, #4]
 351 0114 DA68     		ldr	r2, [r3, #12]
 352 0116 3B68     		ldr	r3, [r7, #0]
 353 0118 DB79     		ldrb	r3, [r3, #7]	@ zero_extendqisi2
 354 011a 1946     		mov	r1, r3
 355 011c 7B69     		ldr	r3, [r7, #20]
 356 011e 4FEA4303 		lsl	r3, r3, #1
 357 0122 01FA03F3 		lsl	r3, r1, r3
 358 0126 1A43     		orrs	r2, r2, r3
 359 0128 7B68     		ldr	r3, [r7, #4]
 360 012a DA60     		str	r2, [r3, #12]
 361              	.L15:
 194:libs/STM32F4xx_StdPeriph_Driver/src/stm32f4xx_gpio.c ****   for (pinpos = 0x00; pinpos < 0x10; pinpos++)
 362              		.loc 1 194 0
 363 012c 7B69     		ldr	r3, [r7, #20]
 364 012e 03F10103 		add	r3, r3, #1
 365 0132 7B61     		str	r3, [r7, #20]
 366              	.L14:
 194:libs/STM32F4xx_StdPeriph_Driver/src/stm32f4xx_gpio.c ****   for (pinpos = 0x00; pinpos < 0x10; pinpos++)
 367              		.loc 1 194 0 is_stmt 0 discriminator 1
 368 0134 7B69     		ldr	r3, [r7, #20]
 369 0136 0F2B     		cmp	r3, #15
 370 0138 7FF674AF 		bls	.L18
 225:libs/STM32F4xx_StdPeriph_Driver/src/stm32f4xx_gpio.c ****     }
 226:libs/STM32F4xx_StdPeriph_Driver/src/stm32f4xx_gpio.c ****   }
 227:libs/STM32F4xx_StdPeriph_Driver/src/stm32f4xx_gpio.c **** }
 371              		.loc 1 227 0 is_stmt 1
 372 013c 07F11C07 		add	r7, r7, #28
 373 0140 BD46     		mov	sp, r7
 374 0142 80BC     		pop	{r7}
 375 0144 7047     		bx	lr
 376              		.cfi_endproc
 377              	.LFE111:
 379 0146 00BF     		.section	.text.GPIO_StructInit,"ax",%progbits
 380              		.align	2
 381              		.global	GPIO_StructInit
 382              		.thumb
 383              		.thumb_func
 385              	GPIO_StructInit:
 386              	.LFB112:
 228:libs/STM32F4xx_StdPeriph_Driver/src/stm32f4xx_gpio.c **** 
 229:libs/STM32F4xx_StdPeriph_Driver/src/stm32f4xx_gpio.c **** /**
 230:libs/STM32F4xx_StdPeriph_Driver/src/stm32f4xx_gpio.c ****   * @brief  Fills each GPIO_InitStruct member with its default value.
 231:libs/STM32F4xx_StdPeriph_Driver/src/stm32f4xx_gpio.c ****   * @param  GPIO_InitStruct : pointer to a GPIO_InitTypeDef structure which will be initialized.
 232:libs/STM32F4xx_StdPeriph_Driver/src/stm32f4xx_gpio.c ****   * @retval None
 233:libs/STM32F4xx_StdPeriph_Driver/src/stm32f4xx_gpio.c ****   */
 234:libs/STM32F4xx_StdPeriph_Driver/src/stm32f4xx_gpio.c **** void GPIO_StructInit(GPIO_InitTypeDef* GPIO_InitStruct)
 235:libs/STM32F4xx_StdPeriph_Driver/src/stm32f4xx_gpio.c **** {
 387              		.loc 1 235 0
 388              		.cfi_startproc
 389              		@ args = 0, pretend = 0, frame = 8
 390              		@ frame_needed = 1, uses_anonymous_args = 0
 391              		@ link register save eliminated.
 392 0000 80B4     		push	{r7}
 393              	.LCFI6:
 394              		.cfi_def_cfa_offset 4
 395 0002 83B0     		sub	sp, sp, #12
 396              	.LCFI7:
 397              		.cfi_def_cfa_offset 16
 398 0004 00AF     		add	r7, sp, #0
 399              		.cfi_offset 7, -4
 400              	.LCFI8:
 401              		.cfi_def_cfa_register 7
 402 0006 7860     		str	r0, [r7, #4]
 236:libs/STM32F4xx_StdPeriph_Driver/src/stm32f4xx_gpio.c ****   /* Reset GPIO init structure parameters values */
 237:libs/STM32F4xx_StdPeriph_Driver/src/stm32f4xx_gpio.c ****   GPIO_InitStruct->GPIO_Pin  = GPIO_Pin_All;
 403              		.loc 1 237 0
 404 0008 7B68     		ldr	r3, [r7, #4]
 405 000a 4FF6FF72 		movw	r2, #65535
 406 000e 1A60     		str	r2, [r3, #0]
 238:libs/STM32F4xx_StdPeriph_Driver/src/stm32f4xx_gpio.c ****   GPIO_InitStruct->GPIO_Mode = GPIO_Mode_IN;
 407              		.loc 1 238 0
 408 0010 7B68     		ldr	r3, [r7, #4]
 409 0012 4FF00002 		mov	r2, #0
 410 0016 1A71     		strb	r2, [r3, #4]
 239:libs/STM32F4xx_StdPeriph_Driver/src/stm32f4xx_gpio.c ****   GPIO_InitStruct->GPIO_Speed = GPIO_Speed_2MHz;
 411              		.loc 1 239 0
 412 0018 7B68     		ldr	r3, [r7, #4]
 413 001a 4FF00002 		mov	r2, #0
 414 001e 5A71     		strb	r2, [r3, #5]
 240:libs/STM32F4xx_StdPeriph_Driver/src/stm32f4xx_gpio.c ****   GPIO_InitStruct->GPIO_OType = GPIO_OType_PP;
 415              		.loc 1 240 0
 416 0020 7B68     		ldr	r3, [r7, #4]
 417 0022 4FF00002 		mov	r2, #0
 418 0026 9A71     		strb	r2, [r3, #6]
 241:libs/STM32F4xx_StdPeriph_Driver/src/stm32f4xx_gpio.c ****   GPIO_InitStruct->GPIO_PuPd = GPIO_PuPd_NOPULL;
 419              		.loc 1 241 0
 420 0028 7B68     		ldr	r3, [r7, #4]
 421 002a 4FF00002 		mov	r2, #0
 422 002e DA71     		strb	r2, [r3, #7]
 242:libs/STM32F4xx_StdPeriph_Driver/src/stm32f4xx_gpio.c **** }
 423              		.loc 1 242 0
 424 0030 07F10C07 		add	r7, r7, #12
 425 0034 BD46     		mov	sp, r7
 426 0036 80BC     		pop	{r7}
 427 0038 7047     		bx	lr
 428              		.cfi_endproc
 429              	.LFE112:
 431 003a 00BF     		.section	.text.GPIO_PinLockConfig,"ax",%progbits
 432              		.align	2
 433              		.global	GPIO_PinLockConfig
 434              		.thumb
 435              		.thumb_func
 437              	GPIO_PinLockConfig:
 438              	.LFB113:
 243:libs/STM32F4xx_StdPeriph_Driver/src/stm32f4xx_gpio.c **** 
 244:libs/STM32F4xx_StdPeriph_Driver/src/stm32f4xx_gpio.c **** /**
 245:libs/STM32F4xx_StdPeriph_Driver/src/stm32f4xx_gpio.c ****   * @brief  Locks GPIO Pins configuration registers.
 246:libs/STM32F4xx_StdPeriph_Driver/src/stm32f4xx_gpio.c ****   * @note   The locked registers are GPIOx_MODER, GPIOx_OTYPER, GPIOx_OSPEEDR,
 247:libs/STM32F4xx_StdPeriph_Driver/src/stm32f4xx_gpio.c ****   *         GPIOx_PUPDR, GPIOx_AFRL and GPIOx_AFRH.
 248:libs/STM32F4xx_StdPeriph_Driver/src/stm32f4xx_gpio.c ****   * @note   The configuration of the locked GPIO pins can no longer be modified
 249:libs/STM32F4xx_StdPeriph_Driver/src/stm32f4xx_gpio.c ****   *         until the next reset.
 250:libs/STM32F4xx_StdPeriph_Driver/src/stm32f4xx_gpio.c ****   * @param  GPIOx: where x can be (A..I) to select the GPIO peripheral.
 251:libs/STM32F4xx_StdPeriph_Driver/src/stm32f4xx_gpio.c ****   * @param  GPIO_Pin: specifies the port bit to be locked.
 252:libs/STM32F4xx_StdPeriph_Driver/src/stm32f4xx_gpio.c ****   *          This parameter can be any combination of GPIO_Pin_x where x can be (0..15).
 253:libs/STM32F4xx_StdPeriph_Driver/src/stm32f4xx_gpio.c ****   * @retval None
 254:libs/STM32F4xx_StdPeriph_Driver/src/stm32f4xx_gpio.c ****   */
 255:libs/STM32F4xx_StdPeriph_Driver/src/stm32f4xx_gpio.c **** void GPIO_PinLockConfig(GPIO_TypeDef* GPIOx, uint16_t GPIO_Pin)
 256:libs/STM32F4xx_StdPeriph_Driver/src/stm32f4xx_gpio.c **** {
 439              		.loc 1 256 0
 440              		.cfi_startproc
 441              		@ args = 0, pretend = 0, frame = 16
 442              		@ frame_needed = 1, uses_anonymous_args = 0
 443              		@ link register save eliminated.
 444 0000 80B4     		push	{r7}
 445              	.LCFI9:
 446              		.cfi_def_cfa_offset 4
 447 0002 85B0     		sub	sp, sp, #20
 448              	.LCFI10:
 449              		.cfi_def_cfa_offset 24
 450 0004 00AF     		add	r7, sp, #0
 451              		.cfi_offset 7, -4
 452              	.LCFI11:
 453              		.cfi_def_cfa_register 7
 454 0006 7860     		str	r0, [r7, #4]
 455 0008 0B46     		mov	r3, r1
 456 000a 7B80     		strh	r3, [r7, #2]	@ movhi
 257:libs/STM32F4xx_StdPeriph_Driver/src/stm32f4xx_gpio.c ****   __IO uint32_t tmp = 0x00010000;
 457              		.loc 1 257 0
 458 000c 4FF48033 		mov	r3, #65536
 459 0010 FB60     		str	r3, [r7, #12]
 258:libs/STM32F4xx_StdPeriph_Driver/src/stm32f4xx_gpio.c **** 
 259:libs/STM32F4xx_StdPeriph_Driver/src/stm32f4xx_gpio.c ****   /* Check the parameters */
 260:libs/STM32F4xx_StdPeriph_Driver/src/stm32f4xx_gpio.c ****   assert_param(IS_GPIO_ALL_PERIPH(GPIOx));
 261:libs/STM32F4xx_StdPeriph_Driver/src/stm32f4xx_gpio.c ****   assert_param(IS_GPIO_PIN(GPIO_Pin));
 262:libs/STM32F4xx_StdPeriph_Driver/src/stm32f4xx_gpio.c **** 
 263:libs/STM32F4xx_StdPeriph_Driver/src/stm32f4xx_gpio.c ****   tmp |= GPIO_Pin;
 460              		.loc 1 263 0
 461 0012 7A88     		ldrh	r2, [r7, #2]
 462 0014 FB68     		ldr	r3, [r7, #12]
 463 0016 42EA0303 		orr	r3, r2, r3
 464 001a FB60     		str	r3, [r7, #12]
 264:libs/STM32F4xx_StdPeriph_Driver/src/stm32f4xx_gpio.c ****   /* Set LCKK bit */
 265:libs/STM32F4xx_StdPeriph_Driver/src/stm32f4xx_gpio.c ****   GPIOx->LCKR = tmp;
 465              		.loc 1 265 0
 466 001c FA68     		ldr	r2, [r7, #12]
 467 001e 7B68     		ldr	r3, [r7, #4]
 468 0020 DA61     		str	r2, [r3, #28]
 266:libs/STM32F4xx_StdPeriph_Driver/src/stm32f4xx_gpio.c ****   /* Reset LCKK bit */
 267:libs/STM32F4xx_StdPeriph_Driver/src/stm32f4xx_gpio.c ****   GPIOx->LCKR =  GPIO_Pin;
 469              		.loc 1 267 0
 470 0022 7A88     		ldrh	r2, [r7, #2]
 471 0024 7B68     		ldr	r3, [r7, #4]
 472 0026 DA61     		str	r2, [r3, #28]
 268:libs/STM32F4xx_StdPeriph_Driver/src/stm32f4xx_gpio.c ****   /* Set LCKK bit */
 269:libs/STM32F4xx_StdPeriph_Driver/src/stm32f4xx_gpio.c ****   GPIOx->LCKR = tmp;
 473              		.loc 1 269 0
 474 0028 FA68     		ldr	r2, [r7, #12]
 475 002a 7B68     		ldr	r3, [r7, #4]
 476 002c DA61     		str	r2, [r3, #28]
 270:libs/STM32F4xx_StdPeriph_Driver/src/stm32f4xx_gpio.c ****   /* Read LCKK bit*/
 271:libs/STM32F4xx_StdPeriph_Driver/src/stm32f4xx_gpio.c ****   tmp = GPIOx->LCKR;
 477              		.loc 1 271 0
 478 002e 7B68     		ldr	r3, [r7, #4]
 479 0030 DB69     		ldr	r3, [r3, #28]
 480 0032 FB60     		str	r3, [r7, #12]
 272:libs/STM32F4xx_StdPeriph_Driver/src/stm32f4xx_gpio.c ****   /* Read LCKK bit*/
 273:libs/STM32F4xx_StdPeriph_Driver/src/stm32f4xx_gpio.c ****   tmp = GPIOx->LCKR;
 481              		.loc 1 273 0
 482 0034 7B68     		ldr	r3, [r7, #4]
 483 0036 DB69     		ldr	r3, [r3, #28]
 484 0038 FB60     		str	r3, [r7, #12]
 274:libs/STM32F4xx_StdPeriph_Driver/src/stm32f4xx_gpio.c **** }
 485              		.loc 1 274 0
 486 003a 07F11407 		add	r7, r7, #20
 487 003e BD46     		mov	sp, r7
 488 0040 80BC     		pop	{r7}
 489 0042 7047     		bx	lr
 490              		.cfi_endproc
 491              	.LFE113:
 493              		.section	.text.GPIO_ReadInputDataBit,"ax",%progbits
 494              		.align	2
 495              		.global	GPIO_ReadInputDataBit
 496              		.thumb
 497              		.thumb_func
 499              	GPIO_ReadInputDataBit:
 500              	.LFB114:
 275:libs/STM32F4xx_StdPeriph_Driver/src/stm32f4xx_gpio.c **** 
 276:libs/STM32F4xx_StdPeriph_Driver/src/stm32f4xx_gpio.c **** /**
 277:libs/STM32F4xx_StdPeriph_Driver/src/stm32f4xx_gpio.c ****   * @}
 278:libs/STM32F4xx_StdPeriph_Driver/src/stm32f4xx_gpio.c ****   */
 279:libs/STM32F4xx_StdPeriph_Driver/src/stm32f4xx_gpio.c **** 
 280:libs/STM32F4xx_StdPeriph_Driver/src/stm32f4xx_gpio.c **** /** @defgroup GPIO_Group2 GPIO Read and Write
 281:libs/STM32F4xx_StdPeriph_Driver/src/stm32f4xx_gpio.c ****  *  @brief   GPIO Read and Write
 282:libs/STM32F4xx_StdPeriph_Driver/src/stm32f4xx_gpio.c ****  *
 283:libs/STM32F4xx_StdPeriph_Driver/src/stm32f4xx_gpio.c **** @verbatim   
 284:libs/STM32F4xx_StdPeriph_Driver/src/stm32f4xx_gpio.c ****  ===============================================================================
 285:libs/STM32F4xx_StdPeriph_Driver/src/stm32f4xx_gpio.c ****                               GPIO Read and Write
 286:libs/STM32F4xx_StdPeriph_Driver/src/stm32f4xx_gpio.c ****  ===============================================================================  
 287:libs/STM32F4xx_StdPeriph_Driver/src/stm32f4xx_gpio.c **** 
 288:libs/STM32F4xx_StdPeriph_Driver/src/stm32f4xx_gpio.c **** @endverbatim
 289:libs/STM32F4xx_StdPeriph_Driver/src/stm32f4xx_gpio.c ****   * @{
 290:libs/STM32F4xx_StdPeriph_Driver/src/stm32f4xx_gpio.c ****   */
 291:libs/STM32F4xx_StdPeriph_Driver/src/stm32f4xx_gpio.c **** 
 292:libs/STM32F4xx_StdPeriph_Driver/src/stm32f4xx_gpio.c **** /**
 293:libs/STM32F4xx_StdPeriph_Driver/src/stm32f4xx_gpio.c ****   * @brief  Reads the specified input port pin.
 294:libs/STM32F4xx_StdPeriph_Driver/src/stm32f4xx_gpio.c ****   * @param  GPIOx: where x can be (A..I) to select the GPIO peripheral.
 295:libs/STM32F4xx_StdPeriph_Driver/src/stm32f4xx_gpio.c ****   * @param  GPIO_Pin: specifies the port bit to read.
 296:libs/STM32F4xx_StdPeriph_Driver/src/stm32f4xx_gpio.c ****   *         This parameter can be GPIO_Pin_x where x can be (0..15).
 297:libs/STM32F4xx_StdPeriph_Driver/src/stm32f4xx_gpio.c ****   * @retval The input port pin value.
 298:libs/STM32F4xx_StdPeriph_Driver/src/stm32f4xx_gpio.c ****   */
 299:libs/STM32F4xx_StdPeriph_Driver/src/stm32f4xx_gpio.c **** uint8_t GPIO_ReadInputDataBit(GPIO_TypeDef* GPIOx, uint16_t GPIO_Pin)
 300:libs/STM32F4xx_StdPeriph_Driver/src/stm32f4xx_gpio.c **** {
 501              		.loc 1 300 0
 502              		.cfi_startproc
 503              		@ args = 0, pretend = 0, frame = 16
 504              		@ frame_needed = 1, uses_anonymous_args = 0
 505              		@ link register save eliminated.
 506 0000 80B4     		push	{r7}
 507              	.LCFI12:
 508              		.cfi_def_cfa_offset 4
 509 0002 85B0     		sub	sp, sp, #20
 510              	.LCFI13:
 511              		.cfi_def_cfa_offset 24
 512 0004 00AF     		add	r7, sp, #0
 513              		.cfi_offset 7, -4
 514              	.LCFI14:
 515              		.cfi_def_cfa_register 7
 516 0006 7860     		str	r0, [r7, #4]
 517 0008 0B46     		mov	r3, r1
 518 000a 7B80     		strh	r3, [r7, #2]	@ movhi
 301:libs/STM32F4xx_StdPeriph_Driver/src/stm32f4xx_gpio.c ****   uint8_t bitstatus = 0x00;
 519              		.loc 1 301 0
 520 000c 4FF00003 		mov	r3, #0
 521 0010 FB73     		strb	r3, [r7, #15]
 302:libs/STM32F4xx_StdPeriph_Driver/src/stm32f4xx_gpio.c **** 
 303:libs/STM32F4xx_StdPeriph_Driver/src/stm32f4xx_gpio.c ****   /* Check the parameters */
 304:libs/STM32F4xx_StdPeriph_Driver/src/stm32f4xx_gpio.c ****   assert_param(IS_GPIO_ALL_PERIPH(GPIOx));
 305:libs/STM32F4xx_StdPeriph_Driver/src/stm32f4xx_gpio.c ****   assert_param(IS_GET_GPIO_PIN(GPIO_Pin));
 306:libs/STM32F4xx_StdPeriph_Driver/src/stm32f4xx_gpio.c **** 
 307:libs/STM32F4xx_StdPeriph_Driver/src/stm32f4xx_gpio.c ****   if ((GPIOx->IDR & GPIO_Pin) != (uint32_t)Bit_RESET)
 522              		.loc 1 307 0
 523 0012 7B68     		ldr	r3, [r7, #4]
 524 0014 1A69     		ldr	r2, [r3, #16]
 525 0016 7B88     		ldrh	r3, [r7, #2]
 526 0018 02EA0303 		and	r3, r2, r3
 527 001c 002B     		cmp	r3, #0
 528 001e 03D0     		beq	.L22
 308:libs/STM32F4xx_StdPeriph_Driver/src/stm32f4xx_gpio.c ****   {
 309:libs/STM32F4xx_StdPeriph_Driver/src/stm32f4xx_gpio.c ****     bitstatus = (uint8_t)Bit_SET;
 529              		.loc 1 309 0
 530 0020 4FF00103 		mov	r3, #1
 531 0024 FB73     		strb	r3, [r7, #15]
 532 0026 02E0     		b	.L23
 533              	.L22:
 310:libs/STM32F4xx_StdPeriph_Driver/src/stm32f4xx_gpio.c ****   }
 311:libs/STM32F4xx_StdPeriph_Driver/src/stm32f4xx_gpio.c ****   else
 312:libs/STM32F4xx_StdPeriph_Driver/src/stm32f4xx_gpio.c ****   {
 313:libs/STM32F4xx_StdPeriph_Driver/src/stm32f4xx_gpio.c ****     bitstatus = (uint8_t)Bit_RESET;
 534              		.loc 1 313 0
 535 0028 4FF00003 		mov	r3, #0
 536 002c FB73     		strb	r3, [r7, #15]
 537              	.L23:
 314:libs/STM32F4xx_StdPeriph_Driver/src/stm32f4xx_gpio.c ****   }
 315:libs/STM32F4xx_StdPeriph_Driver/src/stm32f4xx_gpio.c ****   return bitstatus;
 538              		.loc 1 315 0
 539 002e FB7B     		ldrb	r3, [r7, #15]	@ zero_extendqisi2
 316:libs/STM32F4xx_StdPeriph_Driver/src/stm32f4xx_gpio.c **** }
 540              		.loc 1 316 0
 541 0030 1846     		mov	r0, r3
 542 0032 07F11407 		add	r7, r7, #20
 543 0036 BD46     		mov	sp, r7
 544 0038 80BC     		pop	{r7}
 545 003a 7047     		bx	lr
 546              		.cfi_endproc
 547              	.LFE114:
 549              		.section	.text.GPIO_ReadInputData,"ax",%progbits
 550              		.align	2
 551              		.global	GPIO_ReadInputData
 552              		.thumb
 553              		.thumb_func
 555              	GPIO_ReadInputData:
 556              	.LFB115:
 317:libs/STM32F4xx_StdPeriph_Driver/src/stm32f4xx_gpio.c **** 
 318:libs/STM32F4xx_StdPeriph_Driver/src/stm32f4xx_gpio.c **** /**
 319:libs/STM32F4xx_StdPeriph_Driver/src/stm32f4xx_gpio.c ****   * @brief  Reads the specified GPIO input data port.
 320:libs/STM32F4xx_StdPeriph_Driver/src/stm32f4xx_gpio.c ****   * @param  GPIOx: where x can be (A..I) to select the GPIO peripheral.
 321:libs/STM32F4xx_StdPeriph_Driver/src/stm32f4xx_gpio.c ****   * @retval GPIO input data port value.
 322:libs/STM32F4xx_StdPeriph_Driver/src/stm32f4xx_gpio.c ****   */
 323:libs/STM32F4xx_StdPeriph_Driver/src/stm32f4xx_gpio.c **** uint16_t GPIO_ReadInputData(GPIO_TypeDef* GPIOx)
 324:libs/STM32F4xx_StdPeriph_Driver/src/stm32f4xx_gpio.c **** {
 557              		.loc 1 324 0
 558              		.cfi_startproc
 559              		@ args = 0, pretend = 0, frame = 8
 560              		@ frame_needed = 1, uses_anonymous_args = 0
 561              		@ link register save eliminated.
 562 0000 80B4     		push	{r7}
 563              	.LCFI15:
 564              		.cfi_def_cfa_offset 4
 565 0002 83B0     		sub	sp, sp, #12
 566              	.LCFI16:
 567              		.cfi_def_cfa_offset 16
 568 0004 00AF     		add	r7, sp, #0
 569              		.cfi_offset 7, -4
 570              	.LCFI17:
 571              		.cfi_def_cfa_register 7
 572 0006 7860     		str	r0, [r7, #4]
 325:libs/STM32F4xx_StdPeriph_Driver/src/stm32f4xx_gpio.c ****   /* Check the parameters */
 326:libs/STM32F4xx_StdPeriph_Driver/src/stm32f4xx_gpio.c ****   assert_param(IS_GPIO_ALL_PERIPH(GPIOx));
 327:libs/STM32F4xx_StdPeriph_Driver/src/stm32f4xx_gpio.c **** 
 328:libs/STM32F4xx_StdPeriph_Driver/src/stm32f4xx_gpio.c ****   return ((uint16_t)GPIOx->IDR);
 573              		.loc 1 328 0
 574 0008 7B68     		ldr	r3, [r7, #4]
 575 000a 1B69     		ldr	r3, [r3, #16]
 576 000c 9BB2     		uxth	r3, r3
 329:libs/STM32F4xx_StdPeriph_Driver/src/stm32f4xx_gpio.c **** }
 577              		.loc 1 329 0
 578 000e 1846     		mov	r0, r3
 579 0010 07F10C07 		add	r7, r7, #12
 580 0014 BD46     		mov	sp, r7
 581 0016 80BC     		pop	{r7}
 582 0018 7047     		bx	lr
 583              		.cfi_endproc
 584              	.LFE115:
 586 001a 00BF     		.section	.text.GPIO_ReadOutputDataBit,"ax",%progbits
 587              		.align	2
 588              		.global	GPIO_ReadOutputDataBit
 589              		.thumb
 590              		.thumb_func
 592              	GPIO_ReadOutputDataBit:
 593              	.LFB116:
 330:libs/STM32F4xx_StdPeriph_Driver/src/stm32f4xx_gpio.c **** 
 331:libs/STM32F4xx_StdPeriph_Driver/src/stm32f4xx_gpio.c **** /**
 332:libs/STM32F4xx_StdPeriph_Driver/src/stm32f4xx_gpio.c ****   * @brief  Reads the specified output data port bit.
 333:libs/STM32F4xx_StdPeriph_Driver/src/stm32f4xx_gpio.c ****   * @param  GPIOx: where x can be (A..I) to select the GPIO peripheral.
 334:libs/STM32F4xx_StdPeriph_Driver/src/stm32f4xx_gpio.c ****   * @param  GPIO_Pin: specifies the port bit to read.
 335:libs/STM32F4xx_StdPeriph_Driver/src/stm32f4xx_gpio.c ****   *          This parameter can be GPIO_Pin_x where x can be (0..15).
 336:libs/STM32F4xx_StdPeriph_Driver/src/stm32f4xx_gpio.c ****   * @retval The output port pin value.
 337:libs/STM32F4xx_StdPeriph_Driver/src/stm32f4xx_gpio.c ****   */
 338:libs/STM32F4xx_StdPeriph_Driver/src/stm32f4xx_gpio.c **** uint8_t GPIO_ReadOutputDataBit(GPIO_TypeDef* GPIOx, uint16_t GPIO_Pin)
 339:libs/STM32F4xx_StdPeriph_Driver/src/stm32f4xx_gpio.c **** {
 594              		.loc 1 339 0
 595              		.cfi_startproc
 596              		@ args = 0, pretend = 0, frame = 16
 597              		@ frame_needed = 1, uses_anonymous_args = 0
 598              		@ link register save eliminated.
 599 0000 80B4     		push	{r7}
 600              	.LCFI18:
 601              		.cfi_def_cfa_offset 4
 602 0002 85B0     		sub	sp, sp, #20
 603              	.LCFI19:
 604              		.cfi_def_cfa_offset 24
 605 0004 00AF     		add	r7, sp, #0
 606              		.cfi_offset 7, -4
 607              	.LCFI20:
 608              		.cfi_def_cfa_register 7
 609 0006 7860     		str	r0, [r7, #4]
 610 0008 0B46     		mov	r3, r1
 611 000a 7B80     		strh	r3, [r7, #2]	@ movhi
 340:libs/STM32F4xx_StdPeriph_Driver/src/stm32f4xx_gpio.c ****   uint8_t bitstatus = 0x00;
 612              		.loc 1 340 0
 613 000c 4FF00003 		mov	r3, #0
 614 0010 FB73     		strb	r3, [r7, #15]
 341:libs/STM32F4xx_StdPeriph_Driver/src/stm32f4xx_gpio.c **** 
 342:libs/STM32F4xx_StdPeriph_Driver/src/stm32f4xx_gpio.c ****   /* Check the parameters */
 343:libs/STM32F4xx_StdPeriph_Driver/src/stm32f4xx_gpio.c ****   assert_param(IS_GPIO_ALL_PERIPH(GPIOx));
 344:libs/STM32F4xx_StdPeriph_Driver/src/stm32f4xx_gpio.c ****   assert_param(IS_GET_GPIO_PIN(GPIO_Pin));
 345:libs/STM32F4xx_StdPeriph_Driver/src/stm32f4xx_gpio.c **** 
 346:libs/STM32F4xx_StdPeriph_Driver/src/stm32f4xx_gpio.c ****   if ((GPIOx->ODR & GPIO_Pin) != (uint32_t)Bit_RESET)
 615              		.loc 1 346 0
 616 0012 7B68     		ldr	r3, [r7, #4]
 617 0014 5A69     		ldr	r2, [r3, #20]
 618 0016 7B88     		ldrh	r3, [r7, #2]
 619 0018 02EA0303 		and	r3, r2, r3
 620 001c 002B     		cmp	r3, #0
 621 001e 03D0     		beq	.L26
 347:libs/STM32F4xx_StdPeriph_Driver/src/stm32f4xx_gpio.c ****   {
 348:libs/STM32F4xx_StdPeriph_Driver/src/stm32f4xx_gpio.c ****     bitstatus = (uint8_t)Bit_SET;
 622              		.loc 1 348 0
 623 0020 4FF00103 		mov	r3, #1
 624 0024 FB73     		strb	r3, [r7, #15]
 625 0026 02E0     		b	.L27
 626              	.L26:
 349:libs/STM32F4xx_StdPeriph_Driver/src/stm32f4xx_gpio.c ****   }
 350:libs/STM32F4xx_StdPeriph_Driver/src/stm32f4xx_gpio.c ****   else
 351:libs/STM32F4xx_StdPeriph_Driver/src/stm32f4xx_gpio.c ****   {
 352:libs/STM32F4xx_StdPeriph_Driver/src/stm32f4xx_gpio.c ****     bitstatus = (uint8_t)Bit_RESET;
 627              		.loc 1 352 0
 628 0028 4FF00003 		mov	r3, #0
 629 002c FB73     		strb	r3, [r7, #15]
 630              	.L27:
 353:libs/STM32F4xx_StdPeriph_Driver/src/stm32f4xx_gpio.c ****   }
 354:libs/STM32F4xx_StdPeriph_Driver/src/stm32f4xx_gpio.c ****   return bitstatus;
 631              		.loc 1 354 0
 632 002e FB7B     		ldrb	r3, [r7, #15]	@ zero_extendqisi2
 355:libs/STM32F4xx_StdPeriph_Driver/src/stm32f4xx_gpio.c **** }
 633              		.loc 1 355 0
 634 0030 1846     		mov	r0, r3
 635 0032 07F11407 		add	r7, r7, #20
 636 0036 BD46     		mov	sp, r7
 637 0038 80BC     		pop	{r7}
 638 003a 7047     		bx	lr
 639              		.cfi_endproc
 640              	.LFE116:
 642              		.section	.text.GPIO_ReadOutputData,"ax",%progbits
 643              		.align	2
 644              		.global	GPIO_ReadOutputData
 645              		.thumb
 646              		.thumb_func
 648              	GPIO_ReadOutputData:
 649              	.LFB117:
 356:libs/STM32F4xx_StdPeriph_Driver/src/stm32f4xx_gpio.c **** 
 357:libs/STM32F4xx_StdPeriph_Driver/src/stm32f4xx_gpio.c **** /**
 358:libs/STM32F4xx_StdPeriph_Driver/src/stm32f4xx_gpio.c ****   * @brief  Reads the specified GPIO output data port.
 359:libs/STM32F4xx_StdPeriph_Driver/src/stm32f4xx_gpio.c ****   * @param  GPIOx: where x can be (A..I) to select the GPIO peripheral.
 360:libs/STM32F4xx_StdPeriph_Driver/src/stm32f4xx_gpio.c ****   * @retval GPIO output data port value.
 361:libs/STM32F4xx_StdPeriph_Driver/src/stm32f4xx_gpio.c ****   */
 362:libs/STM32F4xx_StdPeriph_Driver/src/stm32f4xx_gpio.c **** uint16_t GPIO_ReadOutputData(GPIO_TypeDef* GPIOx)
 363:libs/STM32F4xx_StdPeriph_Driver/src/stm32f4xx_gpio.c **** {
 650              		.loc 1 363 0
 651              		.cfi_startproc
 652              		@ args = 0, pretend = 0, frame = 8
 653              		@ frame_needed = 1, uses_anonymous_args = 0
 654              		@ link register save eliminated.
 655 0000 80B4     		push	{r7}
 656              	.LCFI21:
 657              		.cfi_def_cfa_offset 4
 658 0002 83B0     		sub	sp, sp, #12
 659              	.LCFI22:
 660              		.cfi_def_cfa_offset 16
 661 0004 00AF     		add	r7, sp, #0
 662              		.cfi_offset 7, -4
 663              	.LCFI23:
 664              		.cfi_def_cfa_register 7
 665 0006 7860     		str	r0, [r7, #4]
 364:libs/STM32F4xx_StdPeriph_Driver/src/stm32f4xx_gpio.c ****   /* Check the parameters */
 365:libs/STM32F4xx_StdPeriph_Driver/src/stm32f4xx_gpio.c ****   assert_param(IS_GPIO_ALL_PERIPH(GPIOx));
 366:libs/STM32F4xx_StdPeriph_Driver/src/stm32f4xx_gpio.c **** 
 367:libs/STM32F4xx_StdPeriph_Driver/src/stm32f4xx_gpio.c ****   return ((uint16_t)GPIOx->ODR);
 666              		.loc 1 367 0
 667 0008 7B68     		ldr	r3, [r7, #4]
 668 000a 5B69     		ldr	r3, [r3, #20]
 669 000c 9BB2     		uxth	r3, r3
 368:libs/STM32F4xx_StdPeriph_Driver/src/stm32f4xx_gpio.c **** }
 670              		.loc 1 368 0
 671 000e 1846     		mov	r0, r3
 672 0010 07F10C07 		add	r7, r7, #12
 673 0014 BD46     		mov	sp, r7
 674 0016 80BC     		pop	{r7}
 675 0018 7047     		bx	lr
 676              		.cfi_endproc
 677              	.LFE117:
 679 001a 00BF     		.section	.text.GPIO_SetBits,"ax",%progbits
 680              		.align	2
 681              		.global	GPIO_SetBits
 682              		.thumb
 683              		.thumb_func
 685              	GPIO_SetBits:
 686              	.LFB118:
 369:libs/STM32F4xx_StdPeriph_Driver/src/stm32f4xx_gpio.c **** 
 370:libs/STM32F4xx_StdPeriph_Driver/src/stm32f4xx_gpio.c **** /**
 371:libs/STM32F4xx_StdPeriph_Driver/src/stm32f4xx_gpio.c ****   * @brief  Sets the selected data port bits.
 372:libs/STM32F4xx_StdPeriph_Driver/src/stm32f4xx_gpio.c ****   * @note   This functions uses GPIOx_BSRR register to allow atomic read/modify 
 373:libs/STM32F4xx_StdPeriph_Driver/src/stm32f4xx_gpio.c ****   *         accesses. In this way, there is no risk of an IRQ occurring between
 374:libs/STM32F4xx_StdPeriph_Driver/src/stm32f4xx_gpio.c ****   *         the read and the modify access.
 375:libs/STM32F4xx_StdPeriph_Driver/src/stm32f4xx_gpio.c ****   * @param  GPIOx: where x can be (A..I) to select the GPIO peripheral.
 376:libs/STM32F4xx_StdPeriph_Driver/src/stm32f4xx_gpio.c ****   * @param  GPIO_Pin: specifies the port bits to be written.
 377:libs/STM32F4xx_StdPeriph_Driver/src/stm32f4xx_gpio.c ****   *          This parameter can be any combination of GPIO_Pin_x where x can be (0..15).
 378:libs/STM32F4xx_StdPeriph_Driver/src/stm32f4xx_gpio.c ****   * @retval None
 379:libs/STM32F4xx_StdPeriph_Driver/src/stm32f4xx_gpio.c ****   */
 380:libs/STM32F4xx_StdPeriph_Driver/src/stm32f4xx_gpio.c **** void GPIO_SetBits(GPIO_TypeDef* GPIOx, uint16_t GPIO_Pin)
 381:libs/STM32F4xx_StdPeriph_Driver/src/stm32f4xx_gpio.c **** {
 687              		.loc 1 381 0
 688              		.cfi_startproc
 689              		@ args = 0, pretend = 0, frame = 8
 690              		@ frame_needed = 1, uses_anonymous_args = 0
 691              		@ link register save eliminated.
 692 0000 80B4     		push	{r7}
 693              	.LCFI24:
 694              		.cfi_def_cfa_offset 4
 695 0002 83B0     		sub	sp, sp, #12
 696              	.LCFI25:
 697              		.cfi_def_cfa_offset 16
 698 0004 00AF     		add	r7, sp, #0
 699              		.cfi_offset 7, -4
 700              	.LCFI26:
 701              		.cfi_def_cfa_register 7
 702 0006 7860     		str	r0, [r7, #4]
 703 0008 0B46     		mov	r3, r1
 704 000a 7B80     		strh	r3, [r7, #2]	@ movhi
 382:libs/STM32F4xx_StdPeriph_Driver/src/stm32f4xx_gpio.c ****   /* Check the parameters */
 383:libs/STM32F4xx_StdPeriph_Driver/src/stm32f4xx_gpio.c ****   assert_param(IS_GPIO_ALL_PERIPH(GPIOx));
 384:libs/STM32F4xx_StdPeriph_Driver/src/stm32f4xx_gpio.c ****   assert_param(IS_GPIO_PIN(GPIO_Pin));
 385:libs/STM32F4xx_StdPeriph_Driver/src/stm32f4xx_gpio.c **** 
 386:libs/STM32F4xx_StdPeriph_Driver/src/stm32f4xx_gpio.c ****   GPIOx->BSRRL = GPIO_Pin;
 705              		.loc 1 386 0
 706 000c 7B68     		ldr	r3, [r7, #4]
 707 000e 7A88     		ldrh	r2, [r7, #2]	@ movhi
 708 0010 1A83     		strh	r2, [r3, #24]	@ movhi
 387:libs/STM32F4xx_StdPeriph_Driver/src/stm32f4xx_gpio.c **** }
 709              		.loc 1 387 0
 710 0012 07F10C07 		add	r7, r7, #12
 711 0016 BD46     		mov	sp, r7
 712 0018 80BC     		pop	{r7}
 713 001a 7047     		bx	lr
 714              		.cfi_endproc
 715              	.LFE118:
 717              		.section	.text.GPIO_ResetBits,"ax",%progbits
 718              		.align	2
 719              		.global	GPIO_ResetBits
 720              		.thumb
 721              		.thumb_func
 723              	GPIO_ResetBits:
 724              	.LFB119:
 388:libs/STM32F4xx_StdPeriph_Driver/src/stm32f4xx_gpio.c **** 
 389:libs/STM32F4xx_StdPeriph_Driver/src/stm32f4xx_gpio.c **** /**
 390:libs/STM32F4xx_StdPeriph_Driver/src/stm32f4xx_gpio.c ****   * @brief  Clears the selected data port bits.
 391:libs/STM32F4xx_StdPeriph_Driver/src/stm32f4xx_gpio.c ****   * @note   This functions uses GPIOx_BSRR register to allow atomic read/modify 
 392:libs/STM32F4xx_StdPeriph_Driver/src/stm32f4xx_gpio.c ****   *         accesses. In this way, there is no risk of an IRQ occurring between
 393:libs/STM32F4xx_StdPeriph_Driver/src/stm32f4xx_gpio.c ****   *         the read and the modify access.
 394:libs/STM32F4xx_StdPeriph_Driver/src/stm32f4xx_gpio.c ****   * @param  GPIOx: where x can be (A..I) to select the GPIO peripheral.
 395:libs/STM32F4xx_StdPeriph_Driver/src/stm32f4xx_gpio.c ****   * @param  GPIO_Pin: specifies the port bits to be written.
 396:libs/STM32F4xx_StdPeriph_Driver/src/stm32f4xx_gpio.c ****   *          This parameter can be any combination of GPIO_Pin_x where x can be (0..15).
 397:libs/STM32F4xx_StdPeriph_Driver/src/stm32f4xx_gpio.c ****   * @retval None
 398:libs/STM32F4xx_StdPeriph_Driver/src/stm32f4xx_gpio.c ****   */
 399:libs/STM32F4xx_StdPeriph_Driver/src/stm32f4xx_gpio.c **** void GPIO_ResetBits(GPIO_TypeDef* GPIOx, uint16_t GPIO_Pin)
 400:libs/STM32F4xx_StdPeriph_Driver/src/stm32f4xx_gpio.c **** {
 725              		.loc 1 400 0
 726              		.cfi_startproc
 727              		@ args = 0, pretend = 0, frame = 8
 728              		@ frame_needed = 1, uses_anonymous_args = 0
 729              		@ link register save eliminated.
 730 0000 80B4     		push	{r7}
 731              	.LCFI27:
 732              		.cfi_def_cfa_offset 4
 733 0002 83B0     		sub	sp, sp, #12
 734              	.LCFI28:
 735              		.cfi_def_cfa_offset 16
 736 0004 00AF     		add	r7, sp, #0
 737              		.cfi_offset 7, -4
 738              	.LCFI29:
 739              		.cfi_def_cfa_register 7
 740 0006 7860     		str	r0, [r7, #4]
 741 0008 0B46     		mov	r3, r1
 742 000a 7B80     		strh	r3, [r7, #2]	@ movhi
 401:libs/STM32F4xx_StdPeriph_Driver/src/stm32f4xx_gpio.c ****   /* Check the parameters */
 402:libs/STM32F4xx_StdPeriph_Driver/src/stm32f4xx_gpio.c ****   assert_param(IS_GPIO_ALL_PERIPH(GPIOx));
 403:libs/STM32F4xx_StdPeriph_Driver/src/stm32f4xx_gpio.c ****   assert_param(IS_GPIO_PIN(GPIO_Pin));
 404:libs/STM32F4xx_StdPeriph_Driver/src/stm32f4xx_gpio.c **** 
 405:libs/STM32F4xx_StdPeriph_Driver/src/stm32f4xx_gpio.c ****   GPIOx->BSRRH = GPIO_Pin;
 743              		.loc 1 405 0
 744 000c 7B68     		ldr	r3, [r7, #4]
 745 000e 7A88     		ldrh	r2, [r7, #2]	@ movhi
 746 0010 5A83     		strh	r2, [r3, #26]	@ movhi
 406:libs/STM32F4xx_StdPeriph_Driver/src/stm32f4xx_gpio.c **** }
 747              		.loc 1 406 0
 748 0012 07F10C07 		add	r7, r7, #12
 749 0016 BD46     		mov	sp, r7
 750 0018 80BC     		pop	{r7}
 751 001a 7047     		bx	lr
 752              		.cfi_endproc
 753              	.LFE119:
 755              		.section	.text.GPIO_WriteBit,"ax",%progbits
 756              		.align	2
 757              		.global	GPIO_WriteBit
 758              		.thumb
 759              		.thumb_func
 761              	GPIO_WriteBit:
 762              	.LFB120:
 407:libs/STM32F4xx_StdPeriph_Driver/src/stm32f4xx_gpio.c **** 
 408:libs/STM32F4xx_StdPeriph_Driver/src/stm32f4xx_gpio.c **** /**
 409:libs/STM32F4xx_StdPeriph_Driver/src/stm32f4xx_gpio.c ****   * @brief  Sets or clears the selected data port bit.
 410:libs/STM32F4xx_StdPeriph_Driver/src/stm32f4xx_gpio.c ****   * @param  GPIOx: where x can be (A..I) to select the GPIO peripheral.
 411:libs/STM32F4xx_StdPeriph_Driver/src/stm32f4xx_gpio.c ****   * @param  GPIO_Pin: specifies the port bit to be written.
 412:libs/STM32F4xx_StdPeriph_Driver/src/stm32f4xx_gpio.c ****   *          This parameter can be one of GPIO_Pin_x where x can be (0..15).
 413:libs/STM32F4xx_StdPeriph_Driver/src/stm32f4xx_gpio.c ****   * @param  BitVal: specifies the value to be written to the selected bit.
 414:libs/STM32F4xx_StdPeriph_Driver/src/stm32f4xx_gpio.c ****   *          This parameter can be one of the BitAction enum values:
 415:libs/STM32F4xx_StdPeriph_Driver/src/stm32f4xx_gpio.c ****   *            @arg Bit_RESET: to clear the port pin
 416:libs/STM32F4xx_StdPeriph_Driver/src/stm32f4xx_gpio.c ****   *            @arg Bit_SET: to set the port pin
 417:libs/STM32F4xx_StdPeriph_Driver/src/stm32f4xx_gpio.c ****   * @retval None
 418:libs/STM32F4xx_StdPeriph_Driver/src/stm32f4xx_gpio.c ****   */
 419:libs/STM32F4xx_StdPeriph_Driver/src/stm32f4xx_gpio.c **** void GPIO_WriteBit(GPIO_TypeDef* GPIOx, uint16_t GPIO_Pin, BitAction BitVal)
 420:libs/STM32F4xx_StdPeriph_Driver/src/stm32f4xx_gpio.c **** {
 763              		.loc 1 420 0
 764              		.cfi_startproc
 765              		@ args = 0, pretend = 0, frame = 8
 766              		@ frame_needed = 1, uses_anonymous_args = 0
 767              		@ link register save eliminated.
 768 0000 80B4     		push	{r7}
 769              	.LCFI30:
 770              		.cfi_def_cfa_offset 4
 771 0002 83B0     		sub	sp, sp, #12
 772              	.LCFI31:
 773              		.cfi_def_cfa_offset 16
 774 0004 00AF     		add	r7, sp, #0
 775              		.cfi_offset 7, -4
 776              	.LCFI32:
 777              		.cfi_def_cfa_register 7
 778 0006 7860     		str	r0, [r7, #4]
 779 0008 1346     		mov	r3, r2
 780 000a 0A46     		mov	r2, r1	@ movhi
 781 000c 7A80     		strh	r2, [r7, #2]	@ movhi
 782 000e 7B70     		strb	r3, [r7, #1]
 421:libs/STM32F4xx_StdPeriph_Driver/src/stm32f4xx_gpio.c ****   /* Check the parameters */
 422:libs/STM32F4xx_StdPeriph_Driver/src/stm32f4xx_gpio.c ****   assert_param(IS_GPIO_ALL_PERIPH(GPIOx));
 423:libs/STM32F4xx_StdPeriph_Driver/src/stm32f4xx_gpio.c ****   assert_param(IS_GET_GPIO_PIN(GPIO_Pin));
 424:libs/STM32F4xx_StdPeriph_Driver/src/stm32f4xx_gpio.c ****   assert_param(IS_GPIO_BIT_ACTION(BitVal));
 425:libs/STM32F4xx_StdPeriph_Driver/src/stm32f4xx_gpio.c **** 
 426:libs/STM32F4xx_StdPeriph_Driver/src/stm32f4xx_gpio.c ****   if (BitVal != Bit_RESET)
 783              		.loc 1 426 0
 784 0010 7B78     		ldrb	r3, [r7, #1]	@ zero_extendqisi2
 785 0012 002B     		cmp	r3, #0
 786 0014 03D0     		beq	.L32
 427:libs/STM32F4xx_StdPeriph_Driver/src/stm32f4xx_gpio.c ****   {
 428:libs/STM32F4xx_StdPeriph_Driver/src/stm32f4xx_gpio.c ****     GPIOx->BSRRL = GPIO_Pin;
 787              		.loc 1 428 0
 788 0016 7B68     		ldr	r3, [r7, #4]
 789 0018 7A88     		ldrh	r2, [r7, #2]	@ movhi
 790 001a 1A83     		strh	r2, [r3, #24]	@ movhi
 791 001c 02E0     		b	.L31
 792              	.L32:
 429:libs/STM32F4xx_StdPeriph_Driver/src/stm32f4xx_gpio.c ****   }
 430:libs/STM32F4xx_StdPeriph_Driver/src/stm32f4xx_gpio.c ****   else
 431:libs/STM32F4xx_StdPeriph_Driver/src/stm32f4xx_gpio.c ****   {
 432:libs/STM32F4xx_StdPeriph_Driver/src/stm32f4xx_gpio.c ****     GPIOx->BSRRH = GPIO_Pin ;
 793              		.loc 1 432 0
 794 001e 7B68     		ldr	r3, [r7, #4]
 795 0020 7A88     		ldrh	r2, [r7, #2]	@ movhi
 796 0022 5A83     		strh	r2, [r3, #26]	@ movhi
 797              	.L31:
 433:libs/STM32F4xx_StdPeriph_Driver/src/stm32f4xx_gpio.c ****   }
 434:libs/STM32F4xx_StdPeriph_Driver/src/stm32f4xx_gpio.c **** }
 798              		.loc 1 434 0
 799 0024 07F10C07 		add	r7, r7, #12
 800 0028 BD46     		mov	sp, r7
 801 002a 80BC     		pop	{r7}
 802 002c 7047     		bx	lr
 803              		.cfi_endproc
 804              	.LFE120:
 806 002e 00BF     		.section	.text.GPIO_Write,"ax",%progbits
 807              		.align	2
 808              		.global	GPIO_Write
 809              		.thumb
 810              		.thumb_func
 812              	GPIO_Write:
 813              	.LFB121:
 435:libs/STM32F4xx_StdPeriph_Driver/src/stm32f4xx_gpio.c **** 
 436:libs/STM32F4xx_StdPeriph_Driver/src/stm32f4xx_gpio.c **** /**
 437:libs/STM32F4xx_StdPeriph_Driver/src/stm32f4xx_gpio.c ****   * @brief  Writes data to the specified GPIO data port.
 438:libs/STM32F4xx_StdPeriph_Driver/src/stm32f4xx_gpio.c ****   * @param  GPIOx: where x can be (A..I) to select the GPIO peripheral.
 439:libs/STM32F4xx_StdPeriph_Driver/src/stm32f4xx_gpio.c ****   * @param  PortVal: specifies the value to be written to the port output data register.
 440:libs/STM32F4xx_StdPeriph_Driver/src/stm32f4xx_gpio.c ****   * @retval None
 441:libs/STM32F4xx_StdPeriph_Driver/src/stm32f4xx_gpio.c ****   */
 442:libs/STM32F4xx_StdPeriph_Driver/src/stm32f4xx_gpio.c **** void GPIO_Write(GPIO_TypeDef* GPIOx, uint16_t PortVal)
 443:libs/STM32F4xx_StdPeriph_Driver/src/stm32f4xx_gpio.c **** {
 814              		.loc 1 443 0
 815              		.cfi_startproc
 816              		@ args = 0, pretend = 0, frame = 8
 817              		@ frame_needed = 1, uses_anonymous_args = 0
 818              		@ link register save eliminated.
 819 0000 80B4     		push	{r7}
 820              	.LCFI33:
 821              		.cfi_def_cfa_offset 4
 822 0002 83B0     		sub	sp, sp, #12
 823              	.LCFI34:
 824              		.cfi_def_cfa_offset 16
 825 0004 00AF     		add	r7, sp, #0
 826              		.cfi_offset 7, -4
 827              	.LCFI35:
 828              		.cfi_def_cfa_register 7
 829 0006 7860     		str	r0, [r7, #4]
 830 0008 0B46     		mov	r3, r1
 831 000a 7B80     		strh	r3, [r7, #2]	@ movhi
 444:libs/STM32F4xx_StdPeriph_Driver/src/stm32f4xx_gpio.c ****   /* Check the parameters */
 445:libs/STM32F4xx_StdPeriph_Driver/src/stm32f4xx_gpio.c ****   assert_param(IS_GPIO_ALL_PERIPH(GPIOx));
 446:libs/STM32F4xx_StdPeriph_Driver/src/stm32f4xx_gpio.c **** 
 447:libs/STM32F4xx_StdPeriph_Driver/src/stm32f4xx_gpio.c ****   GPIOx->ODR = PortVal;
 832              		.loc 1 447 0
 833 000c 7A88     		ldrh	r2, [r7, #2]
 834 000e 7B68     		ldr	r3, [r7, #4]
 835 0010 5A61     		str	r2, [r3, #20]
 448:libs/STM32F4xx_StdPeriph_Driver/src/stm32f4xx_gpio.c **** }
 836              		.loc 1 448 0
 837 0012 07F10C07 		add	r7, r7, #12
 838 0016 BD46     		mov	sp, r7
 839 0018 80BC     		pop	{r7}
 840 001a 7047     		bx	lr
 841              		.cfi_endproc
 842              	.LFE121:
 844              		.section	.text.GPIO_ToggleBits,"ax",%progbits
 845              		.align	2
 846              		.global	GPIO_ToggleBits
 847              		.thumb
 848              		.thumb_func
 850              	GPIO_ToggleBits:
 851              	.LFB122:
 449:libs/STM32F4xx_StdPeriph_Driver/src/stm32f4xx_gpio.c **** 
 450:libs/STM32F4xx_StdPeriph_Driver/src/stm32f4xx_gpio.c **** /**
 451:libs/STM32F4xx_StdPeriph_Driver/src/stm32f4xx_gpio.c ****   * @brief  Toggles the specified GPIO pins..
 452:libs/STM32F4xx_StdPeriph_Driver/src/stm32f4xx_gpio.c ****   * @param  GPIOx: where x can be (A..I) to select the GPIO peripheral.
 453:libs/STM32F4xx_StdPeriph_Driver/src/stm32f4xx_gpio.c ****   * @param  GPIO_Pin: Specifies the pins to be toggled.
 454:libs/STM32F4xx_StdPeriph_Driver/src/stm32f4xx_gpio.c ****   * @retval None
 455:libs/STM32F4xx_StdPeriph_Driver/src/stm32f4xx_gpio.c ****   */
 456:libs/STM32F4xx_StdPeriph_Driver/src/stm32f4xx_gpio.c **** void GPIO_ToggleBits(GPIO_TypeDef* GPIOx, uint16_t GPIO_Pin)
 457:libs/STM32F4xx_StdPeriph_Driver/src/stm32f4xx_gpio.c **** {
 852              		.loc 1 457 0
 853              		.cfi_startproc
 854              		@ args = 0, pretend = 0, frame = 8
 855              		@ frame_needed = 1, uses_anonymous_args = 0
 856              		@ link register save eliminated.
 857 0000 80B4     		push	{r7}
 858              	.LCFI36:
 859              		.cfi_def_cfa_offset 4
 860 0002 83B0     		sub	sp, sp, #12
 861              	.LCFI37:
 862              		.cfi_def_cfa_offset 16
 863 0004 00AF     		add	r7, sp, #0
 864              		.cfi_offset 7, -4
 865              	.LCFI38:
 866              		.cfi_def_cfa_register 7
 867 0006 7860     		str	r0, [r7, #4]
 868 0008 0B46     		mov	r3, r1
 869 000a 7B80     		strh	r3, [r7, #2]	@ movhi
 458:libs/STM32F4xx_StdPeriph_Driver/src/stm32f4xx_gpio.c ****   /* Check the parameters */
 459:libs/STM32F4xx_StdPeriph_Driver/src/stm32f4xx_gpio.c ****   assert_param(IS_GPIO_ALL_PERIPH(GPIOx));
 460:libs/STM32F4xx_StdPeriph_Driver/src/stm32f4xx_gpio.c **** 
 461:libs/STM32F4xx_StdPeriph_Driver/src/stm32f4xx_gpio.c ****   GPIOx->ODR ^= GPIO_Pin;
 870              		.loc 1 461 0
 871 000c 7B68     		ldr	r3, [r7, #4]
 872 000e 5A69     		ldr	r2, [r3, #20]
 873 0010 7B88     		ldrh	r3, [r7, #2]
 874 0012 5A40     		eors	r2, r2, r3
 875 0014 7B68     		ldr	r3, [r7, #4]
 876 0016 5A61     		str	r2, [r3, #20]
 462:libs/STM32F4xx_StdPeriph_Driver/src/stm32f4xx_gpio.c **** }
 877              		.loc 1 462 0
 878 0018 07F10C07 		add	r7, r7, #12
 879 001c BD46     		mov	sp, r7
 880 001e 80BC     		pop	{r7}
 881 0020 7047     		bx	lr
 882              		.cfi_endproc
 883              	.LFE122:
 885 0022 00BF     		.section	.text.GPIO_PinAFConfig,"ax",%progbits
 886              		.align	2
 887              		.global	GPIO_PinAFConfig
 888              		.thumb
 889              		.thumb_func
 891              	GPIO_PinAFConfig:
 892              	.LFB123:
 463:libs/STM32F4xx_StdPeriph_Driver/src/stm32f4xx_gpio.c **** 
 464:libs/STM32F4xx_StdPeriph_Driver/src/stm32f4xx_gpio.c **** /**
 465:libs/STM32F4xx_StdPeriph_Driver/src/stm32f4xx_gpio.c ****   * @}
 466:libs/STM32F4xx_StdPeriph_Driver/src/stm32f4xx_gpio.c ****   */
 467:libs/STM32F4xx_StdPeriph_Driver/src/stm32f4xx_gpio.c **** 
 468:libs/STM32F4xx_StdPeriph_Driver/src/stm32f4xx_gpio.c **** /** @defgroup GPIO_Group3 GPIO Alternate functions configuration function
 469:libs/STM32F4xx_StdPeriph_Driver/src/stm32f4xx_gpio.c ****  *  @brief   GPIO Alternate functions configuration function
 470:libs/STM32F4xx_StdPeriph_Driver/src/stm32f4xx_gpio.c ****  *
 471:libs/STM32F4xx_StdPeriph_Driver/src/stm32f4xx_gpio.c **** @verbatim   
 472:libs/STM32F4xx_StdPeriph_Driver/src/stm32f4xx_gpio.c ****  ===============================================================================
 473:libs/STM32F4xx_StdPeriph_Driver/src/stm32f4xx_gpio.c ****                GPIO Alternate functions configuration function
 474:libs/STM32F4xx_StdPeriph_Driver/src/stm32f4xx_gpio.c ****  ===============================================================================  
 475:libs/STM32F4xx_StdPeriph_Driver/src/stm32f4xx_gpio.c **** 
 476:libs/STM32F4xx_StdPeriph_Driver/src/stm32f4xx_gpio.c **** @endverbatim
 477:libs/STM32F4xx_StdPeriph_Driver/src/stm32f4xx_gpio.c ****   * @{
 478:libs/STM32F4xx_StdPeriph_Driver/src/stm32f4xx_gpio.c ****   */
 479:libs/STM32F4xx_StdPeriph_Driver/src/stm32f4xx_gpio.c **** 
 480:libs/STM32F4xx_StdPeriph_Driver/src/stm32f4xx_gpio.c **** /**
 481:libs/STM32F4xx_StdPeriph_Driver/src/stm32f4xx_gpio.c ****   * @brief  Changes the mapping of the specified pin.
 482:libs/STM32F4xx_StdPeriph_Driver/src/stm32f4xx_gpio.c ****   * @param  GPIOx: where x can be (A..I) to select the GPIO peripheral.
 483:libs/STM32F4xx_StdPeriph_Driver/src/stm32f4xx_gpio.c ****   * @param  GPIO_PinSource: specifies the pin for the Alternate function.
 484:libs/STM32F4xx_StdPeriph_Driver/src/stm32f4xx_gpio.c ****   *         This parameter can be GPIO_PinSourcex where x can be (0..15).
 485:libs/STM32F4xx_StdPeriph_Driver/src/stm32f4xx_gpio.c ****   * @param  GPIO_AFSelection: selects the pin to used as Alternate function.
 486:libs/STM32F4xx_StdPeriph_Driver/src/stm32f4xx_gpio.c ****   *          This parameter can be one of the following values:
 487:libs/STM32F4xx_StdPeriph_Driver/src/stm32f4xx_gpio.c ****   *            @arg GPIO_AF_RTC_50Hz: Connect RTC_50Hz pin to AF0 (default after reset) 
 488:libs/STM32F4xx_StdPeriph_Driver/src/stm32f4xx_gpio.c ****   *            @arg GPIO_AF_MCO: Connect MCO pin (MCO1 and MCO2) to AF0 (default after reset) 
 489:libs/STM32F4xx_StdPeriph_Driver/src/stm32f4xx_gpio.c ****   *            @arg GPIO_AF_TAMPER: Connect TAMPER pins (TAMPER_1 and TAMPER_2) to AF0 (default aft
 490:libs/STM32F4xx_StdPeriph_Driver/src/stm32f4xx_gpio.c ****   *            @arg GPIO_AF_SWJ: Connect SWJ pins (SWD and JTAG)to AF0 (default after reset) 
 491:libs/STM32F4xx_StdPeriph_Driver/src/stm32f4xx_gpio.c ****   *            @arg GPIO_AF_TRACE: Connect TRACE pins to AF0 (default after reset)
 492:libs/STM32F4xx_StdPeriph_Driver/src/stm32f4xx_gpio.c ****   *            @arg GPIO_AF_TIM1: Connect TIM1 pins to AF1
 493:libs/STM32F4xx_StdPeriph_Driver/src/stm32f4xx_gpio.c ****   *            @arg GPIO_AF_TIM2: Connect TIM2 pins to AF1
 494:libs/STM32F4xx_StdPeriph_Driver/src/stm32f4xx_gpio.c ****   *            @arg GPIO_AF_TIM3: Connect TIM3 pins to AF2
 495:libs/STM32F4xx_StdPeriph_Driver/src/stm32f4xx_gpio.c ****   *            @arg GPIO_AF_TIM4: Connect TIM4 pins to AF2
 496:libs/STM32F4xx_StdPeriph_Driver/src/stm32f4xx_gpio.c ****   *            @arg GPIO_AF_TIM5: Connect TIM5 pins to AF2
 497:libs/STM32F4xx_StdPeriph_Driver/src/stm32f4xx_gpio.c ****   *            @arg GPIO_AF_TIM8: Connect TIM8 pins to AF3
 498:libs/STM32F4xx_StdPeriph_Driver/src/stm32f4xx_gpio.c ****   *            @arg GPIO_AF_TIM9: Connect TIM9 pins to AF3
 499:libs/STM32F4xx_StdPeriph_Driver/src/stm32f4xx_gpio.c ****   *            @arg GPIO_AF_TIM10: Connect TIM10 pins to AF3
 500:libs/STM32F4xx_StdPeriph_Driver/src/stm32f4xx_gpio.c ****   *            @arg GPIO_AF_TIM11: Connect TIM11 pins to AF3
 501:libs/STM32F4xx_StdPeriph_Driver/src/stm32f4xx_gpio.c ****   *            @arg GPIO_AF_I2C1: Connect I2C1 pins to AF4
 502:libs/STM32F4xx_StdPeriph_Driver/src/stm32f4xx_gpio.c ****   *            @arg GPIO_AF_I2C2: Connect I2C2 pins to AF4
 503:libs/STM32F4xx_StdPeriph_Driver/src/stm32f4xx_gpio.c ****   *            @arg GPIO_AF_I2C3: Connect I2C3 pins to AF4
 504:libs/STM32F4xx_StdPeriph_Driver/src/stm32f4xx_gpio.c ****   *            @arg GPIO_AF_SPI1: Connect SPI1 pins to AF5
 505:libs/STM32F4xx_StdPeriph_Driver/src/stm32f4xx_gpio.c ****   *            @arg GPIO_AF_SPI2: Connect SPI2/I2S2 pins to AF5
 506:libs/STM32F4xx_StdPeriph_Driver/src/stm32f4xx_gpio.c ****   *            @arg GPIO_AF_SPI3: Connect SPI3/I2S3 pins to AF6
 507:libs/STM32F4xx_StdPeriph_Driver/src/stm32f4xx_gpio.c ****   *            @arg GPIO_AF_I2S3ext: Connect I2S3ext pins to AF7
 508:libs/STM32F4xx_StdPeriph_Driver/src/stm32f4xx_gpio.c ****   *            @arg GPIO_AF_USART1: Connect USART1 pins to AF7
 509:libs/STM32F4xx_StdPeriph_Driver/src/stm32f4xx_gpio.c ****   *            @arg GPIO_AF_USART2: Connect USART2 pins to AF7
 510:libs/STM32F4xx_StdPeriph_Driver/src/stm32f4xx_gpio.c ****   *            @arg GPIO_AF_USART3: Connect USART3 pins to AF7
 511:libs/STM32F4xx_StdPeriph_Driver/src/stm32f4xx_gpio.c ****   *            @arg GPIO_AF_UART4: Connect UART4 pins to AF8
 512:libs/STM32F4xx_StdPeriph_Driver/src/stm32f4xx_gpio.c ****   *            @arg GPIO_AF_UART5: Connect UART5 pins to AF8
 513:libs/STM32F4xx_StdPeriph_Driver/src/stm32f4xx_gpio.c ****   *            @arg GPIO_AF_USART6: Connect USART6 pins to AF8
 514:libs/STM32F4xx_StdPeriph_Driver/src/stm32f4xx_gpio.c ****   *            @arg GPIO_AF_CAN1: Connect CAN1 pins to AF9
 515:libs/STM32F4xx_StdPeriph_Driver/src/stm32f4xx_gpio.c ****   *            @arg GPIO_AF_CAN2: Connect CAN2 pins to AF9
 516:libs/STM32F4xx_StdPeriph_Driver/src/stm32f4xx_gpio.c ****   *            @arg GPIO_AF_TIM12: Connect TIM12 pins to AF9
 517:libs/STM32F4xx_StdPeriph_Driver/src/stm32f4xx_gpio.c ****   *            @arg GPIO_AF_TIM13: Connect TIM13 pins to AF9
 518:libs/STM32F4xx_StdPeriph_Driver/src/stm32f4xx_gpio.c ****   *            @arg GPIO_AF_TIM14: Connect TIM14 pins to AF9
 519:libs/STM32F4xx_StdPeriph_Driver/src/stm32f4xx_gpio.c ****   *            @arg GPIO_AF_OTG_FS: Connect OTG_FS pins to AF10
 520:libs/STM32F4xx_StdPeriph_Driver/src/stm32f4xx_gpio.c ****   *            @arg GPIO_AF_OTG_HS: Connect OTG_HS pins to AF10
 521:libs/STM32F4xx_StdPeriph_Driver/src/stm32f4xx_gpio.c ****   *            @arg GPIO_AF_ETH: Connect ETHERNET pins to AF11
 522:libs/STM32F4xx_StdPeriph_Driver/src/stm32f4xx_gpio.c ****   *            @arg GPIO_AF_FSMC: Connect FSMC pins to AF12
 523:libs/STM32F4xx_StdPeriph_Driver/src/stm32f4xx_gpio.c ****   *            @arg GPIO_AF_OTG_HS_FS: Connect OTG HS (configured in FS) pins to AF12
 524:libs/STM32F4xx_StdPeriph_Driver/src/stm32f4xx_gpio.c ****   *            @arg GPIO_AF_SDIO: Connect SDIO pins to AF12
 525:libs/STM32F4xx_StdPeriph_Driver/src/stm32f4xx_gpio.c ****   *            @arg GPIO_AF_DCMI: Connect DCMI pins to AF13
 526:libs/STM32F4xx_StdPeriph_Driver/src/stm32f4xx_gpio.c ****   *            @arg GPIO_AF_EVENTOUT: Connect EVENTOUT pins to AF15
 527:libs/STM32F4xx_StdPeriph_Driver/src/stm32f4xx_gpio.c ****   * @retval None
 528:libs/STM32F4xx_StdPeriph_Driver/src/stm32f4xx_gpio.c ****   */
 529:libs/STM32F4xx_StdPeriph_Driver/src/stm32f4xx_gpio.c **** void GPIO_PinAFConfig(GPIO_TypeDef* GPIOx, uint16_t GPIO_PinSource, uint8_t GPIO_AF)
 530:libs/STM32F4xx_StdPeriph_Driver/src/stm32f4xx_gpio.c **** {
 893              		.loc 1 530 0
 894              		.cfi_startproc
 895              		@ args = 0, pretend = 0, frame = 16
 896              		@ frame_needed = 1, uses_anonymous_args = 0
 897              		@ link register save eliminated.
 898 0000 80B4     		push	{r7}
 899              	.LCFI39:
 900              		.cfi_def_cfa_offset 4
 901 0002 85B0     		sub	sp, sp, #20
 902              	.LCFI40:
 903              		.cfi_def_cfa_offset 24
 904 0004 00AF     		add	r7, sp, #0
 905              		.cfi_offset 7, -4
 906              	.LCFI41:
 907              		.cfi_def_cfa_register 7
 908 0006 7860     		str	r0, [r7, #4]
 909 0008 1346     		mov	r3, r2
 910 000a 0A46     		mov	r2, r1	@ movhi
 911 000c 7A80     		strh	r2, [r7, #2]	@ movhi
 912 000e 7B70     		strb	r3, [r7, #1]
 531:libs/STM32F4xx_StdPeriph_Driver/src/stm32f4xx_gpio.c ****   uint32_t temp = 0x00;
 913              		.loc 1 531 0
 914 0010 4FF00003 		mov	r3, #0
 915 0014 FB60     		str	r3, [r7, #12]
 532:libs/STM32F4xx_StdPeriph_Driver/src/stm32f4xx_gpio.c ****   uint32_t temp_2 = 0x00;
 916              		.loc 1 532 0
 917 0016 4FF00003 		mov	r3, #0
 918 001a BB60     		str	r3, [r7, #8]
 533:libs/STM32F4xx_StdPeriph_Driver/src/stm32f4xx_gpio.c ****   
 534:libs/STM32F4xx_StdPeriph_Driver/src/stm32f4xx_gpio.c ****   /* Check the parameters */
 535:libs/STM32F4xx_StdPeriph_Driver/src/stm32f4xx_gpio.c ****   assert_param(IS_GPIO_ALL_PERIPH(GPIOx));
 536:libs/STM32F4xx_StdPeriph_Driver/src/stm32f4xx_gpio.c ****   assert_param(IS_GPIO_PIN_SOURCE(GPIO_PinSource));
 537:libs/STM32F4xx_StdPeriph_Driver/src/stm32f4xx_gpio.c ****   assert_param(IS_GPIO_AF(GPIO_AF));
 538:libs/STM32F4xx_StdPeriph_Driver/src/stm32f4xx_gpio.c ****   
 539:libs/STM32F4xx_StdPeriph_Driver/src/stm32f4xx_gpio.c ****   temp = ((uint32_t)(GPIO_AF) << ((uint32_t)((uint32_t)GPIO_PinSource & (uint32_t)0x07) * 4)) ;
 919              		.loc 1 539 0
 920 001c 7A78     		ldrb	r2, [r7, #1]	@ zero_extendqisi2
 921 001e 7B88     		ldrh	r3, [r7, #2]
 922 0020 03F00703 		and	r3, r3, #7
 923 0024 4FEA8303 		lsl	r3, r3, #2
 924 0028 02FA03F3 		lsl	r3, r2, r3
 925 002c FB60     		str	r3, [r7, #12]
 540:libs/STM32F4xx_StdPeriph_Driver/src/stm32f4xx_gpio.c ****   GPIOx->AFR[GPIO_PinSource >> 0x03] &= ~((uint32_t)0xF << ((uint32_t)((uint32_t)GPIO_PinSource & (
 926              		.loc 1 540 0
 927 002e 7B88     		ldrh	r3, [r7, #2]
 928 0030 4FEAD303 		lsr	r3, r3, #3
 929 0034 9BB2     		uxth	r3, r3
 930 0036 1A46     		mov	r2, r3
 931 0038 7B88     		ldrh	r3, [r7, #2]
 932 003a 4FEAD303 		lsr	r3, r3, #3
 933 003e 9BB2     		uxth	r3, r3
 934 0040 1946     		mov	r1, r3
 935 0042 7B68     		ldr	r3, [r7, #4]
 936 0044 01F10801 		add	r1, r1, #8
 937 0048 53F82110 		ldr	r1, [r3, r1, lsl #2]
 938 004c 7B88     		ldrh	r3, [r7, #2]
 939 004e 03F00703 		and	r3, r3, #7
 940 0052 4FEA8303 		lsl	r3, r3, #2
 941 0056 4FF00F00 		mov	r0, #15
 942 005a 00FA03F3 		lsl	r3, r0, r3
 943 005e 6FEA0303 		mvn	r3, r3
 944 0062 1940     		ands	r1, r1, r3
 945 0064 7B68     		ldr	r3, [r7, #4]
 946 0066 02F10802 		add	r2, r2, #8
 947 006a 43F82210 		str	r1, [r3, r2, lsl #2]
 541:libs/STM32F4xx_StdPeriph_Driver/src/stm32f4xx_gpio.c ****   temp_2 = GPIOx->AFR[GPIO_PinSource >> 0x03] | temp;
 948              		.loc 1 541 0
 949 006e 7B88     		ldrh	r3, [r7, #2]
 950 0070 4FEAD303 		lsr	r3, r3, #3
 951 0074 9BB2     		uxth	r3, r3
 952 0076 1A46     		mov	r2, r3
 953 0078 7B68     		ldr	r3, [r7, #4]
 954 007a 02F10802 		add	r2, r2, #8
 955 007e 53F82220 		ldr	r2, [r3, r2, lsl #2]
 956 0082 FB68     		ldr	r3, [r7, #12]
 957 0084 42EA0303 		orr	r3, r2, r3
 958 0088 BB60     		str	r3, [r7, #8]
 542:libs/STM32F4xx_StdPeriph_Driver/src/stm32f4xx_gpio.c ****   GPIOx->AFR[GPIO_PinSource >> 0x03] = temp_2;
 959              		.loc 1 542 0
 960 008a 7B88     		ldrh	r3, [r7, #2]
 961 008c 4FEAD303 		lsr	r3, r3, #3
 962 0090 9BB2     		uxth	r3, r3
 963 0092 1A46     		mov	r2, r3
 964 0094 7B68     		ldr	r3, [r7, #4]
 965 0096 02F10802 		add	r2, r2, #8
 966 009a B968     		ldr	r1, [r7, #8]
 967 009c 43F82210 		str	r1, [r3, r2, lsl #2]
 543:libs/STM32F4xx_StdPeriph_Driver/src/stm32f4xx_gpio.c **** }
 968              		.loc 1 543 0
 969 00a0 07F11407 		add	r7, r7, #20
 970 00a4 BD46     		mov	sp, r7
 971 00a6 80BC     		pop	{r7}
 972 00a8 7047     		bx	lr
 973              		.cfi_endproc
 974              	.LFE123:
 976 00aa 00BF     		.text
 977              	.Letext0:
DEFINED SYMBOLS
                            *ABS*:00000000 stm32f4xx_gpio.c
     /tmp/cc4IprbP.s:25     .text.GPIO_DeInit:00000000 $t
     /tmp/cc4IprbP.s:30     .text.GPIO_DeInit:00000000 GPIO_DeInit
     /tmp/cc4IprbP.s:190    .text.GPIO_DeInit:00000140 $d
     /tmp/cc4IprbP.s:203    .text.GPIO_Init:00000000 $t
     /tmp/cc4IprbP.s:208    .text.GPIO_Init:00000000 GPIO_Init
     /tmp/cc4IprbP.s:380    .text.GPIO_StructInit:00000000 $t
     /tmp/cc4IprbP.s:385    .text.GPIO_StructInit:00000000 GPIO_StructInit
     /tmp/cc4IprbP.s:432    .text.GPIO_PinLockConfig:00000000 $t
     /tmp/cc4IprbP.s:437    .text.GPIO_PinLockConfig:00000000 GPIO_PinLockConfig
     /tmp/cc4IprbP.s:494    .text.GPIO_ReadInputDataBit:00000000 $t
     /tmp/cc4IprbP.s:499    .text.GPIO_ReadInputDataBit:00000000 GPIO_ReadInputDataBit
     /tmp/cc4IprbP.s:550    .text.GPIO_ReadInputData:00000000 $t
     /tmp/cc4IprbP.s:555    .text.GPIO_ReadInputData:00000000 GPIO_ReadInputData
     /tmp/cc4IprbP.s:587    .text.GPIO_ReadOutputDataBit:00000000 $t
     /tmp/cc4IprbP.s:592    .text.GPIO_ReadOutputDataBit:00000000 GPIO_ReadOutputDataBit
     /tmp/cc4IprbP.s:643    .text.GPIO_ReadOutputData:00000000 $t
     /tmp/cc4IprbP.s:648    .text.GPIO_ReadOutputData:00000000 GPIO_ReadOutputData
     /tmp/cc4IprbP.s:680    .text.GPIO_SetBits:00000000 $t
     /tmp/cc4IprbP.s:685    .text.GPIO_SetBits:00000000 GPIO_SetBits
     /tmp/cc4IprbP.s:718    .text.GPIO_ResetBits:00000000 $t
     /tmp/cc4IprbP.s:723    .text.GPIO_ResetBits:00000000 GPIO_ResetBits
     /tmp/cc4IprbP.s:756    .text.GPIO_WriteBit:00000000 $t
     /tmp/cc4IprbP.s:761    .text.GPIO_WriteBit:00000000 GPIO_WriteBit
     /tmp/cc4IprbP.s:807    .text.GPIO_Write:00000000 $t
     /tmp/cc4IprbP.s:812    .text.GPIO_Write:00000000 GPIO_Write
     /tmp/cc4IprbP.s:845    .text.GPIO_ToggleBits:00000000 $t
     /tmp/cc4IprbP.s:850    .text.GPIO_ToggleBits:00000000 GPIO_ToggleBits
     /tmp/cc4IprbP.s:886    .text.GPIO_PinAFConfig:00000000 $t
     /tmp/cc4IprbP.s:891    .text.GPIO_PinAFConfig:00000000 GPIO_PinAFConfig
                     .debug_frame:00000010 $d

UNDEFINED SYMBOLS
RCC_AHB1PeriphResetCmd
