   1              		.syntax unified
   2              		.cpu cortex-m4
   3              		.eabi_attribute 27, 3
   4              		.fpu fpv4-sp-d16
   5              		.eabi_attribute 20, 1
   6              		.eabi_attribute 21, 1
   7              		.eabi_attribute 23, 3
   8              		.eabi_attribute 24, 1
   9              		.eabi_attribute 25, 1
  10              		.eabi_attribute 26, 1
  11              		.eabi_attribute 30, 6
  12              		.eabi_attribute 18, 4
  13              		.thumb
  14              		.file	"stm32f4xx_crc.c"
  22              	.Ltext0:
  23              		.cfi_sections	.debug_frame
  24              		.section	.text.CRC_ResetDR,"ax",%progbits
  25              		.align	2
  26              		.global	CRC_ResetDR
  27              		.thumb
  28              		.thumb_func
  30              	CRC_ResetDR:
  31              	.LFB110:
  32              		.file 1 "libs/STM32F4xx_StdPeriph_Driver/src/stm32f4xx_crc.c"
   1:libs/STM32F4xx_StdPeriph_Driver/src/stm32f4xx_crc.c **** /**
   2:libs/STM32F4xx_StdPeriph_Driver/src/stm32f4xx_crc.c ****   ******************************************************************************
   3:libs/STM32F4xx_StdPeriph_Driver/src/stm32f4xx_crc.c ****   * @file    stm32f4xx_crc.c
   4:libs/STM32F4xx_StdPeriph_Driver/src/stm32f4xx_crc.c ****   * @author  MCD Application Team
   5:libs/STM32F4xx_StdPeriph_Driver/src/stm32f4xx_crc.c ****   * @version V1.0.0RC1
   6:libs/STM32F4xx_StdPeriph_Driver/src/stm32f4xx_crc.c ****   * @date    25-August-2011
   7:libs/STM32F4xx_StdPeriph_Driver/src/stm32f4xx_crc.c ****   * @brief   This file provides all the CRC firmware functions.
   8:libs/STM32F4xx_StdPeriph_Driver/src/stm32f4xx_crc.c ****   ******************************************************************************
   9:libs/STM32F4xx_StdPeriph_Driver/src/stm32f4xx_crc.c ****   * @attention
  10:libs/STM32F4xx_StdPeriph_Driver/src/stm32f4xx_crc.c ****   *
  11:libs/STM32F4xx_StdPeriph_Driver/src/stm32f4xx_crc.c ****   * THE PRESENT FIRMWARE WHICH IS FOR GUIDANCE ONLY AIMS AT PROVIDING CUSTOMERS
  12:libs/STM32F4xx_StdPeriph_Driver/src/stm32f4xx_crc.c ****   * WITH CODING INFORMATION REGARDING THEIR PRODUCTS IN ORDER FOR THEM TO SAVE
  13:libs/STM32F4xx_StdPeriph_Driver/src/stm32f4xx_crc.c ****   * TIME. AS A RESULT, STMICROELECTRONICS SHALL NOT BE HELD LIABLE FOR ANY
  14:libs/STM32F4xx_StdPeriph_Driver/src/stm32f4xx_crc.c ****   * DIRECT, INDIRECT OR CONSEQUENTIAL DAMAGES WITH RESPECT TO ANY CLAIMS ARISING
  15:libs/STM32F4xx_StdPeriph_Driver/src/stm32f4xx_crc.c ****   * FROM THE CONTENT OF SUCH FIRMWARE AND/OR THE USE MADE BY CUSTOMERS OF THE
  16:libs/STM32F4xx_StdPeriph_Driver/src/stm32f4xx_crc.c ****   * CODING INFORMATION CONTAINED HEREIN IN CONNECTION WITH THEIR PRODUCTS.
  17:libs/STM32F4xx_StdPeriph_Driver/src/stm32f4xx_crc.c ****   *
  18:libs/STM32F4xx_StdPeriph_Driver/src/stm32f4xx_crc.c ****   * <h2><center>&copy; COPYRIGHT 2011 STMicroelectronics</center></h2>
  19:libs/STM32F4xx_StdPeriph_Driver/src/stm32f4xx_crc.c ****   ******************************************************************************
  20:libs/STM32F4xx_StdPeriph_Driver/src/stm32f4xx_crc.c ****   */
  21:libs/STM32F4xx_StdPeriph_Driver/src/stm32f4xx_crc.c **** 
  22:libs/STM32F4xx_StdPeriph_Driver/src/stm32f4xx_crc.c **** /* Includes ------------------------------------------------------------------*/
  23:libs/STM32F4xx_StdPeriph_Driver/src/stm32f4xx_crc.c **** #include "stm32f4xx_crc.h"
  24:libs/STM32F4xx_StdPeriph_Driver/src/stm32f4xx_crc.c **** 
  25:libs/STM32F4xx_StdPeriph_Driver/src/stm32f4xx_crc.c **** /** @addtogroup STM32F4xx_StdPeriph_Driver
  26:libs/STM32F4xx_StdPeriph_Driver/src/stm32f4xx_crc.c ****   * @{
  27:libs/STM32F4xx_StdPeriph_Driver/src/stm32f4xx_crc.c ****   */
  28:libs/STM32F4xx_StdPeriph_Driver/src/stm32f4xx_crc.c **** 
  29:libs/STM32F4xx_StdPeriph_Driver/src/stm32f4xx_crc.c **** /** @defgroup CRC 
  30:libs/STM32F4xx_StdPeriph_Driver/src/stm32f4xx_crc.c ****   * @brief CRC driver modules
  31:libs/STM32F4xx_StdPeriph_Driver/src/stm32f4xx_crc.c ****   * @{
  32:libs/STM32F4xx_StdPeriph_Driver/src/stm32f4xx_crc.c ****   */
  33:libs/STM32F4xx_StdPeriph_Driver/src/stm32f4xx_crc.c **** 
  34:libs/STM32F4xx_StdPeriph_Driver/src/stm32f4xx_crc.c **** /* Private typedef -----------------------------------------------------------*/
  35:libs/STM32F4xx_StdPeriph_Driver/src/stm32f4xx_crc.c **** /* Private define ------------------------------------------------------------*/
  36:libs/STM32F4xx_StdPeriph_Driver/src/stm32f4xx_crc.c **** /* Private macro -------------------------------------------------------------*/
  37:libs/STM32F4xx_StdPeriph_Driver/src/stm32f4xx_crc.c **** /* Private variables ---------------------------------------------------------*/
  38:libs/STM32F4xx_StdPeriph_Driver/src/stm32f4xx_crc.c **** /* Private function prototypes -----------------------------------------------*/
  39:libs/STM32F4xx_StdPeriph_Driver/src/stm32f4xx_crc.c **** /* Private functions ---------------------------------------------------------*/
  40:libs/STM32F4xx_StdPeriph_Driver/src/stm32f4xx_crc.c **** 
  41:libs/STM32F4xx_StdPeriph_Driver/src/stm32f4xx_crc.c **** /** @defgroup CRC_Private_Functions
  42:libs/STM32F4xx_StdPeriph_Driver/src/stm32f4xx_crc.c ****   * @{
  43:libs/STM32F4xx_StdPeriph_Driver/src/stm32f4xx_crc.c ****   */
  44:libs/STM32F4xx_StdPeriph_Driver/src/stm32f4xx_crc.c **** 
  45:libs/STM32F4xx_StdPeriph_Driver/src/stm32f4xx_crc.c **** /**
  46:libs/STM32F4xx_StdPeriph_Driver/src/stm32f4xx_crc.c ****   * @brief  Resets the CRC Data register (DR).
  47:libs/STM32F4xx_StdPeriph_Driver/src/stm32f4xx_crc.c ****   * @param  None
  48:libs/STM32F4xx_StdPeriph_Driver/src/stm32f4xx_crc.c ****   * @retval None
  49:libs/STM32F4xx_StdPeriph_Driver/src/stm32f4xx_crc.c ****   */
  50:libs/STM32F4xx_StdPeriph_Driver/src/stm32f4xx_crc.c **** void CRC_ResetDR(void)
  51:libs/STM32F4xx_StdPeriph_Driver/src/stm32f4xx_crc.c **** {
  33              		.loc 1 51 0
  34              		.cfi_startproc
  35              		@ args = 0, pretend = 0, frame = 0
  36              		@ frame_needed = 1, uses_anonymous_args = 0
  37              		@ link register save eliminated.
  38 0000 80B4     		push	{r7}
  39              	.LCFI0:
  40              		.cfi_def_cfa_offset 4
  41 0002 00AF     		add	r7, sp, #0
  42              		.cfi_offset 7, -4
  43              	.LCFI1:
  44              		.cfi_def_cfa_register 7
  52:libs/STM32F4xx_StdPeriph_Driver/src/stm32f4xx_crc.c ****   /* Reset CRC generator */
  53:libs/STM32F4xx_StdPeriph_Driver/src/stm32f4xx_crc.c ****   CRC->CR = CRC_CR_RESET;
  45              		.loc 1 53 0
  46 0004 034B     		ldr	r3, .L2
  47 0006 4FF00102 		mov	r2, #1
  48 000a 9A60     		str	r2, [r3, #8]
  54:libs/STM32F4xx_StdPeriph_Driver/src/stm32f4xx_crc.c **** }
  49              		.loc 1 54 0
  50 000c BD46     		mov	sp, r7
  51 000e 80BC     		pop	{r7}
  52 0010 7047     		bx	lr
  53              	.L3:
  54 0012 00BF     		.align	2
  55              	.L2:
  56 0014 00300240 		.word	1073885184
  57              		.cfi_endproc
  58              	.LFE110:
  60              		.section	.text.CRC_CalcCRC,"ax",%progbits
  61              		.align	2
  62              		.global	CRC_CalcCRC
  63              		.thumb
  64              		.thumb_func
  66              	CRC_CalcCRC:
  67              	.LFB111:
  55:libs/STM32F4xx_StdPeriph_Driver/src/stm32f4xx_crc.c **** 
  56:libs/STM32F4xx_StdPeriph_Driver/src/stm32f4xx_crc.c **** /**
  57:libs/STM32F4xx_StdPeriph_Driver/src/stm32f4xx_crc.c ****   * @brief  Computes the 32-bit CRC of a given data word(32-bit).
  58:libs/STM32F4xx_StdPeriph_Driver/src/stm32f4xx_crc.c ****   * @param  Data: data word(32-bit) to compute its CRC
  59:libs/STM32F4xx_StdPeriph_Driver/src/stm32f4xx_crc.c ****   * @retval 32-bit CRC
  60:libs/STM32F4xx_StdPeriph_Driver/src/stm32f4xx_crc.c ****   */
  61:libs/STM32F4xx_StdPeriph_Driver/src/stm32f4xx_crc.c **** uint32_t CRC_CalcCRC(uint32_t Data)
  62:libs/STM32F4xx_StdPeriph_Driver/src/stm32f4xx_crc.c **** {
  68              		.loc 1 62 0
  69              		.cfi_startproc
  70              		@ args = 0, pretend = 0, frame = 8
  71              		@ frame_needed = 1, uses_anonymous_args = 0
  72              		@ link register save eliminated.
  73 0000 80B4     		push	{r7}
  74              	.LCFI2:
  75              		.cfi_def_cfa_offset 4
  76 0002 83B0     		sub	sp, sp, #12
  77              	.LCFI3:
  78              		.cfi_def_cfa_offset 16
  79 0004 00AF     		add	r7, sp, #0
  80              		.cfi_offset 7, -4
  81              	.LCFI4:
  82              		.cfi_def_cfa_register 7
  83 0006 7860     		str	r0, [r7, #4]
  63:libs/STM32F4xx_StdPeriph_Driver/src/stm32f4xx_crc.c ****   CRC->DR = Data;
  84              		.loc 1 63 0
  85 0008 054B     		ldr	r3, .L5
  86 000a 7A68     		ldr	r2, [r7, #4]
  87 000c 1A60     		str	r2, [r3, #0]
  64:libs/STM32F4xx_StdPeriph_Driver/src/stm32f4xx_crc.c ****   
  65:libs/STM32F4xx_StdPeriph_Driver/src/stm32f4xx_crc.c ****   return (CRC->DR);
  88              		.loc 1 65 0
  89 000e 044B     		ldr	r3, .L5
  90 0010 1B68     		ldr	r3, [r3, #0]
  66:libs/STM32F4xx_StdPeriph_Driver/src/stm32f4xx_crc.c **** }
  91              		.loc 1 66 0
  92 0012 1846     		mov	r0, r3
  93 0014 07F10C07 		add	r7, r7, #12
  94 0018 BD46     		mov	sp, r7
  95 001a 80BC     		pop	{r7}
  96 001c 7047     		bx	lr
  97              	.L6:
  98 001e 00BF     		.align	2
  99              	.L5:
 100 0020 00300240 		.word	1073885184
 101              		.cfi_endproc
 102              	.LFE111:
 104              		.section	.text.CRC_CalcBlockCRC,"ax",%progbits
 105              		.align	2
 106              		.global	CRC_CalcBlockCRC
 107              		.thumb
 108              		.thumb_func
 110              	CRC_CalcBlockCRC:
 111              	.LFB112:
  67:libs/STM32F4xx_StdPeriph_Driver/src/stm32f4xx_crc.c **** 
  68:libs/STM32F4xx_StdPeriph_Driver/src/stm32f4xx_crc.c **** /**
  69:libs/STM32F4xx_StdPeriph_Driver/src/stm32f4xx_crc.c ****   * @brief  Computes the 32-bit CRC of a given buffer of data word(32-bit).
  70:libs/STM32F4xx_StdPeriph_Driver/src/stm32f4xx_crc.c ****   * @param  pBuffer: pointer to the buffer containing the data to be computed
  71:libs/STM32F4xx_StdPeriph_Driver/src/stm32f4xx_crc.c ****   * @param  BufferLength: length of the buffer to be computed					
  72:libs/STM32F4xx_StdPeriph_Driver/src/stm32f4xx_crc.c ****   * @retval 32-bit CRC
  73:libs/STM32F4xx_StdPeriph_Driver/src/stm32f4xx_crc.c ****   */
  74:libs/STM32F4xx_StdPeriph_Driver/src/stm32f4xx_crc.c **** uint32_t CRC_CalcBlockCRC(uint32_t pBuffer[], uint32_t BufferLength)
  75:libs/STM32F4xx_StdPeriph_Driver/src/stm32f4xx_crc.c **** {
 112              		.loc 1 75 0
 113              		.cfi_startproc
 114              		@ args = 0, pretend = 0, frame = 16
 115              		@ frame_needed = 1, uses_anonymous_args = 0
 116              		@ link register save eliminated.
 117 0000 80B4     		push	{r7}
 118              	.LCFI5:
 119              		.cfi_def_cfa_offset 4
 120 0002 85B0     		sub	sp, sp, #20
 121              	.LCFI6:
 122              		.cfi_def_cfa_offset 24
 123 0004 00AF     		add	r7, sp, #0
 124              		.cfi_offset 7, -4
 125              	.LCFI7:
 126              		.cfi_def_cfa_register 7
 127 0006 7860     		str	r0, [r7, #4]
 128 0008 3960     		str	r1, [r7, #0]
  76:libs/STM32F4xx_StdPeriph_Driver/src/stm32f4xx_crc.c ****   uint32_t index = 0;
 129              		.loc 1 76 0
 130 000a 4FF00003 		mov	r3, #0
 131 000e FB60     		str	r3, [r7, #12]
  77:libs/STM32F4xx_StdPeriph_Driver/src/stm32f4xx_crc.c ****   
  78:libs/STM32F4xx_StdPeriph_Driver/src/stm32f4xx_crc.c ****   for(index = 0; index < BufferLength; index++)
 132              		.loc 1 78 0
 133 0010 4FF00003 		mov	r3, #0
 134 0014 FB60     		str	r3, [r7, #12]
 135 0016 0BE0     		b	.L8
 136              	.L9:
  79:libs/STM32F4xx_StdPeriph_Driver/src/stm32f4xx_crc.c ****   {
  80:libs/STM32F4xx_StdPeriph_Driver/src/stm32f4xx_crc.c ****     CRC->DR = pBuffer[index];
 137              		.loc 1 80 0 discriminator 2
 138 0018 0B4B     		ldr	r3, .L10
 139 001a FA68     		ldr	r2, [r7, #12]
 140 001c 4FEA8202 		lsl	r2, r2, #2
 141 0020 7968     		ldr	r1, [r7, #4]
 142 0022 8A18     		adds	r2, r1, r2
 143 0024 1268     		ldr	r2, [r2, #0]
 144 0026 1A60     		str	r2, [r3, #0]
  78:libs/STM32F4xx_StdPeriph_Driver/src/stm32f4xx_crc.c ****   for(index = 0; index < BufferLength; index++)
 145              		.loc 1 78 0 discriminator 2
 146 0028 FB68     		ldr	r3, [r7, #12]
 147 002a 03F10103 		add	r3, r3, #1
 148 002e FB60     		str	r3, [r7, #12]
 149              	.L8:
  78:libs/STM32F4xx_StdPeriph_Driver/src/stm32f4xx_crc.c ****   for(index = 0; index < BufferLength; index++)
 150              		.loc 1 78 0 is_stmt 0 discriminator 1
 151 0030 FA68     		ldr	r2, [r7, #12]
 152 0032 3B68     		ldr	r3, [r7, #0]
 153 0034 9A42     		cmp	r2, r3
 154 0036 EFD3     		bcc	.L9
  81:libs/STM32F4xx_StdPeriph_Driver/src/stm32f4xx_crc.c ****   }
  82:libs/STM32F4xx_StdPeriph_Driver/src/stm32f4xx_crc.c ****   return (CRC->DR);
 155              		.loc 1 82 0 is_stmt 1
 156 0038 034B     		ldr	r3, .L10
 157 003a 1B68     		ldr	r3, [r3, #0]
  83:libs/STM32F4xx_StdPeriph_Driver/src/stm32f4xx_crc.c **** }
 158              		.loc 1 83 0
 159 003c 1846     		mov	r0, r3
 160 003e 07F11407 		add	r7, r7, #20
 161 0042 BD46     		mov	sp, r7
 162 0044 80BC     		pop	{r7}
 163 0046 7047     		bx	lr
 164              	.L11:
 165              		.align	2
 166              	.L10:
 167 0048 00300240 		.word	1073885184
 168              		.cfi_endproc
 169              	.LFE112:
 171              		.section	.text.CRC_GetCRC,"ax",%progbits
 172              		.align	2
 173              		.global	CRC_GetCRC
 174              		.thumb
 175              		.thumb_func
 177              	CRC_GetCRC:
 178              	.LFB113:
  84:libs/STM32F4xx_StdPeriph_Driver/src/stm32f4xx_crc.c **** 
  85:libs/STM32F4xx_StdPeriph_Driver/src/stm32f4xx_crc.c **** /**
  86:libs/STM32F4xx_StdPeriph_Driver/src/stm32f4xx_crc.c ****   * @brief  Returns the current CRC value.
  87:libs/STM32F4xx_StdPeriph_Driver/src/stm32f4xx_crc.c ****   * @param  None
  88:libs/STM32F4xx_StdPeriph_Driver/src/stm32f4xx_crc.c ****   * @retval 32-bit CRC
  89:libs/STM32F4xx_StdPeriph_Driver/src/stm32f4xx_crc.c ****   */
  90:libs/STM32F4xx_StdPeriph_Driver/src/stm32f4xx_crc.c **** uint32_t CRC_GetCRC(void)
  91:libs/STM32F4xx_StdPeriph_Driver/src/stm32f4xx_crc.c **** {
 179              		.loc 1 91 0
 180              		.cfi_startproc
 181              		@ args = 0, pretend = 0, frame = 0
 182              		@ frame_needed = 1, uses_anonymous_args = 0
 183              		@ link register save eliminated.
 184 0000 80B4     		push	{r7}
 185              	.LCFI8:
 186              		.cfi_def_cfa_offset 4
 187 0002 00AF     		add	r7, sp, #0
 188              		.cfi_offset 7, -4
 189              	.LCFI9:
 190              		.cfi_def_cfa_register 7
  92:libs/STM32F4xx_StdPeriph_Driver/src/stm32f4xx_crc.c ****   return (CRC->DR);
 191              		.loc 1 92 0
 192 0004 024B     		ldr	r3, .L13
 193 0006 1B68     		ldr	r3, [r3, #0]
  93:libs/STM32F4xx_StdPeriph_Driver/src/stm32f4xx_crc.c **** }
 194              		.loc 1 93 0
 195 0008 1846     		mov	r0, r3
 196 000a BD46     		mov	sp, r7
 197 000c 80BC     		pop	{r7}
 198 000e 7047     		bx	lr
 199              	.L14:
 200              		.align	2
 201              	.L13:
 202 0010 00300240 		.word	1073885184
 203              		.cfi_endproc
 204              	.LFE113:
 206              		.section	.text.CRC_SetIDRegister,"ax",%progbits
 207              		.align	2
 208              		.global	CRC_SetIDRegister
 209              		.thumb
 210              		.thumb_func
 212              	CRC_SetIDRegister:
 213              	.LFB114:
  94:libs/STM32F4xx_StdPeriph_Driver/src/stm32f4xx_crc.c **** 
  95:libs/STM32F4xx_StdPeriph_Driver/src/stm32f4xx_crc.c **** /**
  96:libs/STM32F4xx_StdPeriph_Driver/src/stm32f4xx_crc.c ****   * @brief  Stores a 8-bit data in the Independent Data(ID) register.
  97:libs/STM32F4xx_StdPeriph_Driver/src/stm32f4xx_crc.c ****   * @param  IDValue: 8-bit value to be stored in the ID register 					
  98:libs/STM32F4xx_StdPeriph_Driver/src/stm32f4xx_crc.c ****   * @retval None
  99:libs/STM32F4xx_StdPeriph_Driver/src/stm32f4xx_crc.c ****   */
 100:libs/STM32F4xx_StdPeriph_Driver/src/stm32f4xx_crc.c **** void CRC_SetIDRegister(uint8_t IDValue)
 101:libs/STM32F4xx_StdPeriph_Driver/src/stm32f4xx_crc.c **** {
 214              		.loc 1 101 0
 215              		.cfi_startproc
 216              		@ args = 0, pretend = 0, frame = 8
 217              		@ frame_needed = 1, uses_anonymous_args = 0
 218              		@ link register save eliminated.
 219 0000 80B4     		push	{r7}
 220              	.LCFI10:
 221              		.cfi_def_cfa_offset 4
 222 0002 83B0     		sub	sp, sp, #12
 223              	.LCFI11:
 224              		.cfi_def_cfa_offset 16
 225 0004 00AF     		add	r7, sp, #0
 226              		.cfi_offset 7, -4
 227              	.LCFI12:
 228              		.cfi_def_cfa_register 7
 229 0006 0346     		mov	r3, r0
 230 0008 FB71     		strb	r3, [r7, #7]
 102:libs/STM32F4xx_StdPeriph_Driver/src/stm32f4xx_crc.c ****   CRC->IDR = IDValue;
 231              		.loc 1 102 0
 232 000a 044B     		ldr	r3, .L16
 233 000c FA79     		ldrb	r2, [r7, #7]
 234 000e 1A71     		strb	r2, [r3, #4]
 103:libs/STM32F4xx_StdPeriph_Driver/src/stm32f4xx_crc.c **** }
 235              		.loc 1 103 0
 236 0010 07F10C07 		add	r7, r7, #12
 237 0014 BD46     		mov	sp, r7
 238 0016 80BC     		pop	{r7}
 239 0018 7047     		bx	lr
 240              	.L17:
 241 001a 00BF     		.align	2
 242              	.L16:
 243 001c 00300240 		.word	1073885184
 244              		.cfi_endproc
 245              	.LFE114:
 247              		.section	.text.CRC_GetIDRegister,"ax",%progbits
 248              		.align	2
 249              		.global	CRC_GetIDRegister
 250              		.thumb
 251              		.thumb_func
 253              	CRC_GetIDRegister:
 254              	.LFB115:
 104:libs/STM32F4xx_StdPeriph_Driver/src/stm32f4xx_crc.c **** 
 105:libs/STM32F4xx_StdPeriph_Driver/src/stm32f4xx_crc.c **** /**
 106:libs/STM32F4xx_StdPeriph_Driver/src/stm32f4xx_crc.c ****   * @brief  Returns the 8-bit data stored in the Independent Data(ID) register
 107:libs/STM32F4xx_StdPeriph_Driver/src/stm32f4xx_crc.c ****   * @param  None
 108:libs/STM32F4xx_StdPeriph_Driver/src/stm32f4xx_crc.c ****   * @retval 8-bit value of the ID register 
 109:libs/STM32F4xx_StdPeriph_Driver/src/stm32f4xx_crc.c ****   */
 110:libs/STM32F4xx_StdPeriph_Driver/src/stm32f4xx_crc.c **** uint8_t CRC_GetIDRegister(void)
 111:libs/STM32F4xx_StdPeriph_Driver/src/stm32f4xx_crc.c **** {
 255              		.loc 1 111 0
 256              		.cfi_startproc
 257              		@ args = 0, pretend = 0, frame = 0
 258              		@ frame_needed = 1, uses_anonymous_args = 0
 259              		@ link register save eliminated.
 260 0000 80B4     		push	{r7}
 261              	.LCFI13:
 262              		.cfi_def_cfa_offset 4
 263 0002 00AF     		add	r7, sp, #0
 264              		.cfi_offset 7, -4
 265              	.LCFI14:
 266              		.cfi_def_cfa_register 7
 112:libs/STM32F4xx_StdPeriph_Driver/src/stm32f4xx_crc.c ****   return (CRC->IDR);
 267              		.loc 1 112 0
 268 0004 034B     		ldr	r3, .L19
 269 0006 1B79     		ldrb	r3, [r3, #4]
 270 0008 DBB2     		uxtb	r3, r3
 113:libs/STM32F4xx_StdPeriph_Driver/src/stm32f4xx_crc.c **** }
 271              		.loc 1 113 0
 272 000a 1846     		mov	r0, r3
 273 000c BD46     		mov	sp, r7
 274 000e 80BC     		pop	{r7}
 275 0010 7047     		bx	lr
 276              	.L20:
 277 0012 00BF     		.align	2
 278              	.L19:
 279 0014 00300240 		.word	1073885184
 280              		.cfi_endproc
 281              	.LFE115:
 283              		.text
 284              	.Letext0:
DEFINED SYMBOLS
                            *ABS*:00000000 stm32f4xx_crc.c
     /tmp/cc3wb38c.s:25     .text.CRC_ResetDR:00000000 $t
     /tmp/cc3wb38c.s:30     .text.CRC_ResetDR:00000000 CRC_ResetDR
     /tmp/cc3wb38c.s:56     .text.CRC_ResetDR:00000014 $d
     /tmp/cc3wb38c.s:61     .text.CRC_CalcCRC:00000000 $t
     /tmp/cc3wb38c.s:66     .text.CRC_CalcCRC:00000000 CRC_CalcCRC
     /tmp/cc3wb38c.s:100    .text.CRC_CalcCRC:00000020 $d
     /tmp/cc3wb38c.s:105    .text.CRC_CalcBlockCRC:00000000 $t
     /tmp/cc3wb38c.s:110    .text.CRC_CalcBlockCRC:00000000 CRC_CalcBlockCRC
     /tmp/cc3wb38c.s:167    .text.CRC_CalcBlockCRC:00000048 $d
     /tmp/cc3wb38c.s:172    .text.CRC_GetCRC:00000000 $t
     /tmp/cc3wb38c.s:177    .text.CRC_GetCRC:00000000 CRC_GetCRC
     /tmp/cc3wb38c.s:202    .text.CRC_GetCRC:00000010 $d
     /tmp/cc3wb38c.s:207    .text.CRC_SetIDRegister:00000000 $t
     /tmp/cc3wb38c.s:212    .text.CRC_SetIDRegister:00000000 CRC_SetIDRegister
     /tmp/cc3wb38c.s:243    .text.CRC_SetIDRegister:0000001c $d
     /tmp/cc3wb38c.s:248    .text.CRC_GetIDRegister:00000000 $t
     /tmp/cc3wb38c.s:253    .text.CRC_GetIDRegister:00000000 CRC_GetIDRegister
     /tmp/cc3wb38c.s:279    .text.CRC_GetIDRegister:00000014 $d
                     .debug_frame:00000010 $d

NO UNDEFINED SYMBOLS
