   1              		.syntax unified
   2              		.cpu cortex-m4
   3              		.eabi_attribute 27, 3
   4              		.fpu fpv4-sp-d16
   5              		.eabi_attribute 20, 1
   6              		.eabi_attribute 21, 1
   7              		.eabi_attribute 23, 3
   8              		.eabi_attribute 24, 1
   9              		.eabi_attribute 25, 1
  10              		.eabi_attribute 26, 1
  11              		.eabi_attribute 30, 6
  12              		.eabi_attribute 18, 4
  13              		.thumb
  14              		.file	"system_stm32f4xx.c"
  22              	.Ltext0:
  23              		.cfi_sections	.debug_frame
  24              		.global	SystemCoreClock
  25              		.section	.data.SystemCoreClock,"aw",%progbits
  26              		.align	2
  29              	SystemCoreClock:
  30 0000 007A030A 		.word	168000000
  31              		.global	AHBPrescTable
  32              		.section	.data.AHBPrescTable,"aw",%progbits
  33              		.align	2
  36              	AHBPrescTable:
  37 0000 00       		.byte	0
  38 0001 00       		.byte	0
  39 0002 00       		.byte	0
  40 0003 00       		.byte	0
  41 0004 00       		.byte	0
  42 0005 00       		.byte	0
  43 0006 00       		.byte	0
  44 0007 00       		.byte	0
  45 0008 01       		.byte	1
  46 0009 02       		.byte	2
  47 000a 03       		.byte	3
  48 000b 04       		.byte	4
  49 000c 06       		.byte	6
  50 000d 07       		.byte	7
  51 000e 08       		.byte	8
  52 000f 09       		.byte	9
  53              		.section	.text.SystemInit,"ax",%progbits
  54              		.align	2
  55              		.global	SystemInit
  56              		.thumb
  57              		.thumb_func
  59              	SystemInit:
  60              	.LFB110:
  61              		.file 1 "src/system_stm32f4xx.c"
   1:src/system_stm32f4xx.c **** /**
   2:src/system_stm32f4xx.c ****   ******************************************************************************
   3:src/system_stm32f4xx.c ****   * @file    system_stm32f4xx.c
   4:src/system_stm32f4xx.c ****   * @author  MCD Application Team
   5:src/system_stm32f4xx.c ****   * @version V1.0.0
   6:src/system_stm32f4xx.c ****   * @date    19-September-2011
   7:src/system_stm32f4xx.c ****   * @brief   CMSIS Cortex-M4 Device Peripheral Access Layer System Source File.
   8:src/system_stm32f4xx.c ****   *          This file contains the system clock configuration for STM32F4xx devices,
   9:src/system_stm32f4xx.c ****   *          and is generated by the clock configuration tool
  10:src/system_stm32f4xx.c ****   *          stm32f4xx_Clock_Configuration_V1.0.0.xls
  11:src/system_stm32f4xx.c ****   *             
  12:src/system_stm32f4xx.c ****   * 1.  This file provides two functions and one global variable to be called from 
  13:src/system_stm32f4xx.c ****   *     user application:
  14:src/system_stm32f4xx.c ****   *      - SystemInit(): Setups the system clock (System clock source, PLL Multiplier
  15:src/system_stm32f4xx.c ****   *                      and Divider factors, AHB/APBx prescalers and Flash settings),
  16:src/system_stm32f4xx.c ****   *                      depending on the configuration made in the clock xls tool. 
  17:src/system_stm32f4xx.c ****   *                      This function is called at startup just after reset and 
  18:src/system_stm32f4xx.c ****   *                      before branch to main program. This call is made inside
  19:src/system_stm32f4xx.c ****   *                      the "startup_stm32f4xx.s" file.
  20:src/system_stm32f4xx.c ****   *
  21:src/system_stm32f4xx.c ****   *      - SystemCoreClock variable: Contains the core clock (HCLK), it can be used
  22:src/system_stm32f4xx.c ****   *                                  by the user application to setup the SysTick 
  23:src/system_stm32f4xx.c ****   *                                  timer or configure other parameters.
  24:src/system_stm32f4xx.c ****   *                                     
  25:src/system_stm32f4xx.c ****   *      - SystemCoreClockUpdate(): Updates the variable SystemCoreClock and must
  26:src/system_stm32f4xx.c ****   *                                 be called whenever the core clock is changed
  27:src/system_stm32f4xx.c ****   *                                 during program execution.
  28:src/system_stm32f4xx.c ****   *
  29:src/system_stm32f4xx.c ****   * 2. After each device reset the HSI (16 MHz) is used as system clock source.
  30:src/system_stm32f4xx.c ****   *    Then SystemInit() function is called, in "startup_stm32f4xx.s" file, to
  31:src/system_stm32f4xx.c ****   *    configure the system clock before to branch to main program.
  32:src/system_stm32f4xx.c ****   *
  33:src/system_stm32f4xx.c ****   * 3. If the system clock source selected by user fails to startup, the SystemInit()
  34:src/system_stm32f4xx.c ****   *    function will do nothing and HSI still used as system clock source. User can 
  35:src/system_stm32f4xx.c ****   *    add some code to deal with this issue inside the SetSysClock() function.
  36:src/system_stm32f4xx.c ****   *
  37:src/system_stm32f4xx.c ****   * 4. The default value of HSE crystal is set to 8 MHz, refer to "HSE_VALUE" define
  38:src/system_stm32f4xx.c ****   *    in "stm32f4xx.h" file. When HSE is used as system clock source, directly or
  39:src/system_stm32f4xx.c ****   *    through PLL, and you are using different crystal you have to adapt the HSE
  40:src/system_stm32f4xx.c ****   *    value to your own configuration.
  41:src/system_stm32f4xx.c ****   *
  42:src/system_stm32f4xx.c ****   * 5. This file configures the system clock as follows:
  43:src/system_stm32f4xx.c ****   *=============================================================================
  44:src/system_stm32f4xx.c ****   *=============================================================================
  45:src/system_stm32f4xx.c ****   *        Supported STM32F4xx device revision    | Rev A
  46:src/system_stm32f4xx.c ****   *-----------------------------------------------------------------------------
  47:src/system_stm32f4xx.c ****   *        System Clock source                    | PLL (HSE)
  48:src/system_stm32f4xx.c ****   *-----------------------------------------------------------------------------
  49:src/system_stm32f4xx.c ****   *        SYSCLK(Hz)                             | 168000000
  50:src/system_stm32f4xx.c ****   *-----------------------------------------------------------------------------
  51:src/system_stm32f4xx.c ****   *        HCLK(Hz)                               | 168000000
  52:src/system_stm32f4xx.c ****   *-----------------------------------------------------------------------------
  53:src/system_stm32f4xx.c ****   *        AHB Prescaler                          | 1
  54:src/system_stm32f4xx.c ****   *-----------------------------------------------------------------------------
  55:src/system_stm32f4xx.c ****   *        APB1 Prescaler                         | 4
  56:src/system_stm32f4xx.c ****   *-----------------------------------------------------------------------------
  57:src/system_stm32f4xx.c ****   *        APB2 Prescaler                         | 2
  58:src/system_stm32f4xx.c ****   *-----------------------------------------------------------------------------
  59:src/system_stm32f4xx.c ****   *        HSE Frequency(Hz)                      | 8000000
  60:src/system_stm32f4xx.c ****   *-----------------------------------------------------------------------------
  61:src/system_stm32f4xx.c ****   *        PLL_M                                  | 8
  62:src/system_stm32f4xx.c ****   *-----------------------------------------------------------------------------
  63:src/system_stm32f4xx.c ****   *        PLL_N                                  | 336
  64:src/system_stm32f4xx.c ****   *-----------------------------------------------------------------------------
  65:src/system_stm32f4xx.c ****   *        PLL_P                                  | 2
  66:src/system_stm32f4xx.c ****   *-----------------------------------------------------------------------------
  67:src/system_stm32f4xx.c ****   *        PLL_Q                                  | 7
  68:src/system_stm32f4xx.c ****   *-----------------------------------------------------------------------------
  69:src/system_stm32f4xx.c ****   *        PLLI2S_N                               | 192
  70:src/system_stm32f4xx.c ****   *-----------------------------------------------------------------------------
  71:src/system_stm32f4xx.c ****   *        PLLI2S_R                               | 5
  72:src/system_stm32f4xx.c ****   *-----------------------------------------------------------------------------
  73:src/system_stm32f4xx.c ****   *        I2S input clock(Hz)                    | 38400000
  74:src/system_stm32f4xx.c ****   *-----------------------------------------------------------------------------
  75:src/system_stm32f4xx.c ****   *        VDD(V)                                 | 3.3
  76:src/system_stm32f4xx.c ****   *-----------------------------------------------------------------------------
  77:src/system_stm32f4xx.c ****   *        High Performance mode                  | Enabled
  78:src/system_stm32f4xx.c ****   *-----------------------------------------------------------------------------
  79:src/system_stm32f4xx.c ****   *        Flash Latency(WS)                      | 5
  80:src/system_stm32f4xx.c ****   *-----------------------------------------------------------------------------
  81:src/system_stm32f4xx.c ****   *        Prefetch Buffer                        | OFF
  82:src/system_stm32f4xx.c ****   *-----------------------------------------------------------------------------
  83:src/system_stm32f4xx.c ****   *        Instruction cache                      | ON
  84:src/system_stm32f4xx.c ****   *-----------------------------------------------------------------------------
  85:src/system_stm32f4xx.c ****   *        Data cache                             | ON
  86:src/system_stm32f4xx.c ****   *-----------------------------------------------------------------------------
  87:src/system_stm32f4xx.c ****   *        Require 48MHz for USB OTG FS,          | Enabled
  88:src/system_stm32f4xx.c ****   *        SDIO and RNG clock                     |
  89:src/system_stm32f4xx.c ****   *-----------------------------------------------------------------------------
  90:src/system_stm32f4xx.c ****   *=============================================================================
  91:src/system_stm32f4xx.c ****   ****************************************************************************** 
  92:src/system_stm32f4xx.c ****   * @attention
  93:src/system_stm32f4xx.c ****   *
  94:src/system_stm32f4xx.c ****   * THE PRESENT FIRMWARE WHICH IS FOR GUIDANCE ONLY AIMS AT PROVIDING CUSTOMERS
  95:src/system_stm32f4xx.c ****   * WITH CODING INFORMATION REGARDING THEIR PRODUCTS IN ORDER FOR THEM TO SAVE
  96:src/system_stm32f4xx.c ****   * TIME. AS A RESULT, STMICROELECTRONICS SHALL NOT BE HELD LIABLE FOR ANY
  97:src/system_stm32f4xx.c ****   * DIRECT, INDIRECT OR CONSEQUENTIAL DAMAGES WITH RESPECT TO ANY CLAIMS ARISING
  98:src/system_stm32f4xx.c ****   * FROM THE CONTENT OF SUCH FIRMWARE AND/OR THE USE MADE BY CUSTOMERS OF THE
  99:src/system_stm32f4xx.c ****   * CODING INFORMATION CONTAINED HEREIN IN CONNECTION WITH THEIR PRODUCTS.
 100:src/system_stm32f4xx.c ****   *
 101:src/system_stm32f4xx.c ****   * <h2><center>&copy; COPYRIGHT 2011 STMicroelectronics</center></h2>
 102:src/system_stm32f4xx.c ****   ******************************************************************************
 103:src/system_stm32f4xx.c ****   */
 104:src/system_stm32f4xx.c **** 
 105:src/system_stm32f4xx.c **** /** @addtogroup CMSIS
 106:src/system_stm32f4xx.c ****   * @{
 107:src/system_stm32f4xx.c ****   */
 108:src/system_stm32f4xx.c **** 
 109:src/system_stm32f4xx.c **** /** @addtogroup stm32f4xx_system
 110:src/system_stm32f4xx.c ****   * @{
 111:src/system_stm32f4xx.c ****   */  
 112:src/system_stm32f4xx.c ****   
 113:src/system_stm32f4xx.c **** /** @addtogroup STM32F4xx_System_Private_Includes
 114:src/system_stm32f4xx.c ****   * @{
 115:src/system_stm32f4xx.c ****   */
 116:src/system_stm32f4xx.c **** 
 117:src/system_stm32f4xx.c **** #include "stm32f4xx.h"
 118:src/system_stm32f4xx.c **** 
 119:src/system_stm32f4xx.c **** /**
 120:src/system_stm32f4xx.c ****   * @}
 121:src/system_stm32f4xx.c ****   */
 122:src/system_stm32f4xx.c **** 
 123:src/system_stm32f4xx.c **** /** @addtogroup STM32F4xx_System_Private_TypesDefinitions
 124:src/system_stm32f4xx.c ****   * @{
 125:src/system_stm32f4xx.c ****   */
 126:src/system_stm32f4xx.c **** 
 127:src/system_stm32f4xx.c **** /**
 128:src/system_stm32f4xx.c ****   * @}
 129:src/system_stm32f4xx.c ****   */
 130:src/system_stm32f4xx.c **** 
 131:src/system_stm32f4xx.c **** /** @addtogroup STM32F4xx_System_Private_Defines
 132:src/system_stm32f4xx.c ****   * @{
 133:src/system_stm32f4xx.c ****   */
 134:src/system_stm32f4xx.c **** 
 135:src/system_stm32f4xx.c **** /*!< Uncomment the following line if you need to use external SRAM mounted
 136:src/system_stm32f4xx.c ****      on STM324xG_EVAL board as data memory  */
 137:src/system_stm32f4xx.c **** /* #define DATA_IN_ExtSRAM */
 138:src/system_stm32f4xx.c **** 
 139:src/system_stm32f4xx.c **** /*!< Uncomment the following line if you need to relocate your vector Table in
 140:src/system_stm32f4xx.c ****      Internal SRAM. */
 141:src/system_stm32f4xx.c **** /* #define VECT_TAB_SRAM */
 142:src/system_stm32f4xx.c **** #define VECT_TAB_OFFSET  0x00 /*!< Vector Table base offset field. 
 143:src/system_stm32f4xx.c ****                                    This value must be a multiple of 0x200. */
 144:src/system_stm32f4xx.c **** 
 145:src/system_stm32f4xx.c **** 
 146:src/system_stm32f4xx.c **** /* PLL_VCO = (HSE_VALUE or HSI_VALUE / PLL_M) * PLL_N */
 147:src/system_stm32f4xx.c **** #define PLL_M      8
 148:src/system_stm32f4xx.c **** #define PLL_N      336
 149:src/system_stm32f4xx.c **** 
 150:src/system_stm32f4xx.c **** /* SYSCLK = PLL_VCO / PLL_P */
 151:src/system_stm32f4xx.c **** #define PLL_P      2
 152:src/system_stm32f4xx.c **** 
 153:src/system_stm32f4xx.c **** /* USB OTG FS, SDIO and RNG Clock =  PLL_VCO / PLLQ */
 154:src/system_stm32f4xx.c **** #define PLL_Q      7
 155:src/system_stm32f4xx.c **** 
 156:src/system_stm32f4xx.c **** /* PLLI2S_VCO = (HSE_VALUE Or HSI_VALUE / PLL_M) * PLLI2S_N
 157:src/system_stm32f4xx.c ****    I2SCLK = PLLI2S_VCO / PLLI2S_R */
 158:src/system_stm32f4xx.c **** #define PLLI2S_N   192
 159:src/system_stm32f4xx.c **** #define PLLI2S_R   5
 160:src/system_stm32f4xx.c **** 
 161:src/system_stm32f4xx.c **** /**
 162:src/system_stm32f4xx.c ****   * @}
 163:src/system_stm32f4xx.c ****   */
 164:src/system_stm32f4xx.c **** 
 165:src/system_stm32f4xx.c **** /** @addtogroup STM32F4xx_System_Private_Macros
 166:src/system_stm32f4xx.c ****   * @{
 167:src/system_stm32f4xx.c ****   */
 168:src/system_stm32f4xx.c **** 
 169:src/system_stm32f4xx.c **** /**
 170:src/system_stm32f4xx.c ****   * @}
 171:src/system_stm32f4xx.c ****   */
 172:src/system_stm32f4xx.c **** 
 173:src/system_stm32f4xx.c **** /** @addtogroup STM32F4xx_System_Private_Variables
 174:src/system_stm32f4xx.c ****   * @{
 175:src/system_stm32f4xx.c ****   */
 176:src/system_stm32f4xx.c **** 
 177:src/system_stm32f4xx.c ****   uint32_t SystemCoreClock = 168000000;
 178:src/system_stm32f4xx.c **** 
 179:src/system_stm32f4xx.c ****   __I uint8_t AHBPrescTable[16] = {0, 0, 0, 0, 0, 0, 0, 0, 1, 2, 3, 4, 6, 7, 8, 9};
 180:src/system_stm32f4xx.c **** 
 181:src/system_stm32f4xx.c **** /**
 182:src/system_stm32f4xx.c ****   * @}
 183:src/system_stm32f4xx.c ****   */
 184:src/system_stm32f4xx.c **** 
 185:src/system_stm32f4xx.c **** /** @addtogroup STM32F4xx_System_Private_FunctionPrototypes
 186:src/system_stm32f4xx.c ****   * @{
 187:src/system_stm32f4xx.c ****   */
 188:src/system_stm32f4xx.c **** 
 189:src/system_stm32f4xx.c **** static void SetSysClock(void);
 190:src/system_stm32f4xx.c **** #ifdef DATA_IN_ExtSRAM
 191:src/system_stm32f4xx.c ****   static void SystemInit_ExtMemCtl(void); 
 192:src/system_stm32f4xx.c **** #endif /* DATA_IN_ExtSRAM */
 193:src/system_stm32f4xx.c **** 
 194:src/system_stm32f4xx.c **** /**
 195:src/system_stm32f4xx.c ****   * @}
 196:src/system_stm32f4xx.c ****   */
 197:src/system_stm32f4xx.c **** 
 198:src/system_stm32f4xx.c **** /** @addtogroup STM32F4xx_System_Private_Functions
 199:src/system_stm32f4xx.c ****   * @{
 200:src/system_stm32f4xx.c ****   */
 201:src/system_stm32f4xx.c **** 
 202:src/system_stm32f4xx.c **** /**
 203:src/system_stm32f4xx.c ****   * @brief  Setup the microcontroller system
 204:src/system_stm32f4xx.c ****   *         Initialize the Embedded Flash Interface, the PLL and update the 
 205:src/system_stm32f4xx.c ****   *         SystemFrequency variable.
 206:src/system_stm32f4xx.c ****   * @param  None
 207:src/system_stm32f4xx.c ****   * @retval None
 208:src/system_stm32f4xx.c ****   */
 209:src/system_stm32f4xx.c **** void SystemInit(void)
 210:src/system_stm32f4xx.c **** {
  62              		.loc 1 210 0
  63              		.cfi_startproc
  64              		@ args = 0, pretend = 0, frame = 0
  65              		@ frame_needed = 1, uses_anonymous_args = 0
  66 0000 80B5     		push	{r7, lr}
  67              	.LCFI0:
  68              		.cfi_def_cfa_offset 8
  69 0002 00AF     		add	r7, sp, #0
  70              		.cfi_offset 14, -4
  71              		.cfi_offset 7, -8
  72              	.LCFI1:
  73              		.cfi_def_cfa_register 7
 211:src/system_stm32f4xx.c ****   /* Reset the RCC clock configuration to the default reset state ------------*/
 212:src/system_stm32f4xx.c ****   /* Set HSION bit */
 213:src/system_stm32f4xx.c ****   RCC->CR |= (uint32_t)0x00000001;
  74              		.loc 1 213 0
  75 0004 124B     		ldr	r3, .L2
  76 0006 124A     		ldr	r2, .L2
  77 0008 1268     		ldr	r2, [r2, #0]
  78 000a 42F00102 		orr	r2, r2, #1
  79 000e 1A60     		str	r2, [r3, #0]
 214:src/system_stm32f4xx.c **** 
 215:src/system_stm32f4xx.c ****   /* Reset CFGR register */
 216:src/system_stm32f4xx.c ****   RCC->CFGR = 0x00000000;
  80              		.loc 1 216 0
  81 0010 0F4B     		ldr	r3, .L2
  82 0012 4FF00002 		mov	r2, #0
  83 0016 9A60     		str	r2, [r3, #8]
 217:src/system_stm32f4xx.c **** 
 218:src/system_stm32f4xx.c ****   /* Reset HSEON, CSSON and PLLON bits */
 219:src/system_stm32f4xx.c ****   RCC->CR &= (uint32_t)0xFEF6FFFF;
  84              		.loc 1 219 0
  85 0018 0D4A     		ldr	r2, .L2
  86 001a 0D4B     		ldr	r3, .L2
  87 001c 1B68     		ldr	r3, [r3, #0]
  88 001e 23F08473 		bic	r3, r3, #17301504
  89 0022 23F48033 		bic	r3, r3, #65536
  90 0026 1360     		str	r3, [r2, #0]
 220:src/system_stm32f4xx.c **** 
 221:src/system_stm32f4xx.c ****   /* Reset PLLCFGR register */
 222:src/system_stm32f4xx.c ****   RCC->PLLCFGR = 0x24003010;
  91              		.loc 1 222 0
  92 0028 094B     		ldr	r3, .L2
  93 002a 0A4A     		ldr	r2, .L2+4
  94 002c 5A60     		str	r2, [r3, #4]
 223:src/system_stm32f4xx.c **** 
 224:src/system_stm32f4xx.c ****   /* Reset HSEBYP bit */
 225:src/system_stm32f4xx.c ****   RCC->CR &= (uint32_t)0xFFFBFFFF;
  95              		.loc 1 225 0
  96 002e 084B     		ldr	r3, .L2
  97 0030 074A     		ldr	r2, .L2
  98 0032 1268     		ldr	r2, [r2, #0]
  99 0034 22F48022 		bic	r2, r2, #262144
 100 0038 1A60     		str	r2, [r3, #0]
 226:src/system_stm32f4xx.c **** 
 227:src/system_stm32f4xx.c ****   /* Disable all interrupts */
 228:src/system_stm32f4xx.c ****   RCC->CIR = 0x00000000;
 101              		.loc 1 228 0
 102 003a 054B     		ldr	r3, .L2
 103 003c 4FF00002 		mov	r2, #0
 104 0040 DA60     		str	r2, [r3, #12]
 229:src/system_stm32f4xx.c **** 
 230:src/system_stm32f4xx.c **** #ifdef DATA_IN_ExtSRAM
 231:src/system_stm32f4xx.c ****   SystemInit_ExtMemCtl(); 
 232:src/system_stm32f4xx.c **** #endif /* DATA_IN_ExtSRAM */
 233:src/system_stm32f4xx.c ****          
 234:src/system_stm32f4xx.c ****   /* Configure the System clock source, PLL Multiplier and Divider factors, 
 235:src/system_stm32f4xx.c ****      AHB/APBx prescalers and Flash settings ----------------------------------*/
 236:src/system_stm32f4xx.c ****   SetSysClock();
 105              		.loc 1 236 0
 106 0042 FFF7FEFF 		bl	SetSysClock
 237:src/system_stm32f4xx.c **** 
 238:src/system_stm32f4xx.c ****   /* Configure the Vector Table location add offset address ------------------*/
 239:src/system_stm32f4xx.c **** #ifdef VECT_TAB_SRAM
 240:src/system_stm32f4xx.c ****   SCB->VTOR = SRAM_BASE | VECT_TAB_OFFSET; /* Vector Table Relocation in Internal SRAM */
 241:src/system_stm32f4xx.c **** #else
 242:src/system_stm32f4xx.c ****   SCB->VTOR = FLASH_BASE | VECT_TAB_OFFSET; /* Vector Table Relocation in Internal FLASH */
 107              		.loc 1 242 0
 108 0046 044B     		ldr	r3, .L2+8
 109 0048 4FF00062 		mov	r2, #134217728
 110 004c 9A60     		str	r2, [r3, #8]
 243:src/system_stm32f4xx.c **** #endif
 244:src/system_stm32f4xx.c **** }
 111              		.loc 1 244 0
 112 004e 80BD     		pop	{r7, pc}
 113              	.L3:
 114              		.align	2
 115              	.L2:
 116 0050 00380240 		.word	1073887232
 117 0054 10300024 		.word	603992080
 118 0058 00ED00E0 		.word	-536810240
 119              		.cfi_endproc
 120              	.LFE110:
 122              		.section	.text.SystemCoreClockUpdate,"ax",%progbits
 123              		.align	2
 124              		.global	SystemCoreClockUpdate
 125              		.thumb
 126              		.thumb_func
 128              	SystemCoreClockUpdate:
 129              	.LFB111:
 245:src/system_stm32f4xx.c **** 
 246:src/system_stm32f4xx.c **** /**
 247:src/system_stm32f4xx.c ****    * @brief  Update SystemCoreClock variable according to Clock Register Values.
 248:src/system_stm32f4xx.c ****   *         The SystemCoreClock variable contains the core clock (HCLK), it can
 249:src/system_stm32f4xx.c ****   *         be used by the user application to setup the SysTick timer or configure
 250:src/system_stm32f4xx.c ****   *         other parameters.
 251:src/system_stm32f4xx.c ****   *           
 252:src/system_stm32f4xx.c ****   * @note   Each time the core clock (HCLK) changes, this function must be called
 253:src/system_stm32f4xx.c ****   *         to update SystemCoreClock variable value. Otherwise, any configuration
 254:src/system_stm32f4xx.c ****   *         based on this variable will be incorrect.         
 255:src/system_stm32f4xx.c ****   *     
 256:src/system_stm32f4xx.c ****   * @note   - The system frequency computed by this function is not the real 
 257:src/system_stm32f4xx.c ****   *           frequency in the chip. It is calculated based on the predefined 
 258:src/system_stm32f4xx.c ****   *           constant and the selected clock source:
 259:src/system_stm32f4xx.c ****   *             
 260:src/system_stm32f4xx.c ****   *           - If SYSCLK source is HSI, SystemCoreClock will contain the HSI_VALUE(*)
 261:src/system_stm32f4xx.c ****   *                                              
 262:src/system_stm32f4xx.c ****   *           - If SYSCLK source is HSE, SystemCoreClock will contain the HSE_VALUE(**)
 263:src/system_stm32f4xx.c ****   *                          
 264:src/system_stm32f4xx.c ****   *           - If SYSCLK source is PLL, SystemCoreClock will contain the HSE_VALUE(**) 
 265:src/system_stm32f4xx.c ****   *             or HSI_VALUE(*) multiplied/divided by the PLL factors.
 266:src/system_stm32f4xx.c ****   *         
 267:src/system_stm32f4xx.c ****   *         (*) HSI_VALUE is a constant defined in stm32f4xx.h file (default value
 268:src/system_stm32f4xx.c ****   *             16 MHz) but the real value may vary depending on the variations
 269:src/system_stm32f4xx.c ****   *             in voltage and temperature.   
 270:src/system_stm32f4xx.c ****   *    
 271:src/system_stm32f4xx.c ****   *         (**) HSE_VALUE is a constant defined in stm32f4xx.h file (default value
 272:src/system_stm32f4xx.c ****   *              25 MHz), user has to ensure that HSE_VALUE is same as the real
 273:src/system_stm32f4xx.c ****   *              frequency of the crystal used. Otherwise, this function may
 274:src/system_stm32f4xx.c ****   *              have wrong result.
 275:src/system_stm32f4xx.c ****   *                
 276:src/system_stm32f4xx.c ****   *         - The result of this function could be not correct when using fractional
 277:src/system_stm32f4xx.c ****   *           value for HSE crystal.
 278:src/system_stm32f4xx.c ****   *     
 279:src/system_stm32f4xx.c ****   * @param  None
 280:src/system_stm32f4xx.c ****   * @retval None
 281:src/system_stm32f4xx.c ****   */
 282:src/system_stm32f4xx.c **** void SystemCoreClockUpdate(void)
 283:src/system_stm32f4xx.c **** {
 130              		.loc 1 283 0
 131              		.cfi_startproc
 132              		@ args = 0, pretend = 0, frame = 24
 133              		@ frame_needed = 1, uses_anonymous_args = 0
 134              		@ link register save eliminated.
 135 0000 80B4     		push	{r7}
 136              	.LCFI2:
 137              		.cfi_def_cfa_offset 4
 138 0002 87B0     		sub	sp, sp, #28
 139              	.LCFI3:
 140              		.cfi_def_cfa_offset 32
 141 0004 00AF     		add	r7, sp, #0
 142              		.cfi_offset 7, -4
 143              	.LCFI4:
 144              		.cfi_def_cfa_register 7
 284:src/system_stm32f4xx.c ****   uint32_t tmp = 0, pllvco = 0, pllp = 2, pllsource = 0, pllm = 2;
 145              		.loc 1 284 0
 146 0006 4FF00003 		mov	r3, #0
 147 000a 3B61     		str	r3, [r7, #16]
 148 000c 4FF00003 		mov	r3, #0
 149 0010 7B61     		str	r3, [r7, #20]
 150 0012 4FF00203 		mov	r3, #2
 151 0016 FB60     		str	r3, [r7, #12]
 152 0018 4FF00003 		mov	r3, #0
 153 001c BB60     		str	r3, [r7, #8]
 154 001e 4FF00203 		mov	r3, #2
 155 0022 7B60     		str	r3, [r7, #4]
 285:src/system_stm32f4xx.c ****   
 286:src/system_stm32f4xx.c ****   /* Get SYSCLK source -------------------------------------------------------*/
 287:src/system_stm32f4xx.c ****   tmp = RCC->CFGR & RCC_CFGR_SWS;
 156              		.loc 1 287 0
 157 0024 364B     		ldr	r3, .L13
 158 0026 9B68     		ldr	r3, [r3, #8]
 159 0028 03F00C03 		and	r3, r3, #12
 160 002c 3B61     		str	r3, [r7, #16]
 288:src/system_stm32f4xx.c **** 
 289:src/system_stm32f4xx.c ****   switch (tmp)
 161              		.loc 1 289 0
 162 002e 3B69     		ldr	r3, [r7, #16]
 163 0030 042B     		cmp	r3, #4
 164 0032 07D0     		beq	.L7
 165 0034 082B     		cmp	r3, #8
 166 0036 09D0     		beq	.L8
 167 0038 002B     		cmp	r3, #0
 168 003a 47D1     		bne	.L12
 169              	.L6:
 290:src/system_stm32f4xx.c ****   {
 291:src/system_stm32f4xx.c ****     case 0x00:  /* HSI used as system clock source */
 292:src/system_stm32f4xx.c ****       SystemCoreClock = HSI_VALUE;
 170              		.loc 1 292 0
 171 003c 314B     		ldr	r3, .L13+4
 172 003e 324A     		ldr	r2, .L13+8
 173 0040 1A60     		str	r2, [r3, #0]
 293:src/system_stm32f4xx.c ****       break;
 174              		.loc 1 293 0
 175 0042 47E0     		b	.L9
 176              	.L7:
 294:src/system_stm32f4xx.c ****     case 0x04:  /* HSE used as system clock source */
 295:src/system_stm32f4xx.c ****       SystemCoreClock = HSE_VALUE;
 177              		.loc 1 295 0
 178 0044 2F4B     		ldr	r3, .L13+4
 179 0046 314A     		ldr	r2, .L13+12
 180 0048 1A60     		str	r2, [r3, #0]
 296:src/system_stm32f4xx.c ****       break;
 181              		.loc 1 296 0
 182 004a 43E0     		b	.L9
 183              	.L8:
 297:src/system_stm32f4xx.c ****     case 0x08:  /* PLL used as system clock source */
 298:src/system_stm32f4xx.c **** 
 299:src/system_stm32f4xx.c ****       /* PLL_VCO = (HSE_VALUE or HSI_VALUE / PLL_M) * PLL_N
 300:src/system_stm32f4xx.c ****          SYSCLK = PLL_VCO / PLL_P
 301:src/system_stm32f4xx.c ****          */    
 302:src/system_stm32f4xx.c ****       pllsource = (RCC->PLLCFGR & RCC_PLLCFGR_PLLSRC) >> 22;
 184              		.loc 1 302 0
 185 004c 2C4B     		ldr	r3, .L13
 186 004e 5B68     		ldr	r3, [r3, #4]
 187 0050 03F48003 		and	r3, r3, #4194304
 188 0054 4FEA9353 		lsr	r3, r3, #22
 189 0058 BB60     		str	r3, [r7, #8]
 303:src/system_stm32f4xx.c ****       pllm = RCC->PLLCFGR & RCC_PLLCFGR_PLLM;
 190              		.loc 1 303 0
 191 005a 294B     		ldr	r3, .L13
 192 005c 5B68     		ldr	r3, [r3, #4]
 193 005e 03F03F03 		and	r3, r3, #63
 194 0062 7B60     		str	r3, [r7, #4]
 304:src/system_stm32f4xx.c ****       
 305:src/system_stm32f4xx.c ****       if (pllsource != 0)
 195              		.loc 1 305 0
 196 0064 BB68     		ldr	r3, [r7, #8]
 197 0066 002B     		cmp	r3, #0
 198 0068 0FD0     		beq	.L10
 306:src/system_stm32f4xx.c ****       {
 307:src/system_stm32f4xx.c ****         /* HSE used as PLL clock source */
 308:src/system_stm32f4xx.c ****         pllvco = (HSE_VALUE / pllm) * ((RCC->PLLCFGR & RCC_PLLCFGR_PLLN) >> 6);
 199              		.loc 1 308 0
 200 006a 284A     		ldr	r2, .L13+12
 201 006c 7B68     		ldr	r3, [r7, #4]
 202 006e B2FBF3F2 		udiv	r2, r2, r3
 203 0072 234B     		ldr	r3, .L13
 204 0074 5968     		ldr	r1, [r3, #4]
 205 0076 47F6C073 		movw	r3, #32704
 206 007a 01EA0303 		and	r3, r1, r3
 207 007e 4FEA9313 		lsr	r3, r3, #6
 208 0082 03FB02F3 		mul	r3, r3, r2
 209 0086 7B61     		str	r3, [r7, #20]
 210 0088 0EE0     		b	.L11
 211              	.L10:
 309:src/system_stm32f4xx.c ****       }
 310:src/system_stm32f4xx.c ****       else
 311:src/system_stm32f4xx.c ****       {
 312:src/system_stm32f4xx.c ****         /* HSI used as PLL clock source */
 313:src/system_stm32f4xx.c ****         pllvco = (HSI_VALUE / pllm) * ((RCC->PLLCFGR & RCC_PLLCFGR_PLLN) >> 6);      
 212              		.loc 1 313 0
 213 008a 1F4A     		ldr	r2, .L13+8
 214 008c 7B68     		ldr	r3, [r7, #4]
 215 008e B2FBF3F2 		udiv	r2, r2, r3
 216 0092 1B4B     		ldr	r3, .L13
 217 0094 5968     		ldr	r1, [r3, #4]
 218 0096 47F6C073 		movw	r3, #32704
 219 009a 01EA0303 		and	r3, r1, r3
 220 009e 4FEA9313 		lsr	r3, r3, #6
 221 00a2 03FB02F3 		mul	r3, r3, r2
 222 00a6 7B61     		str	r3, [r7, #20]
 223              	.L11:
 314:src/system_stm32f4xx.c ****       }
 315:src/system_stm32f4xx.c **** 
 316:src/system_stm32f4xx.c ****       pllp = (((RCC->PLLCFGR & RCC_PLLCFGR_PLLP) >>16) + 1 ) *2;
 224              		.loc 1 316 0
 225 00a8 154B     		ldr	r3, .L13
 226 00aa 5B68     		ldr	r3, [r3, #4]
 227 00ac 03F44033 		and	r3, r3, #196608
 228 00b0 4FEA1343 		lsr	r3, r3, #16
 229 00b4 03F10103 		add	r3, r3, #1
 230 00b8 4FEA4303 		lsl	r3, r3, #1
 231 00bc FB60     		str	r3, [r7, #12]
 317:src/system_stm32f4xx.c ****       SystemCoreClock = pllvco/pllp;
 232              		.loc 1 317 0
 233 00be 7A69     		ldr	r2, [r7, #20]
 234 00c0 FB68     		ldr	r3, [r7, #12]
 235 00c2 B2FBF3F2 		udiv	r2, r2, r3
 236 00c6 0F4B     		ldr	r3, .L13+4
 237 00c8 1A60     		str	r2, [r3, #0]
 318:src/system_stm32f4xx.c ****       break;
 238              		.loc 1 318 0
 239 00ca 03E0     		b	.L9
 240              	.L12:
 319:src/system_stm32f4xx.c ****     default:
 320:src/system_stm32f4xx.c ****       SystemCoreClock = HSI_VALUE;
 241              		.loc 1 320 0
 242 00cc 0D4B     		ldr	r3, .L13+4
 243 00ce 0E4A     		ldr	r2, .L13+8
 244 00d0 1A60     		str	r2, [r3, #0]
 321:src/system_stm32f4xx.c ****       break;
 245              		.loc 1 321 0
 246 00d2 00BF     		nop
 247              	.L9:
 322:src/system_stm32f4xx.c ****   }
 323:src/system_stm32f4xx.c ****   /* Compute HCLK frequency --------------------------------------------------*/
 324:src/system_stm32f4xx.c ****   /* Get HCLK prescaler */
 325:src/system_stm32f4xx.c ****   tmp = AHBPrescTable[((RCC->CFGR & RCC_CFGR_HPRE) >> 4)];
 248              		.loc 1 325 0
 249 00d4 0A4B     		ldr	r3, .L13
 250 00d6 9B68     		ldr	r3, [r3, #8]
 251 00d8 03F0F003 		and	r3, r3, #240
 252 00dc 4FEA1313 		lsr	r3, r3, #4
 253 00e0 0B4A     		ldr	r2, .L13+16
 254 00e2 D35C     		ldrb	r3, [r2, r3]
 255 00e4 DBB2     		uxtb	r3, r3
 256 00e6 3B61     		str	r3, [r7, #16]
 326:src/system_stm32f4xx.c ****   /* HCLK frequency */
 327:src/system_stm32f4xx.c ****   SystemCoreClock >>= tmp;
 257              		.loc 1 327 0
 258 00e8 064B     		ldr	r3, .L13+4
 259 00ea 1A68     		ldr	r2, [r3, #0]
 260 00ec 3B69     		ldr	r3, [r7, #16]
 261 00ee 22FA03F2 		lsr	r2, r2, r3
 262 00f2 044B     		ldr	r3, .L13+4
 263 00f4 1A60     		str	r2, [r3, #0]
 328:src/system_stm32f4xx.c **** }
 264              		.loc 1 328 0
 265 00f6 07F11C07 		add	r7, r7, #28
 266 00fa BD46     		mov	sp, r7
 267 00fc 80BC     		pop	{r7}
 268 00fe 7047     		bx	lr
 269              	.L14:
 270              		.align	2
 271              	.L13:
 272 0100 00380240 		.word	1073887232
 273 0104 00000000 		.word	SystemCoreClock
 274 0108 0024F400 		.word	16000000
 275 010c 00127A00 		.word	8000000
 276 0110 00000000 		.word	AHBPrescTable
 277              		.cfi_endproc
 278              	.LFE111:
 280              		.section	.text.SetSysClock,"ax",%progbits
 281              		.align	2
 282              		.thumb
 283              		.thumb_func
 285              	SetSysClock:
 286              	.LFB112:
 329:src/system_stm32f4xx.c **** 
 330:src/system_stm32f4xx.c **** /**
 331:src/system_stm32f4xx.c ****   * @brief  Configures the System clock source, PLL Multiplier and Divider factors, 
 332:src/system_stm32f4xx.c ****   *         AHB/APBx prescalers and Flash settings
 333:src/system_stm32f4xx.c ****   * @Note   This function should be called only once the RCC clock configuration  
 334:src/system_stm32f4xx.c ****   *         is reset to the default reset state (done in SystemInit() function).   
 335:src/system_stm32f4xx.c ****   * @param  None
 336:src/system_stm32f4xx.c ****   * @retval None
 337:src/system_stm32f4xx.c ****   */
 338:src/system_stm32f4xx.c **** static void SetSysClock(void)
 339:src/system_stm32f4xx.c **** {
 287              		.loc 1 339 0
 288              		.cfi_startproc
 289              		@ args = 0, pretend = 0, frame = 8
 290              		@ frame_needed = 1, uses_anonymous_args = 0
 291              		@ link register save eliminated.
 292 0000 80B4     		push	{r7}
 293              	.LCFI5:
 294              		.cfi_def_cfa_offset 4
 295 0002 83B0     		sub	sp, sp, #12
 296              	.LCFI6:
 297              		.cfi_def_cfa_offset 16
 298 0004 00AF     		add	r7, sp, #0
 299              		.cfi_offset 7, -4
 300              	.LCFI7:
 301              		.cfi_def_cfa_register 7
 340:src/system_stm32f4xx.c **** /******************************************************************************/
 341:src/system_stm32f4xx.c **** /*            PLL (clocked by HSE) used as System clock source                */
 342:src/system_stm32f4xx.c **** /******************************************************************************/
 343:src/system_stm32f4xx.c ****   __IO uint32_t StartUpCounter = 0, HSEStatus = 0;
 302              		.loc 1 343 0
 303 0006 4FF00003 		mov	r3, #0
 304 000a 7B60     		str	r3, [r7, #4]
 305 000c 4FF00003 		mov	r3, #0
 306 0010 3B60     		str	r3, [r7, #0]
 344:src/system_stm32f4xx.c ****   
 345:src/system_stm32f4xx.c ****   /* Enable HSE */
 346:src/system_stm32f4xx.c ****   RCC->CR |= ((uint32_t)RCC_CR_HSEON);
 307              		.loc 1 346 0
 308 0012 424B     		ldr	r3, .L24
 309 0014 414A     		ldr	r2, .L24
 310 0016 1268     		ldr	r2, [r2, #0]
 311 0018 42F48032 		orr	r2, r2, #65536
 312 001c 1A60     		str	r2, [r3, #0]
 313              	.L17:
 347:src/system_stm32f4xx.c ****  
 348:src/system_stm32f4xx.c ****   /* Wait till HSE is ready and if Time out is reached exit */
 349:src/system_stm32f4xx.c ****   do
 350:src/system_stm32f4xx.c ****   {
 351:src/system_stm32f4xx.c ****     HSEStatus = RCC->CR & RCC_CR_HSERDY;
 314              		.loc 1 351 0 discriminator 1
 315 001e 3F4B     		ldr	r3, .L24
 316 0020 1B68     		ldr	r3, [r3, #0]
 317 0022 03F40033 		and	r3, r3, #131072
 318 0026 3B60     		str	r3, [r7, #0]
 352:src/system_stm32f4xx.c ****     StartUpCounter++;
 319              		.loc 1 352 0 discriminator 1
 320 0028 7B68     		ldr	r3, [r7, #4]
 321 002a 03F10103 		add	r3, r3, #1
 322 002e 7B60     		str	r3, [r7, #4]
 353:src/system_stm32f4xx.c ****   } while((HSEStatus == 0) && (StartUpCounter != HSE_STARTUP_TIMEOUT));
 323              		.loc 1 353 0 discriminator 1
 324 0030 3B68     		ldr	r3, [r7, #0]
 325 0032 002B     		cmp	r3, #0
 326 0034 03D1     		bne	.L16
 327 0036 7B68     		ldr	r3, [r7, #4]
 328 0038 B3F5A06F 		cmp	r3, #1280
 329 003c EFD1     		bne	.L17
 330              	.L16:
 354:src/system_stm32f4xx.c **** 
 355:src/system_stm32f4xx.c ****   if ((RCC->CR & RCC_CR_HSERDY) != RESET)
 331              		.loc 1 355 0
 332 003e 374B     		ldr	r3, .L24
 333 0040 1B68     		ldr	r3, [r3, #0]
 334 0042 03F40033 		and	r3, r3, #131072
 335 0046 002B     		cmp	r3, #0
 336 0048 03D0     		beq	.L18
 356:src/system_stm32f4xx.c ****   {
 357:src/system_stm32f4xx.c ****     HSEStatus = (uint32_t)0x01;
 337              		.loc 1 357 0
 338 004a 4FF00103 		mov	r3, #1
 339 004e 3B60     		str	r3, [r7, #0]
 340 0050 02E0     		b	.L19
 341              	.L18:
 358:src/system_stm32f4xx.c ****   }
 359:src/system_stm32f4xx.c ****   else
 360:src/system_stm32f4xx.c ****   {
 361:src/system_stm32f4xx.c ****     HSEStatus = (uint32_t)0x00;
 342              		.loc 1 361 0
 343 0052 4FF00003 		mov	r3, #0
 344 0056 3B60     		str	r3, [r7, #0]
 345              	.L19:
 362:src/system_stm32f4xx.c ****   }
 363:src/system_stm32f4xx.c **** 
 364:src/system_stm32f4xx.c ****   if (HSEStatus == (uint32_t)0x01)
 346              		.loc 1 364 0
 347 0058 3B68     		ldr	r3, [r7, #0]
 348 005a 012B     		cmp	r3, #1
 349 005c 42D1     		bne	.L20
 365:src/system_stm32f4xx.c ****   {
 366:src/system_stm32f4xx.c ****     /* Enable high performance mode, System frequency up to 168 MHz */
 367:src/system_stm32f4xx.c ****     RCC->APB1ENR |= RCC_APB1ENR_PWREN;
 350              		.loc 1 367 0
 351 005e 2F4B     		ldr	r3, .L24
 352 0060 2E4A     		ldr	r2, .L24
 353 0062 126C     		ldr	r2, [r2, #64]
 354 0064 42F08052 		orr	r2, r2, #268435456
 355 0068 1A64     		str	r2, [r3, #64]
 368:src/system_stm32f4xx.c ****     PWR->CR |= PWR_CR_PMODE;  
 356              		.loc 1 368 0
 357 006a 2D4B     		ldr	r3, .L24+4
 358 006c 2C4A     		ldr	r2, .L24+4
 359 006e 1268     		ldr	r2, [r2, #0]
 360 0070 42F48042 		orr	r2, r2, #16384
 361 0074 1A60     		str	r2, [r3, #0]
 369:src/system_stm32f4xx.c **** 
 370:src/system_stm32f4xx.c ****     /* HCLK = SYSCLK / 1*/
 371:src/system_stm32f4xx.c ****     RCC->CFGR |= RCC_CFGR_HPRE_DIV1;
 362              		.loc 1 371 0
 363 0076 294B     		ldr	r3, .L24
 364 0078 284A     		ldr	r2, .L24
 365 007a 9268     		ldr	r2, [r2, #8]
 366 007c 9A60     		str	r2, [r3, #8]
 372:src/system_stm32f4xx.c ****       
 373:src/system_stm32f4xx.c ****     /* PCLK2 = HCLK / 2*/
 374:src/system_stm32f4xx.c ****     RCC->CFGR |= RCC_CFGR_PPRE2_DIV2;
 367              		.loc 1 374 0
 368 007e 274B     		ldr	r3, .L24
 369 0080 264A     		ldr	r2, .L24
 370 0082 9268     		ldr	r2, [r2, #8]
 371 0084 42F40042 		orr	r2, r2, #32768
 372 0088 9A60     		str	r2, [r3, #8]
 375:src/system_stm32f4xx.c ****     
 376:src/system_stm32f4xx.c ****     /* PCLK1 = HCLK / 4*/
 377:src/system_stm32f4xx.c ****     RCC->CFGR |= RCC_CFGR_PPRE1_DIV4;
 373              		.loc 1 377 0
 374 008a 244B     		ldr	r3, .L24
 375 008c 234A     		ldr	r2, .L24
 376 008e 9268     		ldr	r2, [r2, #8]
 377 0090 42F4A052 		orr	r2, r2, #5120
 378 0094 9A60     		str	r2, [r3, #8]
 378:src/system_stm32f4xx.c **** 
 379:src/system_stm32f4xx.c ****     /* Configure the main PLL */
 380:src/system_stm32f4xx.c ****     RCC->PLLCFGR = PLL_M | (PLL_N << 6) | (((PLL_P >> 1) -1) << 16) |
 379              		.loc 1 380 0
 380 0096 214B     		ldr	r3, .L24
 381 0098 224A     		ldr	r2, .L24+8
 382 009a 5A60     		str	r2, [r3, #4]
 381:src/system_stm32f4xx.c ****                    (RCC_PLLCFGR_PLLSRC_HSE) | (PLL_Q << 24);
 382:src/system_stm32f4xx.c **** 
 383:src/system_stm32f4xx.c ****     /* Enable the main PLL */
 384:src/system_stm32f4xx.c ****     RCC->CR |= RCC_CR_PLLON;
 383              		.loc 1 384 0
 384 009c 1F4B     		ldr	r3, .L24
 385 009e 1F4A     		ldr	r2, .L24
 386 00a0 1268     		ldr	r2, [r2, #0]
 387 00a2 42F08072 		orr	r2, r2, #16777216
 388 00a6 1A60     		str	r2, [r3, #0]
 385:src/system_stm32f4xx.c **** 
 386:src/system_stm32f4xx.c ****     /* Wait till the main PLL is ready */
 387:src/system_stm32f4xx.c ****     while((RCC->CR & RCC_CR_PLLRDY) == 0)
 389              		.loc 1 387 0
 390 00a8 00BF     		nop
 391              	.L21:
 392              		.loc 1 387 0 is_stmt 0 discriminator 1
 393 00aa 1C4B     		ldr	r3, .L24
 394 00ac 1B68     		ldr	r3, [r3, #0]
 395 00ae 03F00073 		and	r3, r3, #33554432
 396 00b2 002B     		cmp	r3, #0
 397 00b4 F9D0     		beq	.L21
 388:src/system_stm32f4xx.c ****     {
 389:src/system_stm32f4xx.c ****     }
 390:src/system_stm32f4xx.c ****    
 391:src/system_stm32f4xx.c ****     /* Configure Flash prefetch, Instruction cache, Data cache and wait state */
 392:src/system_stm32f4xx.c ****     FLASH->ACR = FLASH_ACR_ICEN |FLASH_ACR_DCEN |FLASH_ACR_LATENCY_5WS;
 398              		.loc 1 392 0 is_stmt 1
 399 00b6 1C4B     		ldr	r3, .L24+12
 400 00b8 40F20562 		movw	r2, #1541
 401 00bc 1A60     		str	r2, [r3, #0]
 393:src/system_stm32f4xx.c **** 
 394:src/system_stm32f4xx.c ****     /* Select the main PLL as system clock source */
 395:src/system_stm32f4xx.c ****     RCC->CFGR &= (uint32_t)((uint32_t)~(RCC_CFGR_SW));
 402              		.loc 1 395 0
 403 00be 174B     		ldr	r3, .L24
 404 00c0 164A     		ldr	r2, .L24
 405 00c2 9268     		ldr	r2, [r2, #8]
 406 00c4 22F00302 		bic	r2, r2, #3
 407 00c8 9A60     		str	r2, [r3, #8]
 396:src/system_stm32f4xx.c ****     RCC->CFGR |= RCC_CFGR_SW_PLL;
 408              		.loc 1 396 0
 409 00ca 144B     		ldr	r3, .L24
 410 00cc 134A     		ldr	r2, .L24
 411 00ce 9268     		ldr	r2, [r2, #8]
 412 00d0 42F00202 		orr	r2, r2, #2
 413 00d4 9A60     		str	r2, [r3, #8]
 397:src/system_stm32f4xx.c **** 
 398:src/system_stm32f4xx.c ****     /* Wait till the main PLL is used as system clock source */
 399:src/system_stm32f4xx.c ****     while ((RCC->CFGR & (uint32_t)RCC_CFGR_SWS ) != RCC_CFGR_SWS_PLL);
 414              		.loc 1 399 0
 415 00d6 00BF     		nop
 416              	.L22:
 417              		.loc 1 399 0 is_stmt 0 discriminator 1
 418 00d8 104B     		ldr	r3, .L24
 419 00da 9B68     		ldr	r3, [r3, #8]
 420 00dc 03F00C03 		and	r3, r3, #12
 421 00e0 082B     		cmp	r3, #8
 422 00e2 F9D1     		bne	.L22
 423              	.L20:
 400:src/system_stm32f4xx.c ****     {
 401:src/system_stm32f4xx.c ****     }
 402:src/system_stm32f4xx.c ****   }
 403:src/system_stm32f4xx.c ****   else
 404:src/system_stm32f4xx.c ****   { /* If HSE fails to start-up, the application will have wrong clock
 405:src/system_stm32f4xx.c ****          configuration. User can add here some code to deal with this error */
 406:src/system_stm32f4xx.c ****   }
 407:src/system_stm32f4xx.c **** 
 408:src/system_stm32f4xx.c **** /******************************************************************************/
 409:src/system_stm32f4xx.c **** /*                        I2S clock configuration                             */
 410:src/system_stm32f4xx.c **** /******************************************************************************/
 411:src/system_stm32f4xx.c ****   /* PLLI2S clock used as I2S clock source */
 412:src/system_stm32f4xx.c ****   RCC->CFGR &= ~RCC_CFGR_I2SSRC;
 424              		.loc 1 412 0 is_stmt 1
 425 00e4 0D4B     		ldr	r3, .L24
 426 00e6 0D4A     		ldr	r2, .L24
 427 00e8 9268     		ldr	r2, [r2, #8]
 428 00ea 22F40002 		bic	r2, r2, #8388608
 429 00ee 9A60     		str	r2, [r3, #8]
 413:src/system_stm32f4xx.c **** 
 414:src/system_stm32f4xx.c ****   /* Configure PLLI2S */
 415:src/system_stm32f4xx.c ****   RCC->PLLI2SCFGR = (PLLI2S_N << 6) | (PLLI2S_R << 28);
 430              		.loc 1 415 0
 431 00f0 0A4B     		ldr	r3, .L24
 432 00f2 0E4A     		ldr	r2, .L24+16
 433 00f4 C3F88420 		str	r2, [r3, #132]
 416:src/system_stm32f4xx.c **** 
 417:src/system_stm32f4xx.c ****   /* Enable PLLI2S */
 418:src/system_stm32f4xx.c ****   RCC->CR |= ((uint32_t)RCC_CR_PLLI2SON);
 434              		.loc 1 418 0
 435 00f8 084B     		ldr	r3, .L24
 436 00fa 084A     		ldr	r2, .L24
 437 00fc 1268     		ldr	r2, [r2, #0]
 438 00fe 42F08062 		orr	r2, r2, #67108864
 439 0102 1A60     		str	r2, [r3, #0]
 419:src/system_stm32f4xx.c **** 
 420:src/system_stm32f4xx.c ****   /* Wait till PLLI2S is ready */
 421:src/system_stm32f4xx.c ****   while((RCC->CR & RCC_CR_PLLI2SRDY) == 0)
 440              		.loc 1 421 0
 441 0104 00BF     		nop
 442              	.L23:
 443              		.loc 1 421 0 is_stmt 0 discriminator 1
 444 0106 054B     		ldr	r3, .L24
 445 0108 1B68     		ldr	r3, [r3, #0]
 446 010a 03F00063 		and	r3, r3, #134217728
 447 010e 002B     		cmp	r3, #0
 448 0110 F9D0     		beq	.L23
 422:src/system_stm32f4xx.c ****   {
 423:src/system_stm32f4xx.c ****   }
 424:src/system_stm32f4xx.c **** }
 449              		.loc 1 424 0 is_stmt 1
 450 0112 07F10C07 		add	r7, r7, #12
 451 0116 BD46     		mov	sp, r7
 452 0118 80BC     		pop	{r7}
 453 011a 7047     		bx	lr
 454              	.L25:
 455              		.align	2
 456              	.L24:
 457 011c 00380240 		.word	1073887232
 458 0120 00700040 		.word	1073770496
 459 0124 08544007 		.word	121656328
 460 0128 003C0240 		.word	1073888256
 461 012c 00300050 		.word	1342189568
 462              		.cfi_endproc
 463              	.LFE112:
 465              		.text
 466              	.Letext0:
DEFINED SYMBOLS
                            *ABS*:00000000 system_stm32f4xx.c
     /tmp/ccy8E89i.s:29     .data.SystemCoreClock:00000000 SystemCoreClock
     /tmp/ccy8E89i.s:26     .data.SystemCoreClock:00000000 $d
     /tmp/ccy8E89i.s:36     .data.AHBPrescTable:00000000 AHBPrescTable
     /tmp/ccy8E89i.s:33     .data.AHBPrescTable:00000000 $d
     /tmp/ccy8E89i.s:54     .text.SystemInit:00000000 $t
     /tmp/ccy8E89i.s:59     .text.SystemInit:00000000 SystemInit
     /tmp/ccy8E89i.s:285    .text.SetSysClock:00000000 SetSysClock
     /tmp/ccy8E89i.s:116    .text.SystemInit:00000050 $d
     /tmp/ccy8E89i.s:123    .text.SystemCoreClockUpdate:00000000 $t
     /tmp/ccy8E89i.s:128    .text.SystemCoreClockUpdate:00000000 SystemCoreClockUpdate
     /tmp/ccy8E89i.s:272    .text.SystemCoreClockUpdate:00000100 $d
     /tmp/ccy8E89i.s:281    .text.SetSysClock:00000000 $t
     /tmp/ccy8E89i.s:457    .text.SetSysClock:0000011c $d
                     .debug_frame:00000010 $d

NO UNDEFINED SYMBOLS
